#
# There is insufficient memory for the Java Runtime Environment to continue.
# Native memory allocation (malloc) failed to allocate 1108656 bytes for Chunk::new
# Possible reasons:
#   The system is out of physical RAM or swap space
#   The process is running with CompressedOops enabled, and the Java Heap may be blocking the growth of the native heap
# Possible solutions:
#   Reduce memory load on the system
#   Increase physical memory or swap space
#   Check if swap backing store is full
#   Decrease Java heap size (-Xmx/-Xms)
#   Decrease number of Java threads
#   Decrease Java thread stack sizes (-Xss)
#   Set larger code cache with -XX:ReservedCodeCacheSize=
#   JVM is running with Unscaled Compressed Oops mode in which the Java heap is
#     placed in the first 4GB address space. The Java Heap base address is the
#     maximum limit for the native heap growth. Please use -XX:HeapBaseMinAddress
#     to set the Java Heap base and to place the Java Heap above 4GB virtual address.
# This output file may be truncated or incomplete.
#
#  Out of Memory Error (arena.cpp:189), pid=26404, tid=27304
#
# JRE version: Java(TM) SE Runtime Environment (17.0.10+11) (build 17.0.10+11-LTS-240)
# Java VM: Java HotSpot(TM) 64-Bit Server VM (17.0.10+11-LTS-240, mixed mode, sharing, tiered, compressed oops, compressed class ptrs, g1 gc, windows-amd64)
# No core dump will be written. Minidumps are not enabled by default on client versions of Windows
#

---------------  S U M M A R Y ------------

Command Line: org.jetbrains.kotlin.cli.jvm.K2JVMCompiler @D:\Atpar\ExpoPushNotifications2\node_modules\expo-application\android\build\20241017_683292081987536318.compiler.options

Host: Intel(R) Core(TM) i5-10300H CPU @ 2.50GHz, 8 cores, 7G,  Windows 11 , 64 bit Build 22621 (10.0.22621.3958)
Time: Thu Oct 17 17:11:17 2024 India Standard Time elapsed time: 10.122279 seconds (0d 0h 0m 10s)

---------------  T H R E A D  ---------------

Current thread (0x0000020366a6aec0):  JavaThread "C2 CompilerThread0" daemon [_thread_in_native, id=27304, stack(0x000000477ec00000,0x000000477ed00000)]


Current CompileTask:
C2:  10122 2452       4       jdk.internal.org.objectweb.asm.Frame::execute (2305 bytes)

Stack: [0x000000477ec00000,0x000000477ed00000]
Native frames: (J=compiled Java code, j=interpreted, Vv=VM code, C=native code)
V  [jvm.dll+0x677a5a]
V  [jvm.dll+0x7d8b2d]
V  [jvm.dll+0x7da48e]
V  [jvm.dll+0x7daaf3]
V  [jvm.dll+0x2455ff]
V  [jvm.dll+0xaaafb]
V  [jvm.dll+0xab09c]
V  [jvm.dll+0x361b5f]
V  [jvm.dll+0x1bb3ca]
V  [jvm.dll+0x217aa7]
V  [jvm.dll+0x216d81]
V  [jvm.dll+0x1a3410]
V  [jvm.dll+0x226aeb]
V  [jvm.dll+0x224cab]
V  [jvm.dll+0x78e45c]
V  [jvm.dll+0x78888a]
V  [jvm.dll+0x676935]
C  [ucrtbase.dll+0x29333]
C  [KERNEL32.DLL+0x1257d]
C  [ntdll.dll+0x5af08]


---------------  P R O C E S S  ---------------

Threads class SMR info:
_java_thread_list=0x0000020366cb6360, length=12, elements={
0x00000203489bcfd0, 0x0000020366a4da70, 0x0000020366a4e8f0, 0x0000020366a67fd0,
0x0000020366a68990, 0x0000020366a69760, 0x0000020366a6a120, 0x0000020366a6aec0,
0x0000020366a6e530, 0x0000020366a71e60, 0x0000020366cb06d0, 0x0000020366cb6840
}

Java Threads: ( => current thread )
  0x00000203489bcfd0 JavaThread "main" [_thread_in_Java, id=8012, stack(0x000000477df00000,0x000000477e000000)]
  0x0000020366a4da70 JavaThread "Reference Handler" daemon [_thread_blocked, id=29284, stack(0x000000477e600000,0x000000477e700000)]
  0x0000020366a4e8f0 JavaThread "Finalizer" daemon [_thread_blocked, id=17852, stack(0x000000477e700000,0x000000477e800000)]
  0x0000020366a67fd0 JavaThread "Signal Dispatcher" daemon [_thread_blocked, id=11584, stack(0x000000477e800000,0x000000477e900000)]
  0x0000020366a68990 JavaThread "Attach Listener" daemon [_thread_blocked, id=17684, stack(0x000000477e900000,0x000000477ea00000)]
  0x0000020366a69760 JavaThread "Service Thread" daemon [_thread_blocked, id=20032, stack(0x000000477ea00000,0x000000477eb00000)]
  0x0000020366a6a120 JavaThread "Monitor Deflation Thread" daemon [_thread_blocked, id=7892, stack(0x000000477eb00000,0x000000477ec00000)]
=>0x0000020366a6aec0 JavaThread "C2 CompilerThread0" daemon [_thread_in_native, id=27304, stack(0x000000477ec00000,0x000000477ed00000)]
  0x0000020366a6e530 JavaThread "C1 CompilerThread0" daemon [_thread_in_native, id=1588, stack(0x000000477ed00000,0x000000477ee00000)]
  0x0000020366a71e60 JavaThread "Sweeper thread" daemon [_thread_blocked, id=1752, stack(0x000000477ee00000,0x000000477ef00000)]
  0x0000020366cb06d0 JavaThread "Notification Thread" daemon [_thread_blocked, id=4512, stack(0x000000477ef00000,0x000000477f000000)]
  0x0000020366cb6840 JavaThread "Common-Cleaner" daemon [_thread_blocked, id=23208, stack(0x000000477f100000,0x000000477f200000)]

Other Threads:
  0x0000020366a476b0 VMThread "VM Thread" [stack: 0x000000477e500000,0x000000477e600000] [id=2252]
  0x0000020366cb4bd0 WatcherThread [stack: 0x000000477f000000,0x000000477f100000] [id=25740]
  0x0000020348a19920 GCTaskThread "GC Thread#0" [stack: 0x000000477e000000,0x000000477e100000] [id=29988]
  0x000002036b162640 GCTaskThread "GC Thread#1" [stack: 0x000000477f200000,0x000000477f300000] [id=25292]
  0x000002036b148b70 GCTaskThread "GC Thread#2" [stack: 0x000000477f300000,0x000000477f400000] [id=25692]
  0x000002036b169d50 GCTaskThread "GC Thread#3" [stack: 0x000000477f400000,0x000000477f500000] [id=19580]
  0x000002036b16a010 GCTaskThread "GC Thread#4" [stack: 0x000000477f500000,0x000000477f600000] [id=11932]
  0x000002036b184870 GCTaskThread "GC Thread#5" [stack: 0x000000477f600000,0x000000477f700000] [id=10748]
  0x000002036b6b5bf0 GCTaskThread "GC Thread#6" [stack: 0x000000477f700000,0x000000477f800000] [id=31620]
  0x000002036b5b8370 GCTaskThread "GC Thread#7" [stack: 0x000000477f800000,0x000000477f900000] [id=4692]
  0x0000020348a2a330 ConcurrentGCThread "G1 Main Marker" [stack: 0x000000477e100000,0x000000477e200000] [id=24764]
  0x0000020348a2ad40 ConcurrentGCThread "G1 Conc#0" [stack: 0x000000477e200000,0x000000477e300000] [id=12276]
  0x000002036ba8a920 ConcurrentGCThread "G1 Conc#1" [stack: 0x000000477f900000,0x000000477fa00000] [id=18840]
  0x0000020348a7d650 ConcurrentGCThread "G1 Refine#0" [stack: 0x000000477e300000,0x000000477e400000] [id=748]
  0x000002036c5611f0 ConcurrentGCThread "G1 Refine#1" [stack: 0x000000477fa00000,0x000000477fb00000] [id=31248]
  0x0000020348a7e080 ConcurrentGCThread "G1 Service" [stack: 0x000000477e400000,0x000000477e500000] [id=24744]

Threads with active compile tasks:
C2 CompilerThread0    10195 2452       4       jdk.internal.org.objectweb.asm.Frame::execute (2305 bytes)
C1 CompilerThread0    10195 2579       3       jdk.internal.reflect.UnsafeFieldAccessorFactory::newFieldAccessor (638 bytes)

VM state: not at safepoint (normal execution)

VM Mutex/Monitor currently owned by a thread: None

Heap address: 0x0000000082a00000, size: 2006 MB, Compressed Oops mode: 32-bit

CDS archive(s) mapped at: [0x0000020300000000-0x0000020300bd0000-0x0000020300bd0000), size 12386304, SharedBaseAddress: 0x0000020300000000, ArchiveRelocationMode: 1.
Compressed class space mapped at: 0x0000020301000000-0x0000020341000000, reserved size: 1073741824
Narrow klass base: 0x0000020300000000, Narrow klass shift: 0, Narrow klass range: 0x100000000

GC Precious Log:
 CPUs: 8 total, 8 available
 Memory: 8023M
 Large Page Support: Disabled
 NUMA Support: Disabled
 Compressed Oops: Enabled (32-bit)
 Heap Region Size: 1M
 Heap Min Capacity: 8M
 Heap Initial Capacity: 126M
 Heap Max Capacity: 2006M
 Pre-touch: Disabled
 Parallel Workers: 8
 Concurrent Workers: 2
 Concurrent Refinement Workers: 8
 Periodic GC: Disabled

Heap:
 garbage-first heap   total 106496K, used 26572K [0x0000000082a00000, 0x0000000100000000)
  region size 1024K, 2 young (2048K), 1 survivors (1024K)
 Metaspace       used 31892K, committed 32128K, reserved 1114112K
  class space    used 4065K, committed 4160K, reserved 1048576K

Heap Regions: E=young(eden), S=young(survivor), O=old, HS=humongous(starts), HC=humongous(continues), CS=collection set, F=free, OA=open archive, CA=closed archive, TAMS=top-at-mark-start (previous, next)
|   0|0x0000000082a00000, 0x0000000082b00000, 0x0000000082b00000|100%|HS|  |TAMS 0x0000000082b00000, 0x0000000082a00000| Complete 
|   1|0x0000000082b00000, 0x0000000082c00000, 0x0000000082c00000|100%|HC|  |TAMS 0x0000000082c00000, 0x0000000082b00000| Complete 
|   2|0x0000000082c00000, 0x0000000082d00000, 0x0000000082d00000|100%|HC|  |TAMS 0x0000000082d00000, 0x0000000082c00000| Complete 
|   3|0x0000000082d00000, 0x0000000082e00000, 0x0000000082e00000|100%|HC|  |TAMS 0x0000000082e00000, 0x0000000082d00000| Complete 
|   4|0x0000000082e00000, 0x0000000082f00000, 0x0000000082f00000|100%| O|  |TAMS 0x0000000082f00000, 0x0000000082e00000| Untracked 
|   5|0x0000000082f00000, 0x0000000083000000, 0x0000000083000000|100%| O|  |TAMS 0x0000000083000000, 0x0000000082f00000| Untracked 
|   6|0x0000000083000000, 0x0000000083000000, 0x0000000083100000|  0%| F|  |TAMS 0x0000000083000000, 0x0000000083000000| Untracked 
|   7|0x0000000083100000, 0x0000000083200000, 0x0000000083200000|100%|HS|  |TAMS 0x0000000083200000, 0x0000000083100000| Complete 
|   8|0x0000000083200000, 0x0000000083300000, 0x0000000083300000|100%|HC|  |TAMS 0x0000000083300000, 0x0000000083200000| Complete 
|   9|0x0000000083300000, 0x0000000083400000, 0x0000000083400000|100%|HC|  |TAMS 0x0000000083400000, 0x0000000083300000| Complete 
|  10|0x0000000083400000, 0x0000000083500000, 0x0000000083500000|100%|HC|  |TAMS 0x0000000083500000, 0x0000000083400000| Complete 
|  11|0x0000000083500000, 0x0000000083600000, 0x0000000083600000|100%| O|  |TAMS 0x0000000083500000, 0x0000000083500000| Untracked 
|  12|0x0000000083600000, 0x0000000083700000, 0x0000000083700000|100%| O|  |TAMS 0x0000000083600000, 0x0000000083600000| Untracked 
|  13|0x0000000083700000, 0x0000000083800000, 0x0000000083800000|100%| O|  |TAMS 0x0000000083700000, 0x0000000083700000| Untracked 
|  14|0x0000000083800000, 0x0000000083900000, 0x0000000083900000|100%| O|  |TAMS 0x0000000083800000, 0x0000000083800000| Untracked 
|  15|0x0000000083900000, 0x0000000083a00000, 0x0000000083a00000|100%| O|  |TAMS 0x0000000083900000, 0x0000000083900000| Untracked 
|  16|0x0000000083a00000, 0x0000000083b00000, 0x0000000083b00000|100%| O|  |TAMS 0x0000000083a00000, 0x0000000083a00000| Untracked 
|  17|0x0000000083b00000, 0x0000000083c00000, 0x0000000083c00000|100%| O|  |TAMS 0x0000000083b00000, 0x0000000083b00000| Untracked 
|  18|0x0000000083c00000, 0x0000000083d00000, 0x0000000083d00000|100%| O|  |TAMS 0x0000000083c00000, 0x0000000083c00000| Untracked 
|  19|0x0000000083d00000, 0x0000000083e00000, 0x0000000083e00000|100%| O|  |TAMS 0x0000000083d00000, 0x0000000083d00000| Untracked 
|  20|0x0000000083e00000, 0x0000000083f00000, 0x0000000083f00000|100%| O|  |TAMS 0x0000000083e00000, 0x0000000083e00000| Untracked 
|  21|0x0000000083f00000, 0x0000000084000000, 0x0000000084000000|100%| O|  |TAMS 0x0000000083f00000, 0x0000000083f00000| Untracked 
|  22|0x0000000084000000, 0x0000000084100000, 0x0000000084100000|100%| O|  |TAMS 0x0000000084000000, 0x0000000084000000| Untracked 
|  23|0x0000000084100000, 0x0000000084200000, 0x0000000084200000|100%| O|  |TAMS 0x0000000084100000, 0x0000000084100000| Untracked 
|  24|0x0000000084200000, 0x0000000084300000, 0x0000000084300000|100%| O|  |TAMS 0x0000000084200000, 0x0000000084200000| Untracked 
|  25|0x0000000084300000, 0x00000000843f3000, 0x0000000084400000| 94%| O|  |TAMS 0x0000000084300000, 0x0000000084300000| Untracked 
|  26|0x0000000084400000, 0x0000000084400000, 0x0000000084500000|  0%| F|  |TAMS 0x0000000084400000, 0x0000000084400000| Untracked 
|  27|0x0000000084500000, 0x0000000084500000, 0x0000000084600000|  0%| F|  |TAMS 0x0000000084500000, 0x0000000084500000| Untracked 
|  28|0x0000000084600000, 0x0000000084600000, 0x0000000084700000|  0%| F|  |TAMS 0x0000000084600000, 0x0000000084600000| Untracked 
|  29|0x0000000084700000, 0x0000000084700000, 0x0000000084800000|  0%| F|  |TAMS 0x0000000084700000, 0x0000000084700000| Untracked 
|  30|0x0000000084800000, 0x0000000084800000, 0x0000000084900000|  0%| F|  |TAMS 0x0000000084800000, 0x0000000084800000| Untracked 
|  31|0x0000000084900000, 0x0000000084900000, 0x0000000084a00000|  0%| F|  |TAMS 0x0000000084900000, 0x0000000084900000| Untracked 
|  32|0x0000000084a00000, 0x0000000084a00000, 0x0000000084b00000|  0%| F|  |TAMS 0x0000000084a00000, 0x0000000084a00000| Untracked 
|  33|0x0000000084b00000, 0x0000000084b00000, 0x0000000084c00000|  0%| F|  |TAMS 0x0000000084b00000, 0x0000000084b00000| Untracked 
|  34|0x0000000084c00000, 0x0000000084c00000, 0x0000000084d00000|  0%| F|  |TAMS 0x0000000084c00000, 0x0000000084c00000| Untracked 
|  35|0x0000000084d00000, 0x0000000084d00000, 0x0000000084e00000|  0%| F|  |TAMS 0x0000000084d00000, 0x0000000084d00000| Untracked 
|  36|0x0000000084e00000, 0x0000000084e00000, 0x0000000084f00000|  0%| F|  |TAMS 0x0000000084e00000, 0x0000000084e00000| Untracked 
|  37|0x0000000084f00000, 0x0000000084f00000, 0x0000000085000000|  0%| F|  |TAMS 0x0000000084f00000, 0x0000000084f00000| Untracked 
|  38|0x0000000085000000, 0x0000000085000000, 0x0000000085100000|  0%| F|  |TAMS 0x0000000085000000, 0x0000000085000000| Untracked 
|  39|0x0000000085100000, 0x0000000085100000, 0x0000000085200000|  0%| F|  |TAMS 0x0000000085100000, 0x0000000085100000| Untracked 
|  40|0x0000000085200000, 0x0000000085200000, 0x0000000085300000|  0%| F|  |TAMS 0x0000000085200000, 0x0000000085200000| Untracked 
|  41|0x0000000085300000, 0x0000000085300000, 0x0000000085400000|  0%| F|  |TAMS 0x0000000085300000, 0x0000000085300000| Untracked 
|  42|0x0000000085400000, 0x0000000085400000, 0x0000000085500000|  0%| F|  |TAMS 0x0000000085400000, 0x0000000085400000| Untracked 
|  43|0x0000000085500000, 0x0000000085500000, 0x0000000085600000|  0%| F|  |TAMS 0x0000000085500000, 0x0000000085500000| Untracked 
|  44|0x0000000085600000, 0x0000000085600000, 0x0000000085700000|  0%| F|  |TAMS 0x0000000085600000, 0x0000000085600000| Untracked 
|  45|0x0000000085700000, 0x0000000085700000, 0x0000000085800000|  0%| F|  |TAMS 0x0000000085700000, 0x0000000085700000| Untracked 
|  46|0x0000000085800000, 0x0000000085800000, 0x0000000085900000|  0%| F|  |TAMS 0x0000000085800000, 0x0000000085800000| Untracked 
|  47|0x0000000085900000, 0x0000000085900000, 0x0000000085a00000|  0%| F|  |TAMS 0x0000000085900000, 0x0000000085900000| Untracked 
|  48|0x0000000085a00000, 0x0000000085a00000, 0x0000000085b00000|  0%| F|  |TAMS 0x0000000085a00000, 0x0000000085a00000| Untracked 
|  49|0x0000000085b00000, 0x0000000085b00000, 0x0000000085c00000|  0%| F|  |TAMS 0x0000000085b00000, 0x0000000085b00000| Untracked 
|  50|0x0000000085c00000, 0x0000000085c00000, 0x0000000085d00000|  0%| F|  |TAMS 0x0000000085c00000, 0x0000000085c00000| Untracked 
|  51|0x0000000085d00000, 0x0000000085d00000, 0x0000000085e00000|  0%| F|  |TAMS 0x0000000085d00000, 0x0000000085d00000| Untracked 
|  52|0x0000000085e00000, 0x0000000085e00000, 0x0000000085f00000|  0%| F|  |TAMS 0x0000000085e00000, 0x0000000085e00000| Untracked 
|  53|0x0000000085f00000, 0x0000000085f00000, 0x0000000086000000|  0%| F|  |TAMS 0x0000000085f00000, 0x0000000085f00000| Untracked 
|  54|0x0000000086000000, 0x0000000086000000, 0x0000000086100000|  0%| F|  |TAMS 0x0000000086000000, 0x0000000086000000| Untracked 
|  55|0x0000000086100000, 0x0000000086100000, 0x0000000086200000|  0%| F|  |TAMS 0x0000000086100000, 0x0000000086100000| Untracked 
|  56|0x0000000086200000, 0x0000000086200000, 0x0000000086300000|  0%| F|  |TAMS 0x0000000086200000, 0x0000000086200000| Untracked 
|  57|0x0000000086300000, 0x0000000086300000, 0x0000000086400000|  0%| F|  |TAMS 0x0000000086300000, 0x0000000086300000| Untracked 
|  58|0x0000000086400000, 0x0000000086400000, 0x0000000086500000|  0%| F|  |TAMS 0x0000000086400000, 0x0000000086400000| Untracked 
|  59|0x0000000086500000, 0x0000000086500000, 0x0000000086600000|  0%| F|  |TAMS 0x0000000086500000, 0x0000000086500000| Untracked 
|  60|0x0000000086600000, 0x0000000086600000, 0x0000000086700000|  0%| F|  |TAMS 0x0000000086600000, 0x0000000086600000| Untracked 
|  61|0x0000000086700000, 0x0000000086700000, 0x0000000086800000|  0%| F|  |TAMS 0x0000000086700000, 0x0000000086700000| Untracked 
|  62|0x0000000086800000, 0x0000000086800000, 0x0000000086900000|  0%| F|  |TAMS 0x0000000086800000, 0x0000000086800000| Untracked 
|  63|0x0000000086900000, 0x0000000086900000, 0x0000000086a00000|  0%| F|  |TAMS 0x0000000086900000, 0x0000000086900000| Untracked 
|  64|0x0000000086a00000, 0x0000000086a00000, 0x0000000086b00000|  0%| F|  |TAMS 0x0000000086a00000, 0x0000000086a00000| Untracked 
|  65|0x0000000086b00000, 0x0000000086b00000, 0x0000000086c00000|  0%| F|  |TAMS 0x0000000086b00000, 0x0000000086b00000| Untracked 
|  66|0x0000000086c00000, 0x0000000086c00000, 0x0000000086d00000|  0%| F|  |TAMS 0x0000000086c00000, 0x0000000086c00000| Untracked 
|  67|0x0000000086d00000, 0x0000000086d00000, 0x0000000086e00000|  0%| F|  |TAMS 0x0000000086d00000, 0x0000000086d00000| Untracked 
|  68|0x0000000086e00000, 0x0000000086e00000, 0x0000000086f00000|  0%| F|  |TAMS 0x0000000086e00000, 0x0000000086e00000| Untracked 
|  69|0x0000000086f00000, 0x0000000086f00000, 0x0000000087000000|  0%| F|  |TAMS 0x0000000086f00000, 0x0000000086f00000| Untracked 
|  70|0x0000000087000000, 0x0000000087000000, 0x0000000087100000|  0%| F|  |TAMS 0x0000000087000000, 0x0000000087000000| Untracked 
|  71|0x0000000087100000, 0x0000000087100000, 0x0000000087200000|  0%| F|  |TAMS 0x0000000087100000, 0x0000000087100000| Untracked 
|  72|0x0000000087200000, 0x0000000087200000, 0x0000000087300000|  0%| F|  |TAMS 0x0000000087200000, 0x0000000087200000| Untracked 
|  73|0x0000000087300000, 0x0000000087300000, 0x0000000087400000|  0%| F|  |TAMS 0x0000000087300000, 0x0000000087300000| Untracked 
|  74|0x0000000087400000, 0x0000000087400000, 0x0000000087500000|  0%| F|  |TAMS 0x0000000087400000, 0x0000000087400000| Untracked 
|  75|0x0000000087500000, 0x0000000087500000, 0x0000000087600000|  0%| F|  |TAMS 0x0000000087500000, 0x0000000087500000| Untracked 
|  76|0x0000000087600000, 0x0000000087600000, 0x0000000087700000|  0%| F|  |TAMS 0x0000000087600000, 0x0000000087600000| Untracked 
|  77|0x0000000087700000, 0x0000000087700000, 0x0000000087800000|  0%| F|  |TAMS 0x0000000087700000, 0x0000000087700000| Untracked 
|  78|0x0000000087800000, 0x0000000087800000, 0x0000000087900000|  0%| F|  |TAMS 0x0000000087800000, 0x0000000087800000| Untracked 
|  79|0x0000000087900000, 0x0000000087900000, 0x0000000087a00000|  0%| F|  |TAMS 0x0000000087900000, 0x0000000087900000| Untracked 
|  80|0x0000000087a00000, 0x0000000087a00000, 0x0000000087b00000|  0%| F|  |TAMS 0x0000000087a00000, 0x0000000087a00000| Untracked 
|  81|0x0000000087b00000, 0x0000000087b00000, 0x0000000087c00000|  0%| F|  |TAMS 0x0000000087b00000, 0x0000000087b00000| Untracked 
|  82|0x0000000087c00000, 0x0000000087c00000, 0x0000000087d00000|  0%| F|  |TAMS 0x0000000087c00000, 0x0000000087c00000| Untracked 
|  83|0x0000000087d00000, 0x0000000087d00000, 0x0000000087e00000|  0%| F|  |TAMS 0x0000000087d00000, 0x0000000087d00000| Untracked 
|  84|0x0000000087e00000, 0x0000000087e00000, 0x0000000087f00000|  0%| F|  |TAMS 0x0000000087e00000, 0x0000000087e00000| Untracked 
|  85|0x0000000087f00000, 0x0000000087f00000, 0x0000000088000000|  0%| F|  |TAMS 0x0000000087f00000, 0x0000000087f00000| Untracked 
|  94|0x0000000088800000, 0x0000000088800000, 0x0000000088900000|  0%| F|  |TAMS 0x0000000088800000, 0x0000000088800000| Untracked 
|  95|0x0000000088900000, 0x0000000088900000, 0x0000000088a00000|  0%| F|  |TAMS 0x0000000088900000, 0x0000000088900000| Untracked 
|  96|0x0000000088a00000, 0x0000000088a00000, 0x0000000088b00000|  0%| F|  |TAMS 0x0000000088a00000, 0x0000000088a00000| Untracked 
|  97|0x0000000088b00000, 0x0000000088b00000, 0x0000000088c00000|  0%| F|  |TAMS 0x0000000088b00000, 0x0000000088b00000| Untracked 
|  98|0x0000000088c00000, 0x0000000088c00000, 0x0000000088d00000|  0%| F|  |TAMS 0x0000000088c00000, 0x0000000088c00000| Untracked 
|  99|0x0000000088d00000, 0x0000000088d00000, 0x0000000088e00000|  0%| F|  |TAMS 0x0000000088d00000, 0x0000000088d00000| Untracked 
| 114|0x0000000089c00000, 0x0000000089c00000, 0x0000000089d00000|  0%| F|  |TAMS 0x0000000089c00000, 0x0000000089c00000| Untracked 
| 115|0x0000000089d00000, 0x0000000089d00000, 0x0000000089e00000|  0%| F|  |TAMS 0x0000000089d00000, 0x0000000089d00000| Untracked 
| 116|0x0000000089e00000, 0x0000000089e00000, 0x0000000089f00000|  0%| F|  |TAMS 0x0000000089e00000, 0x0000000089e00000| Untracked 
| 117|0x0000000089f00000, 0x0000000089f00000, 0x000000008a000000|  0%| F|  |TAMS 0x0000000089f00000, 0x0000000089f00000| Untracked 
| 118|0x000000008a000000, 0x000000008a000000, 0x000000008a100000|  0%| F|  |TAMS 0x000000008a000000, 0x000000008a000000| Untracked 
| 119|0x000000008a100000, 0x000000008a100000, 0x000000008a200000|  0%| F|  |TAMS 0x000000008a100000, 0x000000008a100000| Untracked 
| 120|0x000000008a200000, 0x000000008a200000, 0x000000008a300000|  0%| F|  |TAMS 0x000000008a200000, 0x000000008a200000| Untracked 
| 121|0x000000008a300000, 0x000000008a300000, 0x000000008a400000|  0%| F|  |TAMS 0x000000008a300000, 0x000000008a300000| Untracked 
| 122|0x000000008a400000, 0x000000008a400000, 0x000000008a500000|  0%| F|  |TAMS 0x000000008a400000, 0x000000008a400000| Untracked 
| 123|0x000000008a500000, 0x000000008a500000, 0x000000008a600000|  0%| F|  |TAMS 0x000000008a500000, 0x000000008a500000| Untracked 
| 124|0x000000008a600000, 0x000000008a700000, 0x000000008a700000|100%| S|CS|TAMS 0x000000008a600000, 0x000000008a600000| Complete 
| 125|0x000000008a700000, 0x000000008a780800, 0x000000008a800000| 50%| E|  |TAMS 0x000000008a700000, 0x000000008a700000| Complete 

Card table byte_map: [0x000002035f980000,0x000002035fd70000] _byte_map_base: 0x000002035f56b000

Marking Bits (Prev, Next): (CMBitMap*) 0x0000020348a19f80, (CMBitMap*) 0x0000020348a19f40
 Prev Bits: [0x00000203620c0000, 0x0000020364018000)
 Next Bits: [0x0000020360160000, 0x00000203620b8000)

Polling page: 0x0000020346940000

Metaspace:

Usage:
  Non-class:     27.22 MB used.
      Class:      3.98 MB used.
       Both:     31.19 MB used.

Virtual space:
  Non-class space:       64.00 MB reserved,      27.31 MB ( 43%) committed,  1 nodes.
      Class space:        1.00 GB reserved,       4.06 MB ( <1%) committed,  1 nodes.
             Both:        1.06 GB reserved,      31.38 MB (  3%) committed. 

Chunk freelists:
   Non-Class:  3.81 MB
       Class:  11.95 MB
        Both:  15.77 MB

MaxMetaspaceSize: unlimited
CompressedClassSpaceSize: 1.00 GB
Initial GC threshold: 21.00 MB
Current GC threshold: 35.75 MB
CDS: on
MetaspaceReclaimPolicy: balanced
 - commit_granule_bytes: 65536.
 - commit_granule_words: 8192.
 - virtual_space_node_default_size: 8388608.
 - enlarge_chunks_in_place: 1.
 - new_chunks_are_fully_committed: 0.
 - uncommit_free_chunks: 1.
 - use_allocation_guard: 0.
 - handle_deallocations: 1.


Internal statistics:

num_allocs_failed_limit: 6.
num_arena_births: 182.
num_arena_deaths: 0.
num_vsnodes_births: 2.
num_vsnodes_deaths: 0.
num_space_committed: 502.
num_space_uncommitted: 0.
num_chunks_returned_to_freelist: 6.
num_chunks_taken_from_freelist: 1219.
num_chunk_merges: 6.
num_chunk_splits: 1011.
num_chunks_enlarged: 912.
num_inconsistent_stats: 0.

CodeHeap 'non-profiled nmethods': size=120000Kb used=1091Kb max_used=1091Kb free=118908Kb
 bounds [0x0000020357d30000, 0x0000020357fa0000, 0x000002035f260000]
CodeHeap 'profiled nmethods': size=120000Kb used=4738Kb max_used=4738Kb free=115261Kb
 bounds [0x0000020350260000, 0x0000020350710000, 0x0000020357790000]
CodeHeap 'non-nmethods': size=5760Kb used=1261Kb max_used=1314Kb free=4499Kb
 bounds [0x0000020357790000, 0x0000020357a00000, 0x0000020357d30000]
 total_blobs=3160 nmethods=2582 adapters=490
 compilation: enabled
              stopped_count=0, restarted_count=0
 full_count=0

Compilation events (20 events):
Event: 9.968 Thread 0x0000020366a6e530 2545       3       org.jetbrains.kotlin.com.intellij.util.containers.ConcurrentWeakKeySoftValueHashMap$HardKey::access$100 (7 bytes)
Event: 9.969 Thread 0x0000020366a6e530 nmethod 2545 0x00000203506e2b10 code [0x00000203506e2cc0, 0x00000203506e2ee8]
Event: 9.972 Thread 0x0000020366a6e530 2546       3       org.jetbrains.kotlin.com.intellij.util.containers.ConcurrentWeakKeySoftValueHashMap$HardKey::set (19 bytes)
Event: 9.973 Thread 0x0000020366a6e530 nmethod 2546 0x00000203506e3010 code [0x00000203506e31c0, 0x00000203506e33a8]
Event: 9.973 Thread 0x0000020366a6e530 2547       3       org.jetbrains.kotlin.com.intellij.util.containers.ConcurrentWeakKeySoftValueHashMap$HardKey::access$200 (5 bytes)
Event: 9.973 Thread 0x0000020366a6e530 nmethod 2547 0x00000203506e3490 code [0x00000203506e3620, 0x00000203506e3798]
Event: 9.973 Thread 0x0000020366a6e530 2549       1       org.jetbrains.kotlin.com.intellij.util.containers.ConcurrentWeakKeySoftValueHashMap$HardKey::get (5 bytes)
Event: 9.973 Thread 0x0000020366a6e530 nmethod 2549 0x0000020357e3f010 code [0x0000020357e3f1a0, 0x0000020357e3f278]
Event: 9.973 Thread 0x0000020366a6e530 2543       1       org.jetbrains.kotlin.container.ClassInfo::getSetterInfos (5 bytes)
Event: 9.973 Thread 0x0000020366a6e530 nmethod 2543 0x0000020357e3f310 code [0x0000020357e3f4a0, 0x0000020357e3f578]
Event: 9.976 Thread 0x0000020366a6e530 2550   !   3       jdk.internal.reflect.NativeConstructorAccessorImpl::newInstance (122 bytes)
Event: 9.978 Thread 0x0000020366a6e530 nmethod 2550 0x00000203506e3890 code [0x00000203506e3ae0, 0x00000203506e46c8]
Event: 9.984 Thread 0x0000020366a6e530 2552       3       kotlin.reflect.jvm.internal.pcollections.IntTree::rebalanced (449 bytes)
Event: 9.987 Thread 0x0000020366a6e530 nmethod 2552 0x00000203506e4b90 code [0x00000203506e4e80, 0x00000203506e5d68]
Event: 10.017 Thread 0x0000020366a6e530 2553   !   3       org.jetbrains.kotlin.com.intellij.util.containers.ConcurrentWeakKeySoftValueHashMap::get (51 bytes)
Event: 10.018 Thread 0x0000020366a6e530 nmethod 2553 0x00000203506e6490 code [0x00000203506e66a0, 0x00000203506e6df8]
Event: 10.021 Thread 0x0000020366a6e530 2554       3       org.jetbrains.kotlin.container.ComponentRegistry::tryGetEntry (67 bytes)
Event: 10.023 Thread 0x0000020366a6e530 nmethod 2554 0x00000203506e7110 code [0x00000203506e74a0, 0x00000203506e8bb8]
Event: 10.023 Thread 0x0000020366a6e530 2555       3       org.jetbrains.kotlin.name.Name::<init> (23 bytes)
Event: 10.023 Thread 0x0000020366a6e530 nmethod 2555 0x00000203506e9290 code [0x00000203506e9440, 0x00000203506e9688]

GC Heap History (7 events):
Event: 2.252 GC heap before
{Heap before GC invocations=0 (full 0):
 garbage-first heap   total 129024K, used 27648K [0x0000000082a00000, 0x0000000100000000)
  region size 1024K, 23 young (23552K), 0 survivors (0K)
 Metaspace       used 6546K, committed 6720K, reserved 1114112K
  class space    used 661K, committed 768K, reserved 1048576K
}
Event: 2.261 GC heap after
{Heap after GC invocations=1 (full 0):
 garbage-first heap   total 129024K, used 6997K [0x0000000082a00000, 0x0000000100000000)
  region size 1024K, 3 young (3072K), 3 survivors (3072K)
 Metaspace       used 6546K, committed 6720K, reserved 1114112K
  class space    used 661K, committed 768K, reserved 1048576K
}
Event: 4.379 GC heap before
{Heap before GC invocations=1 (full 0):
 garbage-first heap   total 129024K, used 40789K [0x0000000082a00000, 0x0000000100000000)
  region size 1024K, 36 young (36864K), 3 survivors (3072K)
 Metaspace       used 14165K, committed 14400K, reserved 1114112K
  class space    used 1629K, committed 1728K, reserved 1048576K
}
Event: 4.398 GC heap after
{Heap after GC invocations=2 (full 0):
 garbage-first heap   total 129024K, used 10412K [0x0000000082a00000, 0x0000000100000000)
  region size 1024K, 4 young (4096K), 4 survivors (4096K)
 Metaspace       used 14165K, committed 14400K, reserved 1114112K
  class space    used 1629K, committed 1728K, reserved 1048576K
}
Event: 6.377 GC heap before
{Heap before GC invocations=2 (full 0):
 garbage-first heap   total 129024K, used 40108K [0x0000000082a00000, 0x0000000100000000)
  region size 1024K, 30 young (30720K), 4 survivors (4096K)
 Metaspace       used 21355K, committed 21504K, reserved 1114112K
  class space    used 2800K, committed 2880K, reserved 1048576K
}
Event: 6.387 GC heap after
{Heap after GC invocations=3 (full 0):
 garbage-first heap   total 129024K, used 16646K [0x0000000082a00000, 0x0000000100000000)
  region size 1024K, 6 young (6144K), 6 survivors (6144K)
 Metaspace       used 21355K, committed 21504K, reserved 1114112K
  class space    used 2800K, committed 2880K, reserved 1048576K
}
Event: 10.033 GC heap before
{Heap before GC invocations=4 (full 0):
 garbage-first heap   total 106496K, used 75014K [0x0000000082a00000, 0x0000000100000000)
  region size 1024K, 62 young (63488K), 6 survivors (6144K)
 Metaspace       used 31710K, committed 31936K, reserved 1114112K
  class space    used 4042K, committed 4160K, reserved 1048576K
}

Deoptimization events (20 events):
Event: 8.838 Thread 0x00000203489bcfd0 DEOPT PACKING pc=0x0000020357e23a90 sp=0x000000477dffd920
Event: 8.838 Thread 0x00000203489bcfd0 DEOPT UNPACKING pc=0x00000203577e23a3 sp=0x000000477dffd808 mode 2
Event: 9.129 Thread 0x00000203489bcfd0 Uncommon trap: trap_request=0xffffff45 fr.pc=0x0000020357e11418 relative=0x00000000000000f8
Event: 9.129 Thread 0x00000203489bcfd0 Uncommon trap: reason=unstable_if action=reinterpret pc=0x0000020357e11418 method=org.jetbrains.kotlin.com.intellij.util.SmartList.get(I)Ljava/lang/Object; @ 13 c2
Event: 9.129 Thread 0x00000203489bcfd0 DEOPT PACKING pc=0x0000020357e11418 sp=0x000000477dffc310
Event: 9.129 Thread 0x00000203489bcfd0 DEOPT UNPACKING pc=0x00000203577e23a3 sp=0x000000477dffc2b0 mode 2
Event: 9.533 Thread 0x00000203489bcfd0 Uncommon trap: trap_request=0xffffff45 fr.pc=0x0000020357e2ed90 relative=0x00000000000004f0
Event: 9.533 Thread 0x00000203489bcfd0 Uncommon trap: reason=unstable_if action=reinterpret pc=0x0000020357e2ed90 method=org.jetbrains.kotlin.com.intellij.util.SmartList.get(I)Ljava/lang/Object; @ 13 c2
Event: 9.533 Thread 0x00000203489bcfd0 DEOPT PACKING pc=0x0000020357e2ed90 sp=0x000000477dffdc40
Event: 9.533 Thread 0x00000203489bcfd0 DEOPT UNPACKING pc=0x00000203577e23a3 sp=0x000000477dffdba0 mode 2
Event: 9.632 Thread 0x00000203489bcfd0 DEOPT PACKING pc=0x00000203506a831c sp=0x000000477dffd5a0
Event: 9.632 Thread 0x00000203489bcfd0 DEOPT UNPACKING pc=0x00000203577e2b43 sp=0x000000477dffca70 mode 0
Event: 9.795 Thread 0x00000203489bcfd0 Uncommon trap: trap_request=0xffffffde fr.pc=0x0000020357d94b1c relative=0x000000000000081c
Event: 9.795 Thread 0x00000203489bcfd0 Uncommon trap: reason=class_check action=maybe_recompile pc=0x0000020357d94b1c method=java.util.HashMap.putVal(ILjava/lang/Object;Ljava/lang/Object;ZZ)Ljava/lang/Object; @ 203 c2
Event: 9.795 Thread 0x00000203489bcfd0 DEOPT PACKING pc=0x0000020357d94b1c sp=0x000000477dffd530
Event: 9.795 Thread 0x00000203489bcfd0 DEOPT UNPACKING pc=0x00000203577e23a3 sp=0x000000477dffd440 mode 2
Event: 9.796 Thread 0x00000203489bcfd0 Uncommon trap: trap_request=0xffffffde fr.pc=0x0000020357d94b1c relative=0x000000000000081c
Event: 9.796 Thread 0x00000203489bcfd0 Uncommon trap: reason=class_check action=maybe_recompile pc=0x0000020357d94b1c method=java.util.HashMap.putVal(ILjava/lang/Object;Ljava/lang/Object;ZZ)Ljava/lang/Object; @ 203 c2
Event: 9.801 Thread 0x00000203489bcfd0 DEOPT PACKING pc=0x0000020357d94b1c sp=0x000000477dffd530
Event: 9.801 Thread 0x00000203489bcfd0 DEOPT UNPACKING pc=0x00000203577e23a3 sp=0x000000477dffd440 mode 2

Classes unloaded (0 events):
No events

Classes redefined (0 events):
No events

Internal exceptions (20 events):
Event: 3.439 Thread 0x00000203489bcfd0 Exception <a 'java/lang/NoSuchMethodError'{0x0000000089624e20}: 'java.lang.Object java.lang.invoke.DirectMethodHandle$Holder.invokeSpecial(java.lang.Object, java.lang.Object, java.lang.Object, java.lang.Object, long)'> (0x0000000089624e20) 
thrown [s\open\src\hotspot\share\interpreter\linkResolver.cpp, line 759]
Event: 3.443 Thread 0x00000203489bcfd0 Exception <a 'java/lang/NoSuchMethodError'{0x000000008963d640}: 'long java.lang.invoke.Invokers$Holder.invoke_MT(java.lang.Object, java.lang.Object, java.lang.Object, java.lang.Object)'> (0x000000008963d640) 
thrown [s\open\src\hotspot\share\interpreter\linkResolver.cpp, line 759]
Event: 3.447 Thread 0x00000203489bcfd0 Exception <a 'java/lang/NoSuchMethodError'{0x0000000089648e60}: 'int java.lang.invoke.DirectMethodHandle$Holder.invokeSpecial(java.lang.Object, java.lang.Object, java.lang.Object)'> (0x0000000089648e60) 
thrown [s\open\src\hotspot\share\interpreter\linkResolver.cpp, line 759]
Event: 3.448 Thread 0x00000203489bcfd0 Exception <a 'java/lang/NoSuchMethodError'{0x000000008964ce90}: 'int java.lang.invoke.DirectMethodHandle$Holder.invokeSpecial(java.lang.Object, java.lang.Object, java.lang.Object, java.lang.Object)'> (0x000000008964ce90) 
thrown [s\open\src\hotspot\share\interpreter\linkResolver.cpp, line 759]
Event: 3.448 Thread 0x00000203489bcfd0 Exception <a 'java/lang/NoSuchMethodError'{0x00000000896504f8}: 'int java.lang.invoke.Invokers$Holder.invoke_MT(java.lang.Object, java.lang.Object, java.lang.Object, java.lang.Object)'> (0x00000000896504f8) 
thrown [s\open\src\hotspot\share\interpreter\linkResolver.cpp, line 759]
Event: 3.452 Thread 0x00000203489bcfd0 Exception <a 'java/lang/NoSuchMethodError'{0x0000000089660118}: 'int java.lang.invoke.DelegatingMethodHandle$Holder.reinvoke_L(java.lang.Object, java.lang.Object, java.lang.Object, long, int)'> (0x0000000089660118) 
thrown [s\open\src\hotspot\share\interpreter\linkResolver.cpp, line 759]
Event: 3.685 Thread 0x00000203489bcfd0 Exception <a 'java/lang/NoSuchMethodError'{0x00000000893c0bd0}: 'java.lang.Object java.lang.invoke.DirectMethodHandle$Holder.invokeStaticInit(java.lang.Object)'> (0x00000000893c0bd0) 
thrown [s\open\src\hotspot\share\interpreter\linkResolver.cpp, line 759]
Event: 4.003 Thread 0x00000203489bcfd0 Exception <a 'java/lang/NoSuchMethodError'{0x000000008898a7f8}: 'java.lang.Object java.lang.invoke.DirectMethodHandle$Holder.invokeStaticInit(java.lang.Object, int)'> (0x000000008898a7f8) 
thrown [s\open\src\hotspot\share\interpreter\linkResolver.cpp, line 759]
Event: 4.043 Thread 0x00000203489bcfd0 Exception <a 'java/lang/NoSuchMethodError'{0x00000000888141c8}: 'void java.lang.invoke.DirectMethodHandle$Holder.invokeStatic(java.lang.Object, java.lang.Object)'> (0x00000000888141c8) 
thrown [s\open\src\hotspot\share\interpreter\linkResolver.cpp, line 759]
Event: 4.111 Thread 0x00000203489bcfd0 Exception <a 'java/lang/NoSuchMethodError'{0x000000008874f230}: 'long java.lang.invoke.DirectMethodHandle$Holder.invokeStatic(java.lang.Object)'> (0x000000008874f230) 
thrown [s\open\src\hotspot\share\interpreter\linkResolver.cpp, line 759]
Event: 4.112 Thread 0x00000203489bcfd0 Exception <a 'java/lang/NoSuchMethodError'{0x0000000088752988}: 'long java.lang.invoke.DirectMethodHandle$Holder.invokeStaticInit(java.lang.Object)'> (0x0000000088752988) 
thrown [s\open\src\hotspot\share\interpreter\linkResolver.cpp, line 759]
Event: 4.452 Thread 0x00000203489bcfd0 Exception <a 'java/lang/NoSuchMethodError'{0x000000008a74c678}: 'int java.lang.invoke.DirectMethodHandle$Holder.invokeStaticInit(java.lang.Object, java.lang.Object, java.lang.Object)'> (0x000000008a74c678) 
thrown [s\open\src\hotspot\share\interpreter\linkResolver.cpp, line 759]
Event: 4.459 Thread 0x00000203489bcfd0 Exception <a 'java/lang/NoSuchMethodError'{0x000000008a774f80}: 'int java.lang.invoke.DirectMethodHandle$Holder.invokeStaticInit(java.lang.Object, java.lang.Object)'> (0x000000008a774f80) 
thrown [s\open\src\hotspot\share\interpreter\linkResolver.cpp, line 759]
Event: 4.496 Thread 0x00000203489bcfd0 Exception <a 'java/lang/NoSuchMethodError'{0x000000008a6511b8}: 'void java.lang.invoke.DirectMethodHandle$Holder.invokeSpecial(java.lang.Object, java.lang.Object, java.lang.Object)'> (0x000000008a6511b8) 
thrown [s\open\src\hotspot\share\interpreter\linkResolver.cpp, line 759]
Event: 5.344 Thread 0x00000203489bcfd0 Exception <a 'java/lang/NoSuchMethodError'{0x0000000089b2f2b0}: 'void java.lang.invoke.DirectMethodHandle$Holder.invokeStatic(java.lang.Object, java.lang.Object, java.lang.Object, java.lang.Object)'> (0x0000000089b2f2b0) 
thrown [s\open\src\hotspot\share\interpreter\linkResolver.cpp, line 759]
Event: 5.532 Thread 0x00000203489bcfd0 Exception <a 'java/lang/NoSuchMethodError'{0x00000000897435a0}: 'void java.lang.invoke.DirectMethodHandle$Holder.invokeStaticInit(java.lang.Object, java.lang.Object)'> (0x00000000897435a0) 
thrown [s\open\src\hotspot\share\interpreter\linkResolver.cpp, line 759]
Event: 5.820 Thread 0x00000203489bcfd0 Exception <a 'java/lang/NoSuchMethodError'{0x0000000089366cf0}: 'void java.lang.invoke.DirectMethodHandle$Holder.invokeVirtual(java.lang.Object, java.lang.Object)'> (0x0000000089366cf0) 
thrown [s\open\src\hotspot\share\interpreter\linkResolver.cpp, line 759]
Event: 5.875 Thread 0x00000203489bcfd0 Exception <a 'java/lang/NoSuchMethodError'{0x00000000893f09d8}: 'int java.lang.invoke.DirectMethodHandle$Holder.invokeVirtual(java.lang.Object, java.lang.Object)'> (0x00000000893f09d8) 
thrown [s\open\src\hotspot\share\interpreter\linkResolver.cpp, line 759]
Event: 5.981 Thread 0x00000203489bcfd0 Exception <a 'java/lang/NoSuchMethodError'{0x0000000089297248}: 'java.lang.Object java.lang.invoke.Invokers$Holder.invokeExact_MT(java.lang.Object, java.lang.Object, java.lang.Object, java.lang.Object, java.lang.Object, java.lang.Object)'> (0x0000000089297248) 
thrown [s\open\src\hotspot\share\interpreter\linkResolver.cpp, line 759]
Event: 8.799 Thread 0x00000203489bcfd0 Exception <a 'java/lang/NoSuchMethodError'{0x0000000086ea5990}: 'java.lang.Object java.lang.invoke.DirectMethodHandle$Holder.invokeVirtual(java.lang.Object, java.lang.Object, java.lang.Object)'> (0x0000000086ea5990) 
thrown [s\open\src\hotspot\share\interpreter\linkResolver.cpp, line 759]

VM Operations (20 events):
Event: 4.736 Executing VM operation: HandshakeAllThreads done
Event: 4.736 Executing VM operation: HandshakeAllThreads
Event: 4.736 Executing VM operation: HandshakeAllThreads done
Event: 5.761 Executing VM operation: Cleanup
Event: 5.810 Executing VM operation: Cleanup done
Event: 6.377 Executing VM operation: CollectForMetadataAllocation
Event: 6.446 Executing VM operation: CollectForMetadataAllocation done
Event: 6.618 Executing VM operation: CollectForMetadataAllocation
Event: 6.618 Executing VM operation: CollectForMetadataAllocation done
Event: 7.634 Executing VM operation: Cleanup
Event: 7.636 Executing VM operation: Cleanup done
Event: 7.682 Executing VM operation: G1Concurrent
Event: 7.727 Executing VM operation: G1Concurrent done
Event: 7.730 Executing VM operation: G1Concurrent
Event: 7.731 Executing VM operation: G1Concurrent done
Event: 8.732 Executing VM operation: Cleanup
Event: 8.733 Executing VM operation: Cleanup done
Event: 9.632 Executing VM operation: HandshakeAllThreads
Event: 9.632 Executing VM operation: HandshakeAllThreads done
Event: 10.033 Executing VM operation: G1CollectForAllocation

Events (20 events):
Event: 9.356 loading class sun/reflect/generics/repository/ConstructorRepository
Event: 9.356 loading class sun/reflect/generics/repository/ConstructorRepository done
Event: 9.356 loading class sun/reflect/generics/tree/BottomSignature
Event: 9.356 loading class sun/reflect/generics/tree/BottomSignature done
Event: 9.356 loading class sun/reflect/generics/tree/Wildcard
Event: 9.356 loading class sun/reflect/generics/tree/Wildcard done
Event: 9.356 loading class sun/reflect/generics/tree/VoidDescriptor
Event: 9.356 loading class sun/reflect/generics/tree/VoidDescriptor done
Event: 9.356 loading class sun/reflect/generics/tree/MethodTypeSignature
Event: 9.356 loading class sun/reflect/generics/tree/MethodTypeSignature done
Event: 9.356 loading class sun/reflect/generics/reflectiveObjects/WildcardTypeImpl
Event: 9.356 loading class java/lang/reflect/WildcardType
Event: 9.356 loading class java/lang/reflect/WildcardType done
Event: 9.357 loading class sun/reflect/generics/reflectiveObjects/WildcardTypeImpl done
Event: 9.519 loading class java/lang/TypeNotPresentException
Event: 9.519 loading class java/lang/TypeNotPresentException done
Event: 9.631 loading class sun/reflect/generics/scope/MethodScope
Event: 9.631 loading class sun/reflect/generics/scope/MethodScope done
Event: 9.631 loading class sun/reflect/generics/repository/MethodRepository
Event: 9.631 loading class sun/reflect/generics/repository/MethodRepository done


Dynamic libraries:
0x00007ff6cce50000 - 0x00007ff6cce60000 	C:\Program Files\Java\jdk-17\bin\java.exe
0x00007ffa84dd0000 - 0x00007ffa84fe7000 	C:\WINDOWS\SYSTEM32\ntdll.dll
0x00007ffa83970000 - 0x00007ffa83a34000 	C:\WINDOWS\System32\KERNEL32.DLL
0x00007ffa82420000 - 0x00007ffa827d7000 	C:\WINDOWS\System32\KERNELBASE.dll
0x00007ffa82190000 - 0x00007ffa822a1000 	C:\WINDOWS\System32\ucrtbase.dll
0x00007ffa599d0000 - 0x00007ffa599eb000 	C:\Program Files\Java\jdk-17\bin\VCRUNTIME140.dll
0x00007ffa599f0000 - 0x00007ffa59a09000 	C:\Program Files\Java\jdk-17\bin\jli.dll
0x00007ffa83140000 - 0x00007ffa831f2000 	C:\WINDOWS\System32\ADVAPI32.dll
0x00007ffa83020000 - 0x00007ffa830c7000 	C:\WINDOWS\System32\msvcrt.dll
0x00007ffa847b0000 - 0x00007ffa84858000 	C:\WINDOWS\System32\sechost.dll
0x00007ffa82160000 - 0x00007ffa82188000 	C:\WINDOWS\System32\bcrypt.dll
0x00007ffa83220000 - 0x00007ffa83334000 	C:\WINDOWS\System32\RPCRT4.dll
0x00007ffa84600000 - 0x00007ffa847af000 	C:\WINDOWS\System32\USER32.dll
0x00007ffa829b0000 - 0x00007ffa829d6000 	C:\WINDOWS\System32\win32u.dll
0x00007ffa81400000 - 0x00007ffa81693000 	C:\WINDOWS\WinSxS\amd64_microsoft.windows.common-controls_6595b64144ccf1df_6.0.22621.3672_none_2713b9d173822955\COMCTL32.dll
0x00007ffa84c10000 - 0x00007ffa84c39000 	C:\WINDOWS\System32\GDI32.dll
0x00007ffa829e0000 - 0x00007ffa82af8000 	C:\WINDOWS\System32\gdi32full.dll
0x00007ffa827e0000 - 0x00007ffa8287a000 	C:\WINDOWS\System32\msvcp_win.dll
0x00007ffa7e4e0000 - 0x00007ffa7e4ea000 	C:\WINDOWS\SYSTEM32\VERSION.dll
0x00007ffa83ba0000 - 0x00007ffa83bd1000 	C:\WINDOWS\System32\IMM32.DLL
0x00007ffa599c0000 - 0x00007ffa599cc000 	C:\Program Files\Java\jdk-17\bin\vcruntime140_1.dll
0x00007ffa59810000 - 0x00007ffa5989e000 	C:\Program Files\Java\jdk-17\bin\msvcp140.dll
0x00007ffa58c30000 - 0x00007ffa5980f000 	C:\Program Files\Java\jdk-17\bin\server\jvm.dll
0x00007ffa848e0000 - 0x00007ffa848e8000 	C:\WINDOWS\System32\PSAPI.DLL
0x00007ffa599b0000 - 0x00007ffa599b9000 	C:\WINDOWS\SYSTEM32\WSOCK32.dll
0x00007ffa82b90000 - 0x00007ffa82c01000 	C:\WINDOWS\System32\WS2_32.dll
0x00007ffa7a2c0000 - 0x00007ffa7a2f4000 	C:\WINDOWS\SYSTEM32\WINMM.dll
0x00007ffa80210000 - 0x00007ffa80228000 	C:\WINDOWS\SYSTEM32\kernel.appcore.dll
0x00007ffa59950000 - 0x00007ffa5995a000 	C:\Program Files\Java\jdk-17\bin\jimage.dll
0x00007ffa81950000 - 0x00007ffa81b82000 	C:\WINDOWS\SYSTEM32\DBGHELP.DLL
0x00007ffa82c70000 - 0x00007ffa82ffe000 	C:\WINDOWS\System32\combase.dll
0x00007ffa84b30000 - 0x00007ffa84c07000 	C:\WINDOWS\System32\OLEAUT32.dll
0x00007ffa81840000 - 0x00007ffa81872000 	C:\WINDOWS\SYSTEM32\dbgcore.DLL
0x00007ffa820e0000 - 0x00007ffa8215b000 	C:\WINDOWS\System32\bcryptPrimitives.dll
0x00007ffa58b30000 - 0x00007ffa58b55000 	C:\Program Files\Java\jdk-17\bin\java.dll
0x00007ffa589b0000 - 0x00007ffa58a87000 	C:\Program Files\Java\jdk-17\bin\jsvml.dll
0x00007ffa83be0000 - 0x00007ffa84449000 	C:\WINDOWS\System32\SHELL32.dll
0x00007ffa7f0e0000 - 0x00007ffa7f9df000 	C:\WINDOWS\SYSTEM32\windows.storage.dll
0x00007ffa7efa0000 - 0x00007ffa7f0df000 	C:\WINDOWS\SYSTEM32\wintypes.dll
0x00007ffa83340000 - 0x00007ffa83439000 	C:\WINDOWS\System32\SHCORE.dll
0x00007ffa848f0000 - 0x00007ffa8494e000 	C:\WINDOWS\System32\shlwapi.dll
0x00007ffa82010000 - 0x00007ffa82037000 	C:\WINDOWS\SYSTEM32\profapi.dll
0x00007ffa58590000 - 0x00007ffa585a9000 	C:\Program Files\Java\jdk-17\bin\net.dll
0x00007ffa7a600000 - 0x00007ffa7a736000 	C:\WINDOWS\SYSTEM32\WINHTTP.dll
0x00007ffa80730000 - 0x00007ffa80799000 	C:\WINDOWS\system32\mswsock.dll
0x00007ffa58570000 - 0x00007ffa58586000 	C:\Program Files\Java\jdk-17\bin\nio.dll
0x00007ffa58550000 - 0x00007ffa58568000 	C:\Program Files\Java\jdk-17\bin\zip.dll
0x00007ffa68650000 - 0x00007ffa68660000 	C:\Program Files\Java\jdk-17\bin\verify.dll

dbghelp: loaded successfully - version: 4.0.5 - missing functions: none
symbol engine: initialized successfully - sym options: 0x614 - pdb path: .;C:\Program Files\Java\jdk-17\bin;C:\WINDOWS\SYSTEM32;C:\WINDOWS\WinSxS\amd64_microsoft.windows.common-controls_6595b64144ccf1df_6.0.22621.3672_none_2713b9d173822955;C:\Program Files\Java\jdk-17\bin\server

VM Arguments:
java_command: org.jetbrains.kotlin.cli.jvm.K2JVMCompiler @D:\Atpar\ExpoPushNotifications2\node_modules\expo-application\android\build\20241017_683292081987536318.compiler.options
java_class_path (initial): C:\Users\Sai Mahesh\.gradle\caches\modules-2\files-2.1\org.jetbrains.kotlin\kotlin-compiler-embeddable\1.8.0\eb9118d4bcceaa2a94b2ae2a33a4ddba7c9a947f\kotlin-compiler-embeddable-1.8.0.jar;C:\Users\Sai Mahesh\.gradle\caches\modules-2\files-2.1\org.jetbrains.kotlin\kotlin-stdlib\1.8.0\1796921c7a3e2e2665a83e6c8d33399336cd39bc\kotlin-stdlib-1.8.0.jar;C:\Users\Sai Mahesh\.gradle\caches\modules-2\files-2.1\org.jetbrains.kotlin\kotlin-script-runtime\1.8.0\b2f7e760d283cb339974851c222a4c1d48f2d3d\kotlin-script-runtime-1.8.0.jar;C:\Users\Sai Mahesh\.gradle\caches\modules-2\files-2.1\org.jetbrains.kotlin\kotlin-reflect\1.6.10\1cbe9c92c12a94eea200d23c2bbaedaf3daf5132\kotlin-reflect-1.6.10.jar;C:\Users\Sai Mahesh\.gradle\caches\modules-2\files-2.1\org.jetbrains.kotlin\kotlin-daemon-embeddable\1.8.0\d255216c551685dc3a7e852b53617f5f01aaaa5c\kotlin-daemon-embeddable-1.8.0.jar;C:\Users\Sai Mahesh\.gradle\caches\modules-2\files-2.1\org.jetbrains.intellij.deps\trove4j\1.0.20200330\3afb14d5f9ceb459d724e907a21145e8ff394f02\trove4j-1.0.20200330.jar;C:\Users\Sai Mahesh\.gradle\caches\modules-2\files-2.1\net.java.dev.jna\jna\5.6.0\330f2244e9030119ab3030fc3fededc86713d9cc\jna-5.6.0.jar;C:\Users\Sai Mahesh\.gradle\caches\modules-2\files-2.1\org.jetbrains.kotlin\kotlin-stdlib-common\1.8.0\f7197e7cc76453ac59f8b0f8d5137cc600becd36\kotlin-stdlib-common-1.8.0.jar;C:\Users\Sai Mahesh\.gradle\caches\modules-2\files-2.1\org.jetbrains\annotations\13.0\919f0dfe192fb4e063e7dacadee7f8bb9a2672a9\annotations-13.0.jar
Launcher Type: SUN_STANDARD

[Global flags]
     intx CICompilerCount                          = 4                                         {product} {ergonomic}
     uint ConcGCThreads                            = 2                                         {product} {ergonomic}
     uint G1ConcRefinementThreads                  = 8                                         {product} {ergonomic}
   size_t G1HeapRegionSize                         = 1048576                                   {product} {ergonomic}
    uintx GCDrainStackTargetSize                   = 64                                        {product} {ergonomic}
   size_t InitialHeapSize                          = 132120576                                 {product} {ergonomic}
   size_t MarkStackSize                            = 4194304                                   {product} {ergonomic}
   size_t MaxHeapSize                              = 2103443456                                {product} {ergonomic}
   size_t MaxNewSize                               = 1261436928                                {product} {ergonomic}
   size_t MinHeapDeltaBytes                        = 1048576                                   {product} {ergonomic}
   size_t MinHeapSize                              = 8388608                                   {product} {ergonomic}
    uintx NonNMethodCodeHeapSize                   = 5839372                                {pd product} {ergonomic}
    uintx NonProfiledCodeHeapSize                  = 122909434                              {pd product} {ergonomic}
    uintx ProfiledCodeHeapSize                     = 122909434                              {pd product} {ergonomic}
    uintx ReservedCodeCacheSize                    = 251658240                              {pd product} {ergonomic}
     bool SegmentedCodeCache                       = true                                      {product} {ergonomic}
   size_t SoftMaxHeapSize                          = 2103443456                             {manageable} {ergonomic}
     bool UseCompressedClassPointers               = true                           {product lp64_product} {ergonomic}
     bool UseCompressedOops                        = true                           {product lp64_product} {ergonomic}
     bool UseG1GC                                  = true                                      {product} {ergonomic}
     bool UseLargePagesIndividualAllocation        = false                                  {pd product} {ergonomic}

Logging:
Log output configuration:
 #0: stdout all=warning uptime,level,tags
 #1: stderr all=off uptime,level,tags

Environment Variables:
JAVA_HOME=C:\Program Files\Java\jdk-17
CLASSPATH=D:\Atpar\ExpoPushNotifications2\android\\gradle\wrapper\gradle-wrapper.jar
PATH=D:\Atpar\ExpoPushNotifications2\node_modules\.bin;D:\Atpar\ExpoPushNotifications2\node_modules\.bin;D:\Atpar\node_modules\.bin;D:\node_modules\.bin;C:\Users\Sai Mahesh\AppData\Roaming\npm\node_modules\npm\node_modules\@npmcli\run-script\lib\node-gyp-bin;C:\Program Files\PowerShell\7;C:\Program Files\Common Files\Oracle\Java\javapath;E:\Oracle\app\oracle\product\10.2.0\server\bin;C:\Windows\system32;C:\Windows;C:\Windows\System32\Wbem;C:\Windows\System32\WindowsPowerShell\v1.0\;C:\Windows\System32\OpenSSH\;C:\Program Files (x86)\NVIDIA Corporation\PhysX\Common;C:\Program Files\NVIDIA Corporation\NVIDIA NvDLISR;E:\bin;E:\git\cmd;C:\Users\Sai Mahesh\Scripts;Sai Mahesh;C:\WINDOWS\system32;C:\WINDOWS;C:\WINDOWS\System32\Wbem;C:\WINDOWS\System32\WindowsPowerShell\v1.0\;C:\WINDOWS\System32\OpenSSH\;C:\ProgramData\chocolatey\bin;C:\Users\Sai Mahesh\Lib\site-packages\sqlalchemy;C:\Program Files\Docker\Docker\resources\bin;C:\Program Files\Git\cmd;C:\Program Files\PuTTY\;C:\Users\Sai Mahesh\Downloads\apache-ant-1.10.14-bin\apache-ant-1.10.14\bin;C:\Users\Sai Mahesh\AppData\Roaming\nvm;C:\Program Files\nodejs;C:\Users\Sai Mahesh\AppData\Local\Android\Sdk\platform-tools;C:\Program Files\apache-maven-3.9.6\bin;C:\Program Files (x86)\Bitvise SSH Client;C:\Users\Sai Mahesh\apache-maven-3.9.6\bin;C:\Program Files\MySQL\MySQLServer8.1\bin;C:\Program Files\doxygen\bin;C:\Program Files\Java\jdk-17\bin;C:\Program Files\PowerShell\7\;C:\Program Files\Amazon\AWSCLIV2\;C:\Program Files\php-8.3.12-nts-Win32-vs16-x64;C:\Users\Sai Mahesh\AppData\Local\Microsoft\WindowsApps;C:\Users\Sai Mahesh\AppData\Local\Programs\Microsoft VS Code\bin;C:\Program Files\JetBrains\IntelliJ IDEA Community Edition 2023.2\bin;;C:\Users\Sai Mahesh;C:\Users\Sai Mahesh\Scripts;C:\Users\Sai Mahesh\AppData\Roaming\Microsoft\Windows\Start Menu\Programs\Python 3.10;C:\Users\Sai Mahesh\AppData\Roaming\npm;C:\Program Files\JetBrains\IntelliJ IDEA 2024.1\bin;;C:\Users\Sai Mahesh\AppData\Roaming\nvm;C:\Program Files\node
USERNAME=Sai Mahesh
LANG=en_US.UTF-8
OS=Windows_NT
PROCESSOR_IDENTIFIER=Intel64 Family 6 Model 165 Stepping 2, GenuineIntel



---------------  S Y S T E M  ---------------

OS:
 Windows 11 , 64 bit Build 22621 (10.0.22621.3958)
OS uptime: 7 days 4:09 hours
Hyper-V role detected

CPU: total 8 (initial active 8) (4 cores per cpu, 2 threads per core) family 6 model 165 stepping 2 microcode 0xea, cx8, cmov, fxsr, ht, mmx, 3dnowpref, sse, sse2, sse3, ssse3, sse4.1, sse4.2, popcnt, lzcnt, tsc, tscinvbit, avx, avx2, aes, erms, clmul, bmi1, bmi2, adx, fma, vzeroupper, clflush, clflushopt, hv

Memory: 4k page, system-wide physical 8023M (75M free)
TotalPageFile size 32599M (AvailPageFile size 36M)
current process WorkingSet (physical memory assigned to process): 207M, peak: 207M
current process commit charge ("private bytes"): 259M, peak: 269M

vm_info: Java HotSpot(TM) 64-Bit Server VM (17.0.10+11-LTS-240) for windows-amd64 JRE (17.0.10+11-LTS-240), built on Dec 19 2023 21:47:25 by "mach5one" with MS VC++ 17.1 (VS2022)

END.
