#
# There is insufficient memory for the Java Runtime Environment to continue.
# Native memory allocation (malloc) failed to allocate 1701616 bytes for Chunk::new
# Possible reasons:
#   The system is out of physical RAM or swap space
#   The process is running with CompressedOops enabled, and the Java Heap may be blocking the growth of the native heap
# Possible solutions:
#   Reduce memory load on the system
#   Increase physical memory or swap space
#   Check if swap backing store is full
#   Decrease Java heap size (-Xmx/-Xms)
#   Decrease number of Java threads
#   Decrease Java thread stack sizes (-Xss)
#   Set larger code cache with -XX:ReservedCodeCacheSize=
#   JVM is running with Unscaled Compressed Oops mode in which the Java heap is
#     placed in the first 4GB address space. The Java Heap base address is the
#     maximum limit for the native heap growth. Please use -XX:HeapBaseMinAddress
#     to set the Java Heap base and to place the Java Heap above 4GB virtual address.
# This output file may be truncated or incomplete.
#
#  Out of Memory Error (arena.cpp:189), pid=23116, tid=26640
#
# JRE version: Java(TM) SE Runtime Environment (17.0.10+11) (build 17.0.10+11-LTS-240)
# Java VM: Java HotSpot(TM) 64-Bit Server VM (17.0.10+11-LTS-240, mixed mode, sharing, tiered, compressed oops, compressed class ptrs, g1 gc, windows-amd64)
# No core dump will be written. Minidumps are not enabled by default on client versions of Windows
#

---------------  S U M M A R Y ------------

Command Line: org.jetbrains.kotlin.cli.jvm.K2JVMCompiler @D:\Atpar\ExpoPushNotifications2\node_modules\expo-keep-awake\android\build\20241017_16466170219466225102.compiler.options

Host: Intel(R) Core(TM) i5-10300H CPU @ 2.50GHz, 8 cores, 7G,  Windows 11 , 64 bit Build 22621 (10.0.22621.3958)
Time: Thu Oct 17 17:11:18 2024 India Standard Time elapsed time: 11.295983 seconds (0d 0h 0m 11s)

---------------  T H R E A D  ---------------

Current thread (0x00000188f9b7aa00):  JavaThread "C2 CompilerThread0" daemon [_thread_in_native, id=26640, stack(0x0000000866200000,0x0000000866300000)]


Current CompileTask:
C2:  11296 2788       4       java.lang.ClassLoader::loadClass (7 bytes)

Stack: [0x0000000866200000,0x0000000866300000]
Native frames: (J=compiled Java code, j=interpreted, Vv=VM code, C=native code)
V  [jvm.dll+0x677a5a]
V  [jvm.dll+0x7d8b2d]
V  [jvm.dll+0x7da48e]
V  [jvm.dll+0x7daaf3]
V  [jvm.dll+0x2455ff]
V  [jvm.dll+0xaaafb]
V  [jvm.dll+0xab09c]
V  [jvm.dll+0x361b5f]
V  [jvm.dll+0x1bb3ca]
V  [jvm.dll+0x217aa7]
V  [jvm.dll+0x216d81]
V  [jvm.dll+0x1a3410]
V  [jvm.dll+0x226aeb]
V  [jvm.dll+0x224cab]
V  [jvm.dll+0x78e45c]
V  [jvm.dll+0x78888a]
V  [jvm.dll+0x676935]
C  [ucrtbase.dll+0x29333]
C  [KERNEL32.DLL+0x1257d]
C  [ntdll.dll+0x5af08]


---------------  P R O C E S S  ---------------

Threads class SMR info:
_java_thread_list=0x00000188fe0b1bb0, length=12, elements={
0x00000188dbadb340, 0x00000188f9b5c540, 0x00000188f9b5dbd0, 0x00000188f9b780c0,
0x00000188f9b78990, 0x00000188f9b79350, 0x00000188f9b79d10, 0x00000188f9b7aa00,
0x00000188f9b7b4b0, 0x00000188fe010060, 0x00000188fe0d5330, 0x00000188fe0d9ac0
}

Java Threads: ( => current thread )
  0x00000188dbadb340 JavaThread "main" [_thread_in_native, id=4832, stack(0x0000000865500000,0x0000000865600000)]
  0x00000188f9b5c540 JavaThread "Reference Handler" daemon [_thread_blocked, id=24388, stack(0x0000000865c00000,0x0000000865d00000)]
  0x00000188f9b5dbd0 JavaThread "Finalizer" daemon [_thread_blocked, id=23736, stack(0x0000000865d00000,0x0000000865e00000)]
  0x00000188f9b780c0 JavaThread "Signal Dispatcher" daemon [_thread_blocked, id=1364, stack(0x0000000865e00000,0x0000000865f00000)]
  0x00000188f9b78990 JavaThread "Attach Listener" daemon [_thread_blocked, id=13756, stack(0x0000000865f00000,0x0000000866000000)]
  0x00000188f9b79350 JavaThread "Service Thread" daemon [_thread_blocked, id=5044, stack(0x0000000866000000,0x0000000866100000)]
  0x00000188f9b79d10 JavaThread "Monitor Deflation Thread" daemon [_thread_blocked, id=19960, stack(0x0000000866100000,0x0000000866200000)]
=>0x00000188f9b7aa00 JavaThread "C2 CompilerThread0" daemon [_thread_in_native, id=26640, stack(0x0000000866200000,0x0000000866300000)]
  0x00000188f9b7b4b0 JavaThread "C1 CompilerThread0" daemon [_thread_blocked, id=3240, stack(0x0000000866300000,0x0000000866400000)]
  0x00000188fe010060 JavaThread "Sweeper thread" daemon [_thread_blocked, id=28264, stack(0x0000000866400000,0x0000000866500000)]
  0x00000188fe0d5330 JavaThread "Notification Thread" daemon [_thread_blocked, id=13868, stack(0x0000000866500000,0x0000000866600000)]
  0x00000188fe0d9ac0 JavaThread "Common-Cleaner" daemon [_thread_blocked, id=5564, stack(0x0000000866700000,0x0000000866800000)]

Other Threads:
  0x00000188f9b55970 VMThread "VM Thread" [stack: 0x0000000865b00000,0x0000000865c00000] [id=19548]
  0x00000188fe0d9830 WatcherThread [stack: 0x0000000866600000,0x0000000866700000] [id=7824]
  0x00000188dbb37150 GCTaskThread "GC Thread#0" [stack: 0x0000000865600000,0x0000000865700000] [id=30096]
  0x00000188fe5ec030 GCTaskThread "GC Thread#1" [stack: 0x0000000866800000,0x0000000866900000] [id=8656]
  0x00000188fe5ee850 GCTaskThread "GC Thread#2" [stack: 0x0000000866900000,0x0000000866a00000] [id=29880]
  0x00000188fe60c8d0 GCTaskThread "GC Thread#3" [stack: 0x0000000866a00000,0x0000000866b00000] [id=24528]
  0x00000188fe60cfa0 GCTaskThread "GC Thread#4" [stack: 0x0000000866b00000,0x0000000866c00000] [id=23412]
  0x00000188fe610290 GCTaskThread "GC Thread#5" [stack: 0x0000000866c00000,0x0000000866d00000] [id=9568]
  0x00000188fe91a080 GCTaskThread "GC Thread#6" [stack: 0x0000000866d00000,0x0000000866e00000] [id=2712]
  0x00000188fe8f1030 GCTaskThread "GC Thread#7" [stack: 0x0000000866e00000,0x0000000866f00000] [id=24672]
  0x00000188dbb48b70 ConcurrentGCThread "G1 Main Marker" [stack: 0x0000000865700000,0x0000000865800000] [id=20584]
  0x00000188dbb49580 ConcurrentGCThread "G1 Conc#0" [stack: 0x0000000865800000,0x0000000865900000] [id=13560]
  0x00000188fed04470 ConcurrentGCThread "G1 Conc#1" [stack: 0x0000000866f00000,0x0000000867000000] [id=5720]
  0x00000188dbb9ddc0 ConcurrentGCThread "G1 Refine#0" [stack: 0x0000000865900000,0x0000000865a00000] [id=13088]
  0x00000188c19bea60 ConcurrentGCThread "G1 Refine#1" [stack: 0x0000000867000000,0x0000000867100000] [id=26440]
  0x00000188dbb9e7f0 ConcurrentGCThread "G1 Service" [stack: 0x0000000865a00000,0x0000000865b00000] [id=22672]

Threads with active compile tasks:
C2 CompilerThread0    11329 2788       4       java.lang.ClassLoader::loadClass (7 bytes)

VM state: not at safepoint (normal execution)

VM Mutex/Monitor currently owned by a thread: None

Heap address: 0x0000000082a00000, size: 2006 MB, Compressed Oops mode: 32-bit

CDS archive(s) mapped at: [0x0000018880000000-0x0000018880bd0000-0x0000018880bd0000), size 12386304, SharedBaseAddress: 0x0000018880000000, ArchiveRelocationMode: 1.
Compressed class space mapped at: 0x0000018881000000-0x00000188c1000000, reserved size: 1073741824
Narrow klass base: 0x0000018880000000, Narrow klass shift: 0, Narrow klass range: 0x100000000

GC Precious Log:
 CPUs: 8 total, 8 available
 Memory: 8023M
 Large Page Support: Disabled
 NUMA Support: Disabled
 Compressed Oops: Enabled (32-bit)
 Heap Region Size: 1M
 Heap Min Capacity: 8M
 Heap Initial Capacity: 126M
 Heap Max Capacity: 2006M
 Pre-touch: Disabled
 Parallel Workers: 8
 Concurrent Workers: 2
 Concurrent Refinement Workers: 8
 Periodic GC: Disabled

Heap:
 garbage-first heap   total 89088K, used 46979K [0x0000000082a00000, 0x0000000100000000)
  region size 1024K, 29 young (29696K), 9 survivors (9216K)
 Metaspace       used 38342K, committed 38528K, reserved 1114112K
  class space    used 4791K, committed 4864K, reserved 1048576K

Heap Regions: E=young(eden), S=young(survivor), O=old, HS=humongous(starts), HC=humongous(continues), CS=collection set, F=free, OA=open archive, CA=closed archive, TAMS=top-at-mark-start (previous, next)
|   0|0x0000000082a00000, 0x0000000082b00000, 0x0000000082b00000|100%|HS|  |TAMS 0x0000000082b00000, 0x0000000082a00000| Complete 
|   1|0x0000000082b00000, 0x0000000082c00000, 0x0000000082c00000|100%|HC|  |TAMS 0x0000000082c00000, 0x0000000082b00000| Complete 
|   2|0x0000000082c00000, 0x0000000082d00000, 0x0000000082d00000|100%|HC|  |TAMS 0x0000000082d00000, 0x0000000082c00000| Complete 
|   3|0x0000000082d00000, 0x0000000082e00000, 0x0000000082e00000|100%|HC|  |TAMS 0x0000000082e00000, 0x0000000082d00000| Complete 
|   4|0x0000000082e00000, 0x0000000082f00000, 0x0000000082f00000|100%| O|  |TAMS 0x0000000082f00000, 0x0000000082e00000| Untracked 
|   5|0x0000000082f00000, 0x0000000083000000, 0x0000000083000000|100%| O|  |TAMS 0x0000000083000000, 0x0000000082f00000| Untracked 
|   6|0x0000000083000000, 0x0000000083100000, 0x0000000083100000|100%| O|  |TAMS 0x00000000830aac00, 0x0000000083000000| Untracked 
|   7|0x0000000083100000, 0x0000000083200000, 0x0000000083200000|100%|HS|  |TAMS 0x0000000083200000, 0x0000000083100000| Complete 
|   8|0x0000000083200000, 0x0000000083300000, 0x0000000083300000|100%|HC|  |TAMS 0x0000000083300000, 0x0000000083200000| Complete 
|   9|0x0000000083300000, 0x0000000083400000, 0x0000000083400000|100%|HC|  |TAMS 0x0000000083400000, 0x0000000083300000| Complete 
|  10|0x0000000083400000, 0x0000000083500000, 0x0000000083500000|100%|HC|  |TAMS 0x0000000083500000, 0x0000000083400000| Complete 
|  11|0x0000000083500000, 0x0000000083600000, 0x0000000083600000|100%|HS|  |TAMS 0x0000000083500000, 0x0000000083500000| Complete 
|  12|0x0000000083600000, 0x0000000083700000, 0x0000000083700000|100%|HC|  |TAMS 0x0000000083600000, 0x0000000083600000| Complete 
|  13|0x0000000083700000, 0x0000000083800000, 0x0000000083800000|100%| O|  |TAMS 0x0000000083700000, 0x0000000083700000| Untracked 
|  14|0x0000000083800000, 0x0000000083900000, 0x0000000083900000|100%| O|  |TAMS 0x0000000083800000, 0x0000000083800000| Untracked 
|  15|0x0000000083900000, 0x0000000083a00000, 0x0000000083a00000|100%| O|  |TAMS 0x0000000083900000, 0x0000000083900000| Untracked 
|  16|0x0000000083a00000, 0x0000000083b00000, 0x0000000083b00000|100%| O|  |TAMS 0x0000000083a00000, 0x0000000083a00000| Untracked 
|  17|0x0000000083b00000, 0x0000000083be0c00, 0x0000000083c00000| 87%| O|  |TAMS 0x0000000083b00000, 0x0000000083b00000| Untracked 
|  18|0x0000000083c00000, 0x0000000083c00000, 0x0000000083d00000|  0%| F|  |TAMS 0x0000000083c00000, 0x0000000083c00000| Untracked 
|  19|0x0000000083d00000, 0x0000000083d00000, 0x0000000083e00000|  0%| F|  |TAMS 0x0000000083d00000, 0x0000000083d00000| Untracked 
|  20|0x0000000083e00000, 0x0000000083e00000, 0x0000000083f00000|  0%| F|  |TAMS 0x0000000083e00000, 0x0000000083e00000| Untracked 
|  21|0x0000000083f00000, 0x0000000083f00000, 0x0000000084000000|  0%| F|  |TAMS 0x0000000083f00000, 0x0000000083f00000| Untracked 
|  22|0x0000000084000000, 0x0000000084000000, 0x0000000084100000|  0%| F|  |TAMS 0x0000000084000000, 0x0000000084000000| Untracked 
|  23|0x0000000084100000, 0x0000000084100000, 0x0000000084200000|  0%| F|  |TAMS 0x0000000084100000, 0x0000000084100000| Untracked 
|  24|0x0000000084200000, 0x0000000084200000, 0x0000000084300000|  0%| F|  |TAMS 0x0000000084200000, 0x0000000084200000| Untracked 
|  25|0x0000000084300000, 0x0000000084300000, 0x0000000084400000|  0%| F|  |TAMS 0x0000000084300000, 0x0000000084300000| Untracked 
|  26|0x0000000084400000, 0x0000000084400000, 0x0000000084500000|  0%| F|  |TAMS 0x0000000084400000, 0x0000000084400000| Untracked 
|  27|0x0000000084500000, 0x0000000084500000, 0x0000000084600000|  0%| F|  |TAMS 0x0000000084500000, 0x0000000084500000| Untracked 
|  28|0x0000000084600000, 0x0000000084600000, 0x0000000084700000|  0%| F|  |TAMS 0x0000000084600000, 0x0000000084600000| Untracked 
|  29|0x0000000084700000, 0x0000000084700000, 0x0000000084800000|  0%| F|  |TAMS 0x0000000084700000, 0x0000000084700000| Untracked 
|  30|0x0000000084800000, 0x0000000084800000, 0x0000000084900000|  0%| F|  |TAMS 0x0000000084800000, 0x0000000084800000| Untracked 
|  31|0x0000000084900000, 0x0000000084900000, 0x0000000084a00000|  0%| F|  |TAMS 0x0000000084900000, 0x0000000084900000| Untracked 
|  32|0x0000000084a00000, 0x0000000084a00000, 0x0000000084b00000|  0%| F|  |TAMS 0x0000000084a00000, 0x0000000084a00000| Untracked 
|  33|0x0000000084b00000, 0x0000000084b00000, 0x0000000084c00000|  0%| F|  |TAMS 0x0000000084b00000, 0x0000000084b00000| Untracked 
|  34|0x0000000084c00000, 0x0000000084c00000, 0x0000000084d00000|  0%| F|  |TAMS 0x0000000084c00000, 0x0000000084c00000| Untracked 
|  35|0x0000000084d00000, 0x0000000084d00000, 0x0000000084e00000|  0%| F|  |TAMS 0x0000000084d00000, 0x0000000084d00000| Untracked 
|  36|0x0000000084e00000, 0x0000000084e00000, 0x0000000084f00000|  0%| F|  |TAMS 0x0000000084e00000, 0x0000000084e00000| Untracked 
|  37|0x0000000084f00000, 0x0000000084f00000, 0x0000000085000000|  0%| F|  |TAMS 0x0000000084f00000, 0x0000000084f00000| Untracked 
|  38|0x0000000085000000, 0x0000000085000000, 0x0000000085100000|  0%| F|  |TAMS 0x0000000085000000, 0x0000000085000000| Untracked 
|  39|0x0000000085100000, 0x0000000085100000, 0x0000000085200000|  0%| F|  |TAMS 0x0000000085100000, 0x0000000085100000| Untracked 
|  40|0x0000000085200000, 0x0000000085200000, 0x0000000085300000|  0%| F|  |TAMS 0x0000000085200000, 0x0000000085200000| Untracked 
|  41|0x0000000085300000, 0x0000000085300000, 0x0000000085400000|  0%| F|  |TAMS 0x0000000085300000, 0x0000000085300000| Untracked 
|  42|0x0000000085400000, 0x0000000085400000, 0x0000000085500000|  0%| F|  |TAMS 0x0000000085400000, 0x0000000085400000| Untracked 
|  43|0x0000000085500000, 0x0000000085500000, 0x0000000085600000|  0%| F|  |TAMS 0x0000000085500000, 0x0000000085500000| Untracked 
|  44|0x0000000085600000, 0x0000000085600000, 0x0000000085700000|  0%| F|  |TAMS 0x0000000085600000, 0x0000000085600000| Untracked 
|  45|0x0000000085700000, 0x0000000085800000, 0x0000000085800000|100%| S|CS|TAMS 0x0000000085700000, 0x0000000085700000| Complete 
|  46|0x0000000085800000, 0x0000000085900000, 0x0000000085900000|100%| S|CS|TAMS 0x0000000085800000, 0x0000000085800000| Complete 
|  47|0x0000000085900000, 0x0000000085a00000, 0x0000000085a00000|100%| S|CS|TAMS 0x0000000085900000, 0x0000000085900000| Complete 
|  48|0x0000000085a00000, 0x0000000085b00000, 0x0000000085b00000|100%| S|CS|TAMS 0x0000000085a00000, 0x0000000085a00000| Complete 
|  49|0x0000000085b00000, 0x0000000085c00000, 0x0000000085c00000|100%| S|CS|TAMS 0x0000000085b00000, 0x0000000085b00000| Complete 
|  50|0x0000000085c00000, 0x0000000085d00000, 0x0000000085d00000|100%| S|CS|TAMS 0x0000000085c00000, 0x0000000085c00000| Complete 
|  51|0x0000000085d00000, 0x0000000085e00000, 0x0000000085e00000|100%| S|CS|TAMS 0x0000000085d00000, 0x0000000085d00000| Complete 
|  52|0x0000000085e00000, 0x0000000085f00000, 0x0000000085f00000|100%| S|CS|TAMS 0x0000000085e00000, 0x0000000085e00000| Complete 
|  53|0x0000000085f00000, 0x0000000086000000, 0x0000000086000000|100%| S|CS|TAMS 0x0000000085f00000, 0x0000000085f00000| Complete 
|  54|0x0000000086000000, 0x0000000086000000, 0x0000000086100000|  0%| F|  |TAMS 0x0000000086000000, 0x0000000086000000| Untracked 
|  55|0x0000000086100000, 0x0000000086100000, 0x0000000086200000|  0%| F|  |TAMS 0x0000000086100000, 0x0000000086100000| Untracked 
|  56|0x0000000086200000, 0x0000000086200000, 0x0000000086300000|  0%| F|  |TAMS 0x0000000086200000, 0x0000000086200000| Untracked 
|  57|0x0000000086300000, 0x0000000086300000, 0x0000000086400000|  0%| F|  |TAMS 0x0000000086300000, 0x0000000086300000| Untracked 
|  58|0x0000000086400000, 0x0000000086400000, 0x0000000086500000|  0%| F|  |TAMS 0x0000000086400000, 0x0000000086400000| Untracked 
|  59|0x0000000086500000, 0x0000000086500000, 0x0000000086600000|  0%| F|  |TAMS 0x0000000086500000, 0x0000000086500000| Untracked 
|  60|0x0000000086600000, 0x0000000086600000, 0x0000000086700000|  0%| F|  |TAMS 0x0000000086600000, 0x0000000086600000| Untracked 
|  61|0x0000000086700000, 0x0000000086700000, 0x0000000086800000|  0%| F|  |TAMS 0x0000000086700000, 0x0000000086700000| Untracked 
|  62|0x0000000086800000, 0x0000000086800000, 0x0000000086900000|  0%| F|  |TAMS 0x0000000086800000, 0x0000000086800000| Untracked 
|  63|0x0000000086900000, 0x0000000086900000, 0x0000000086a00000|  0%| F|  |TAMS 0x0000000086900000, 0x0000000086900000| Untracked 
|  64|0x0000000086a00000, 0x0000000086a00000, 0x0000000086b00000|  0%| F|  |TAMS 0x0000000086a00000, 0x0000000086a00000| Untracked 
|  65|0x0000000086b00000, 0x0000000086b00000, 0x0000000086c00000|  0%| F|  |TAMS 0x0000000086b00000, 0x0000000086b00000| Untracked 
|  66|0x0000000086c00000, 0x0000000086c00000, 0x0000000086d00000|  0%| F|  |TAMS 0x0000000086c00000, 0x0000000086c00000| Untracked 
|  67|0x0000000086d00000, 0x0000000086d98668, 0x0000000086e00000| 59%| E|  |TAMS 0x0000000086d00000, 0x0000000086d00000| Complete 
|  68|0x0000000086e00000, 0x0000000086f00000, 0x0000000086f00000|100%| E|CS|TAMS 0x0000000086e00000, 0x0000000086e00000| Complete 
|  69|0x0000000086f00000, 0x0000000087000000, 0x0000000087000000|100%| E|CS|TAMS 0x0000000086f00000, 0x0000000086f00000| Complete 
|  70|0x0000000087000000, 0x0000000087100000, 0x0000000087100000|100%| E|CS|TAMS 0x0000000087000000, 0x0000000087000000| Complete 
|  71|0x0000000087100000, 0x0000000087200000, 0x0000000087200000|100%| E|CS|TAMS 0x0000000087100000, 0x0000000087100000| Complete 
|  72|0x0000000087200000, 0x0000000087300000, 0x0000000087300000|100%| E|CS|TAMS 0x0000000087200000, 0x0000000087200000| Complete 
|  73|0x0000000087300000, 0x0000000087400000, 0x0000000087400000|100%| E|CS|TAMS 0x0000000087300000, 0x0000000087300000| Complete 
|  74|0x0000000087400000, 0x0000000087500000, 0x0000000087500000|100%| E|CS|TAMS 0x0000000087400000, 0x0000000087400000| Complete 
|  75|0x0000000087500000, 0x0000000087600000, 0x0000000087600000|100%| E|CS|TAMS 0x0000000087500000, 0x0000000087500000| Complete 
|  76|0x0000000087600000, 0x0000000087700000, 0x0000000087700000|100%| E|CS|TAMS 0x0000000087600000, 0x0000000087600000| Complete 
|  77|0x0000000087700000, 0x0000000087800000, 0x0000000087800000|100%| E|CS|TAMS 0x0000000087700000, 0x0000000087700000| Complete 
|  78|0x0000000087800000, 0x0000000087900000, 0x0000000087900000|100%| E|CS|TAMS 0x0000000087800000, 0x0000000087800000| Complete 
|  79|0x0000000087900000, 0x0000000087a00000, 0x0000000087a00000|100%| E|CS|TAMS 0x0000000087900000, 0x0000000087900000| Complete 
|  80|0x0000000087a00000, 0x0000000087b00000, 0x0000000087b00000|100%| E|CS|TAMS 0x0000000087a00000, 0x0000000087a00000| Complete 
|  81|0x0000000087b00000, 0x0000000087c00000, 0x0000000087c00000|100%| E|CS|TAMS 0x0000000087b00000, 0x0000000087b00000| Complete 
|  82|0x0000000087c00000, 0x0000000087d00000, 0x0000000087d00000|100%| E|CS|TAMS 0x0000000087c00000, 0x0000000087c00000| Complete 
|  83|0x0000000087d00000, 0x0000000087e00000, 0x0000000087e00000|100%| E|CS|TAMS 0x0000000087d00000, 0x0000000087d00000| Complete 
|  84|0x0000000087e00000, 0x0000000087f00000, 0x0000000087f00000|100%| E|CS|TAMS 0x0000000087e00000, 0x0000000087e00000| Complete 
|  85|0x0000000087f00000, 0x0000000088000000, 0x0000000088000000|100%| E|CS|TAMS 0x0000000087f00000, 0x0000000087f00000| Complete 
| 125|0x000000008a700000, 0x000000008a800000, 0x000000008a800000|100%| E|CS|TAMS 0x000000008a700000, 0x000000008a700000| Complete 

Card table byte_map: [0x00000188f2aa0000,0x00000188f2e90000] _byte_map_base: 0x00000188f268b000

Marking Bits (Prev, Next): (CMBitMap*) 0x00000188dbb37770, (CMBitMap*) 0x00000188dbb377b0
 Prev Bits: [0x00000188f3280000, 0x00000188f51d8000)
 Next Bits: [0x00000188f51e0000, 0x00000188f7138000)

Polling page: 0x00000188d9a20000

Metaspace:

Usage:
  Non-class:     32.79 MB used.
      Class:      4.69 MB used.
       Both:     37.47 MB used.

Virtual space:
  Non-class space:       64.00 MB reserved,      32.88 MB ( 51%) committed,  1 nodes.
      Class space:        1.00 GB reserved,       4.75 MB ( <1%) committed,  1 nodes.
             Both:        1.06 GB reserved,      37.62 MB (  3%) committed. 

Chunk freelists:
   Non-Class:  14.38 MB
       Class:  11.25 MB
        Both:  25.63 MB

MaxMetaspaceSize: unlimited
CompressedClassSpaceSize: 1.00 GB
Initial GC threshold: 21.00 MB
Current GC threshold: 54.81 MB
CDS: on
MetaspaceReclaimPolicy: balanced
 - commit_granule_bytes: 65536.
 - commit_granule_words: 8192.
 - virtual_space_node_default_size: 8388608.
 - enlarge_chunks_in_place: 1.
 - new_chunks_are_fully_committed: 0.
 - uncommit_free_chunks: 1.
 - use_allocation_guard: 0.
 - handle_deallocations: 1.


Internal statistics:

num_allocs_failed_limit: 36.
num_arena_births: 200.
num_arena_deaths: 0.
num_vsnodes_births: 2.
num_vsnodes_deaths: 0.
num_space_committed: 601.
num_space_uncommitted: 0.
num_chunks_returned_to_freelist: 36.
num_chunks_taken_from_freelist: 1463.
num_chunk_merges: 36.
num_chunk_splits: 1249.
num_chunks_enlarged: 1100.
num_inconsistent_stats: 0.

CodeHeap 'non-profiled nmethods': size=120000Kb used=1152Kb max_used=1152Kb free=118847Kb
 bounds [0x00000188eae50000, 0x00000188eb0c0000, 0x00000188f2380000]
CodeHeap 'profiled nmethods': size=120000Kb used=6089Kb max_used=6089Kb free=113910Kb
 bounds [0x00000188e3380000, 0x00000188e3980000, 0x00000188ea8b0000]
CodeHeap 'non-nmethods': size=5760Kb used=1277Kb max_used=1318Kb free=4482Kb
 bounds [0x00000188ea8b0000, 0x00000188eab20000, 0x00000188eae50000]
 total_blobs=3660 nmethods=3069 adapters=503
 compilation: enabled
              stopped_count=0, restarted_count=0
 full_count=0

Compilation events (20 events):
Event: 11.242 Thread 0x00000188f9b7b4b0 nmethod 3063 0x00000188e395ec10 code [0x00000188e395f140, 0x00000188e3961cf8]
Event: 11.242 Thread 0x00000188f9b7b4b0 3067       3       org.jetbrains.kotlin.metadata.ProtoBuf$Type::writeTo (354 bytes)
Event: 11.245 Thread 0x00000188f9b7b4b0 nmethod 3067 0x00000188e3963090 code [0x00000188e3963760, 0x00000188e3966878]
Event: 11.245 Thread 0x00000188f9b7b4b0 3073       3       org.jetbrains.kotlin.metadata.ProtoBuf$Function::getSerializedSize (512 bytes)
Event: 11.249 Thread 0x00000188f9b7b4b0 nmethod 3073 0x00000188e3967b90 code [0x00000188e3968260, 0x00000188e396bbf8]
Event: 11.249 Thread 0x00000188f9b7b4b0 3065       3       org.jetbrains.kotlin.protobuf.CodedOutputStream::computeMessageSize (10 bytes)
Event: 11.249 Thread 0x00000188f9b7b4b0 nmethod 3065 0x00000188e396cf90 code [0x00000188e396d160, 0x00000188e396d4a8]
Event: 11.249 Thread 0x00000188f9b7b4b0 3070  s    3       java.io.ByteArrayOutputStream::toByteArray (12 bytes)
Event: 11.250 Thread 0x00000188f9b7b4b0 nmethod 3070 0x00000188e396d610 code [0x00000188e396d7c0, 0x00000188e396d9a8]
Event: 11.250 Thread 0x00000188f9b7b4b0 3066       3       org.jetbrains.kotlin.protobuf.FieldSet::getWireFormatForFieldType (11 bytes)
Event: 11.250 Thread 0x00000188f9b7b4b0 nmethod 3066 0x00000188e396da90 code [0x00000188e396dc20, 0x00000188e396de18]
Event: 11.250 Thread 0x00000188f9b7b4b0 3061       3       org.jetbrains.kotlin.metadata.ProtoBuf$Type$Argument::hasType (16 bytes)
Event: 11.275 Thread 0x00000188f9b7b4b0 nmethod 3061 0x00000188e396df10 code [0x00000188e396e0a0, 0x00000188e396e218]
Event: 11.275 Thread 0x00000188f9b7b4b0 3064       3       org.jetbrains.kotlin.metadata.ProtoBuf$Type$Argument::isInitialized (49 bytes)
Event: 11.281 Thread 0x00000188f9b7b4b0 nmethod 3064 0x00000188e396e290 code [0x00000188e396e460, 0x00000188e396e808]
Event: 11.281 Thread 0x00000188f9b7b4b0 3068       1       org.jetbrains.kotlin.metadata.ProtoBuf$TypeParameter::getUpperBoundIdList (5 bytes)
Event: 11.281 Thread 0x00000188f9b7b4b0 nmethod 3068 0x00000188eaf6f510 code [0x00000188eaf6f6a0, 0x00000188eaf6f778]
Event: 11.281 Thread 0x00000188f9b7b4b0 3074       1       org.jetbrains.kotlin.storage.DefaultSimpleLock::getLock (5 bytes)
Event: 11.281 Thread 0x00000188f9b7b4b0 nmethod 3074 0x00000188eaf6f810 code [0x00000188eaf6f9a0, 0x00000188eaf6fa78]
Event: 11.287 Thread 0x00000188f9b7b4b0 3075       3       jdk.internal.org.objectweb.asm.ClassWriter::visit (160 bytes)

GC Heap History (8 events):
Event: 1.686 GC heap before
{Heap before GC invocations=0 (full 0):
 garbage-first heap   total 129024K, used 27648K [0x0000000082a00000, 0x0000000100000000)
  region size 1024K, 23 young (23552K), 0 survivors (0K)
 Metaspace       used 6574K, committed 6720K, reserved 1114112K
  class space    used 661K, committed 768K, reserved 1048576K
}
Event: 1.717 GC heap after
{Heap after GC invocations=1 (full 0):
 garbage-first heap   total 129024K, used 6911K [0x0000000082a00000, 0x0000000100000000)
  region size 1024K, 3 young (3072K), 3 survivors (3072K)
 Metaspace       used 6574K, committed 6720K, reserved 1114112K
  class space    used 661K, committed 768K, reserved 1048576K
}
Event: 3.654 GC heap before
{Heap before GC invocations=1 (full 0):
 garbage-first heap   total 129024K, used 40703K [0x0000000082a00000, 0x0000000100000000)
  region size 1024K, 36 young (36864K), 3 survivors (3072K)
 Metaspace       used 14203K, committed 14464K, reserved 1114112K
  class space    used 1624K, committed 1728K, reserved 1048576K
}
Event: 3.667 GC heap after
{Heap after GC invocations=2 (full 0):
 garbage-first heap   total 129024K, used 10417K [0x0000000082a00000, 0x0000000100000000)
  region size 1024K, 4 young (4096K), 4 survivors (4096K)
 Metaspace       used 14203K, committed 14464K, reserved 1114112K
  class space    used 1624K, committed 1728K, reserved 1048576K
}
Event: 5.649 GC heap before
{Heap before GC invocations=2 (full 0):
 garbage-first heap   total 129024K, used 39089K [0x0000000082a00000, 0x0000000100000000)
  region size 1024K, 29 young (29696K), 4 survivors (4096K)
 Metaspace       used 21335K, committed 21504K, reserved 1114112K
  class space    used 2793K, committed 2880K, reserved 1048576K
}
Event: 5.659 GC heap after
{Heap after GC invocations=3 (full 0):
 garbage-first heap   total 129024K, used 16653K [0x0000000082a00000, 0x0000000100000000)
  region size 1024K, 6 young (6144K), 6 survivors (6144K)
 Metaspace       used 21335K, committed 21504K, reserved 1114112K
  class space    used 2793K, committed 2880K, reserved 1048576K
}
Event: 9.985 GC heap before
{Heap before GC invocations=4 (full 0):
 garbage-first heap   total 129024K, used 86285K [0x0000000082a00000, 0x0000000100000000)
  region size 1024K, 72 young (73728K), 6 survivors (6144K)
 Metaspace       used 33386K, committed 33536K, reserved 1114112K
  class space    used 4224K, committed 4288K, reserved 1048576K
}
Event: 10.015 GC heap after
{Heap after GC invocations=5 (full 0):
 garbage-first heap   total 129024K, used 25475K [0x0000000082a00000, 0x0000000100000000)
  region size 1024K, 9 young (9216K), 9 survivors (9216K)
 Metaspace       used 33386K, committed 33536K, reserved 1114112K
  class space    used 4224K, committed 4288K, reserved 1048576K
}

Deoptimization events (20 events):
Event: 10.400 Thread 0x00000188dbadb340 Uncommon trap: trap_request=0xffffffde fr.pc=0x00000188eaf40940 relative=0x0000000000000f40
Event: 10.401 Thread 0x00000188dbadb340 Uncommon trap: reason=class_check action=maybe_recompile pc=0x00000188eaf40940 method=java.util.HashMap.putVal(ILjava/lang/Object;Ljava/lang/Object;ZZ)Ljava/lang/Object; @ 203 c2
Event: 10.401 Thread 0x00000188dbadb340 DEOPT PACKING pc=0x00000188eaf40940 sp=0x00000008655fcfd0
Event: 10.401 Thread 0x00000188dbadb340 DEOPT UNPACKING pc=0x00000188ea9023a3 sp=0x00000008655fcef0 mode 2
Event: 11.088 Thread 0x00000188dbadb340 Uncommon trap: trap_request=0xffffffc6 fr.pc=0x00000188eaf37af0 relative=0x0000000000000610
Event: 11.088 Thread 0x00000188dbadb340 Uncommon trap: reason=bimorphic_or_optimized_type_check action=maybe_recompile pc=0x00000188eaf37af0 method=org.jetbrains.kotlin.protobuf.CodedInputStream.tryRefillBuffer(I)Z @ 177 c2
Event: 11.088 Thread 0x00000188dbadb340 DEOPT PACKING pc=0x00000188eaf37af0 sp=0x00000008655fa570
Event: 11.088 Thread 0x00000188dbadb340 DEOPT UNPACKING pc=0x00000188ea9023a3 sp=0x00000008655fa458 mode 2
Event: 11.091 Thread 0x00000188dbadb340 Uncommon trap: trap_request=0xffffffc6 fr.pc=0x00000188eaf37af0 relative=0x0000000000000610
Event: 11.091 Thread 0x00000188dbadb340 Uncommon trap: reason=bimorphic_or_optimized_type_check action=maybe_recompile pc=0x00000188eaf37af0 method=org.jetbrains.kotlin.protobuf.CodedInputStream.tryRefillBuffer(I)Z @ 177 c2
Event: 11.091 Thread 0x00000188dbadb340 DEOPT PACKING pc=0x00000188eaf37af0 sp=0x00000008655f9e50
Event: 11.091 Thread 0x00000188dbadb340 DEOPT UNPACKING pc=0x00000188ea9023a3 sp=0x00000008655f9d30 mode 2
Event: 11.093 Thread 0x00000188dbadb340 Uncommon trap: trap_request=0xffffffc6 fr.pc=0x00000188eaf37af0 relative=0x0000000000000610
Event: 11.093 Thread 0x00000188dbadb340 Uncommon trap: reason=bimorphic_or_optimized_type_check action=maybe_recompile pc=0x00000188eaf37af0 method=org.jetbrains.kotlin.protobuf.CodedInputStream.tryRefillBuffer(I)Z @ 177 c2
Event: 11.093 Thread 0x00000188dbadb340 DEOPT PACKING pc=0x00000188eaf37af0 sp=0x00000008655fa570
Event: 11.093 Thread 0x00000188dbadb340 DEOPT UNPACKING pc=0x00000188ea9023a3 sp=0x00000008655fa458 mode 2
Event: 11.182 Thread 0x00000188dbadb340 Uncommon trap: trap_request=0xffffffc6 fr.pc=0x00000188eaf37af0 relative=0x0000000000000610
Event: 11.182 Thread 0x00000188dbadb340 Uncommon trap: reason=bimorphic_or_optimized_type_check action=maybe_recompile pc=0x00000188eaf37af0 method=org.jetbrains.kotlin.protobuf.CodedInputStream.tryRefillBuffer(I)Z @ 177 c2
Event: 11.182 Thread 0x00000188dbadb340 DEOPT PACKING pc=0x00000188eaf37af0 sp=0x00000008655faaa0
Event: 11.182 Thread 0x00000188dbadb340 DEOPT UNPACKING pc=0x00000188ea9023a3 sp=0x00000008655fa988 mode 2

Classes unloaded (0 events):
No events

Classes redefined (0 events):
No events

Internal exceptions (20 events):
Event: 2.682 Thread 0x00000188dbadb340 Exception <a 'java/lang/NoSuchMethodError'{0x0000000089662db0}: 'int java.lang.invoke.Invokers$Holder.invoke_MT(java.lang.Object, java.lang.Object, java.lang.Object, java.lang.Object)'> (0x0000000089662db0) 
thrown [s\open\src\hotspot\share\interpreter\linkResolver.cpp, line 759]
Event: 2.685 Thread 0x00000188dbadb340 Exception <a 'java/lang/NoSuchMethodError'{0x00000000896729d0}: 'int java.lang.invoke.DelegatingMethodHandle$Holder.reinvoke_L(java.lang.Object, java.lang.Object, java.lang.Object, long, int)'> (0x00000000896729d0) 
thrown [s\open\src\hotspot\share\interpreter\linkResolver.cpp, line 759]
Event: 2.967 Thread 0x00000188dbadb340 Exception <a 'java/lang/NoSuchMethodError'{0x00000000893d2e10}: 'java.lang.Object java.lang.invoke.DirectMethodHandle$Holder.invokeStaticInit(java.lang.Object)'> (0x00000000893d2e10) 
thrown [s\open\src\hotspot\share\interpreter\linkResolver.cpp, line 759]
Event: 3.345 Thread 0x00000188dbadb340 Exception <a 'java/lang/NoSuchMethodError'{0x000000008899e530}: 'java.lang.Object java.lang.invoke.DirectMethodHandle$Holder.invokeStaticInit(java.lang.Object, int)'> (0x000000008899e530) 
thrown [s\open\src\hotspot\share\interpreter\linkResolver.cpp, line 759]
Event: 3.365 Thread 0x00000188dbadb340 Exception <a 'java/lang/NoSuchMethodError'{0x0000000088828728}: 'void java.lang.invoke.DirectMethodHandle$Holder.invokeStatic(java.lang.Object, java.lang.Object)'> (0x0000000088828728) 
thrown [s\open\src\hotspot\share\interpreter\linkResolver.cpp, line 759]
Event: 3.421 Thread 0x00000188dbadb340 Exception <a 'java/lang/NoSuchMethodError'{0x00000000887635e8}: 'long java.lang.invoke.DirectMethodHandle$Holder.invokeStatic(java.lang.Object)'> (0x00000000887635e8) 
thrown [s\open\src\hotspot\share\interpreter\linkResolver.cpp, line 759]
Event: 3.422 Thread 0x00000188dbadb340 Exception <a 'java/lang/NoSuchMethodError'{0x0000000088766d40}: 'long java.lang.invoke.DirectMethodHandle$Holder.invokeStaticInit(java.lang.Object)'> (0x0000000088766d40) 
thrown [s\open\src\hotspot\share\interpreter\linkResolver.cpp, line 759]
Event: 3.693 Thread 0x00000188dbadb340 Exception <a 'java/lang/NoSuchMethodError'{0x000000008a75fc70}: 'int java.lang.invoke.DirectMethodHandle$Holder.invokeStaticInit(java.lang.Object, java.lang.Object, java.lang.Object)'> (0x000000008a75fc70) 
thrown [s\open\src\hotspot\share\interpreter\linkResolver.cpp, line 759]
Event: 3.702 Thread 0x00000188dbadb340 Exception <a 'java/lang/NoSuchMethodError'{0x000000008a788848}: 'int java.lang.invoke.DirectMethodHandle$Holder.invokeStaticInit(java.lang.Object, java.lang.Object)'> (0x000000008a788848) 
thrown [s\open\src\hotspot\share\interpreter\linkResolver.cpp, line 759]
Event: 3.749 Thread 0x00000188dbadb340 Exception <a 'java/lang/NoSuchMethodError'{0x000000008a664680}: 'void java.lang.invoke.DirectMethodHandle$Holder.invokeSpecial(java.lang.Object, java.lang.Object, java.lang.Object)'> (0x000000008a664680) 
thrown [s\open\src\hotspot\share\interpreter\linkResolver.cpp, line 759]
Event: 4.606 Thread 0x00000188dbadb340 Exception <a 'java/lang/NoSuchMethodError'{0x0000000089b45fc8}: 'void java.lang.invoke.DirectMethodHandle$Holder.invokeStatic(java.lang.Object, java.lang.Object, java.lang.Object, java.lang.Object)'> (0x0000000089b45fc8) 
thrown [s\open\src\hotspot\share\interpreter\linkResolver.cpp, line 759]
Event: 4.763 Thread 0x00000188dbadb340 Exception <a 'java/lang/NoSuchMethodError'{0x0000000089759650}: 'void java.lang.invoke.DirectMethodHandle$Holder.invokeStaticInit(java.lang.Object, java.lang.Object)'> (0x0000000089759650) 
thrown [s\open\src\hotspot\share\interpreter\linkResolver.cpp, line 759]
Event: 5.051 Thread 0x00000188dbadb340 Exception <a 'java/lang/NoSuchMethodError'{0x0000000089380718}: 'void java.lang.invoke.DirectMethodHandle$Holder.invokeVirtual(java.lang.Object, java.lang.Object)'> (0x0000000089380718) 
thrown [s\open\src\hotspot\share\interpreter\linkResolver.cpp, line 759]
Event: 5.081 Thread 0x00000188dbadb340 Exception <a 'java/lang/NoSuchMethodError'{0x000000008920a8a0}: 'int java.lang.invoke.DirectMethodHandle$Holder.invokeVirtual(java.lang.Object, java.lang.Object)'> (0x000000008920a8a0) 
thrown [s\open\src\hotspot\share\interpreter\linkResolver.cpp, line 759]
Event: 5.196 Thread 0x00000188dbadb340 Exception <a 'java/lang/NoSuchMethodError'{0x00000000892b06a0}: 'java.lang.Object java.lang.invoke.Invokers$Holder.invokeExact_MT(java.lang.Object, java.lang.Object, java.lang.Object, java.lang.Object, java.lang.Object, java.lang.Object)'> (0x00000000892b06a0) 
thrown [s\open\src\hotspot\share\interpreter\linkResolver.cpp, line 759]
Event: 8.070 Thread 0x00000188dbadb340 Exception <a 'java/lang/NoSuchMethodError'{0x0000000088341e68}: 'java.lang.Object java.lang.invoke.DirectMethodHandle$Holder.invokeVirtual(java.lang.Object, java.lang.Object, java.lang.Object)'> (0x0000000088341e68) 
thrown [s\open\src\hotspot\share\interpreter\linkResolver.cpp, line 759]
Event: 10.234 Thread 0x00000188dbadb340 Exception <a 'java/lang/NoSuchMethodError'{0x0000000087edbe38}: 'java.lang.Object java.lang.invoke.DirectMethodHandle$Holder.newInvokeSpecial(java.lang.Object, java.lang.Object, int)'> (0x0000000087edbe38) 
thrown [s\open\src\hotspot\share\interpreter\linkResolver.cpp, line 759]
Event: 10.510 Thread 0x00000188dbadb340 Exception <a 'java/lang/NoSuchMethodError'{0x0000000087bd2460}: 'java.lang.Object java.lang.invoke.DirectMethodHandle$Holder.newInvokeSpecial(java.lang.Object, java.lang.Object, java.lang.Object, int)'> (0x0000000087bd2460) 
thrown [s\open\src\hotspot\share\interpreter\linkResolver.cpp, line 759]
Event: 10.511 Thread 0x00000188dbadb340 Exception <a 'java/lang/NoSuchMethodError'{0x0000000087bd6ae8}: 'java.lang.Object java.lang.invoke.DirectMethodHandle$Holder.invokeSpecial(java.lang.Object, java.lang.Object, java.lang.Object, java.lang.Object, int)'> (0x0000000087bd6ae8) 
thrown [s\open\src\hotspot\share\interpreter\linkResolver.cpp, line 759]
Event: 10.512 Thread 0x00000188dbadb340 Exception <a 'java/lang/NoSuchMethodError'{0x0000000087bda958}: 'java.lang.Object java.lang.invoke.Invokers$Holder.linkToTargetMethod(java.lang.Object, java.lang.Object, int, java.lang.Object)'> (0x0000000087bda958) 
thrown [s\open\src\hotspot\share\interpreter\linkResolver.cpp, line 759]

VM Operations (20 events):
Event: 9.084 Executing VM operation: HandshakeAllThreads
Event: 9.084 Executing VM operation: HandshakeAllThreads done
Event: 9.984 Executing VM operation: G1CollectForAllocation
Event: 10.016 Executing VM operation: G1CollectForAllocation done
Event: 10.030 Executing VM operation: G1Concurrent
Event: 10.043 Executing VM operation: G1Concurrent done
Event: 10.043 Executing VM operation: G1Concurrent
Event: 10.066 Executing VM operation: G1Concurrent done
Event: 10.441 Executing VM operation: HandshakeAllThreads
Event: 10.441 Executing VM operation: HandshakeAllThreads done
Event: 10.505 Executing VM operation: HandshakeAllThreads
Event: 10.505 Executing VM operation: HandshakeAllThreads done
Event: 10.679 Executing VM operation: HandshakeAllThreads
Event: 10.679 Executing VM operation: HandshakeAllThreads done
Event: 10.764 Executing VM operation: HandshakeAllThreads
Event: 10.764 Executing VM operation: HandshakeAllThreads done
Event: 11.171 Executing VM operation: HandshakeAllThreads
Event: 11.171 Executing VM operation: HandshakeAllThreads done
Event: 11.171 Executing VM operation: Cleanup
Event: 11.171 Executing VM operation: Cleanup done

Events (20 events):
Event: 10.133 loading class java/util/EmptyStackException
Event: 10.133 loading class java/util/EmptyStackException done
Event: 10.164 loading class java/util/BitSet
Event: 10.164 loading class java/util/BitSet done
Event: 10.167 loading class java/util/PrimitiveIterator$OfInt
Event: 10.167 loading class java/util/PrimitiveIterator
Event: 10.167 loading class java/util/PrimitiveIterator done
Event: 10.167 loading class java/util/PrimitiveIterator$OfInt done
Event: 10.233 loading class java/util/function/IntUnaryOperator
Event: 10.233 loading class java/util/function/IntUnaryOperator done
Event: 10.440 loading class java/util/ArrayList$ListItr
Event: 10.441 loading class java/util/ArrayList$ListItr done
Event: 10.677 loading class java/util/AbstractList$SubList$1
Event: 10.678 loading class java/util/AbstractList$SubList$1 done
Event: 10.678 loading class java/util/AbstractList$ListItr
Event: 10.678 loading class java/util/AbstractList$ListItr done
Event: 10.830 loading class java/text/StringCharacterIterator
Event: 10.830 loading class java/text/CharacterIterator
Event: 10.830 loading class java/text/CharacterIterator done
Event: 10.830 loading class java/text/StringCharacterIterator done


Dynamic libraries:
0x00007ff6cce50000 - 0x00007ff6cce60000 	C:\Program Files\Java\jdk-17\bin\java.exe
0x00007ffa84dd0000 - 0x00007ffa84fe7000 	C:\WINDOWS\SYSTEM32\ntdll.dll
0x00007ffa83970000 - 0x00007ffa83a34000 	C:\WINDOWS\System32\KERNEL32.DLL
0x00007ffa82420000 - 0x00007ffa827d7000 	C:\WINDOWS\System32\KERNELBASE.dll
0x00007ffa82190000 - 0x00007ffa822a1000 	C:\WINDOWS\System32\ucrtbase.dll
0x00007ffa599f0000 - 0x00007ffa59a09000 	C:\Program Files\Java\jdk-17\bin\jli.dll
0x00007ffa83140000 - 0x00007ffa831f2000 	C:\WINDOWS\System32\ADVAPI32.dll
0x00007ffa83020000 - 0x00007ffa830c7000 	C:\WINDOWS\System32\msvcrt.dll
0x00007ffa599d0000 - 0x00007ffa599eb000 	C:\Program Files\Java\jdk-17\bin\VCRUNTIME140.dll
0x00007ffa847b0000 - 0x00007ffa84858000 	C:\WINDOWS\System32\sechost.dll
0x00007ffa82160000 - 0x00007ffa82188000 	C:\WINDOWS\System32\bcrypt.dll
0x00007ffa83220000 - 0x00007ffa83334000 	C:\WINDOWS\System32\RPCRT4.dll
0x00007ffa84600000 - 0x00007ffa847af000 	C:\WINDOWS\System32\USER32.dll
0x00007ffa829b0000 - 0x00007ffa829d6000 	C:\WINDOWS\System32\win32u.dll
0x00007ffa84c10000 - 0x00007ffa84c39000 	C:\WINDOWS\System32\GDI32.dll
0x00007ffa829e0000 - 0x00007ffa82af8000 	C:\WINDOWS\System32\gdi32full.dll
0x00007ffa827e0000 - 0x00007ffa8287a000 	C:\WINDOWS\System32\msvcp_win.dll
0x00007ffa81400000 - 0x00007ffa81693000 	C:\WINDOWS\WinSxS\amd64_microsoft.windows.common-controls_6595b64144ccf1df_6.0.22621.3672_none_2713b9d173822955\COMCTL32.dll
0x00007ffa7e4e0000 - 0x00007ffa7e4ea000 	C:\WINDOWS\SYSTEM32\VERSION.dll
0x00007ffa83ba0000 - 0x00007ffa83bd1000 	C:\WINDOWS\System32\IMM32.DLL
0x00007ffa599c0000 - 0x00007ffa599cc000 	C:\Program Files\Java\jdk-17\bin\vcruntime140_1.dll
0x00007ffa59810000 - 0x00007ffa5989e000 	C:\Program Files\Java\jdk-17\bin\msvcp140.dll
0x00007ffa58c30000 - 0x00007ffa5980f000 	C:\Program Files\Java\jdk-17\bin\server\jvm.dll
0x00007ffa848e0000 - 0x00007ffa848e8000 	C:\WINDOWS\System32\PSAPI.DLL
0x00007ffa599b0000 - 0x00007ffa599b9000 	C:\WINDOWS\SYSTEM32\WSOCK32.dll
0x00007ffa82b90000 - 0x00007ffa82c01000 	C:\WINDOWS\System32\WS2_32.dll
0x00007ffa7a2c0000 - 0x00007ffa7a2f4000 	C:\WINDOWS\SYSTEM32\WINMM.dll
0x00007ffa80210000 - 0x00007ffa80228000 	C:\WINDOWS\SYSTEM32\kernel.appcore.dll
0x00007ffa59950000 - 0x00007ffa5995a000 	C:\Program Files\Java\jdk-17\bin\jimage.dll
0x00007ffa81950000 - 0x00007ffa81b82000 	C:\WINDOWS\SYSTEM32\DBGHELP.DLL
0x00007ffa82c70000 - 0x00007ffa82ffe000 	C:\WINDOWS\System32\combase.dll
0x00007ffa84b30000 - 0x00007ffa84c07000 	C:\WINDOWS\System32\OLEAUT32.dll
0x00007ffa81840000 - 0x00007ffa81872000 	C:\WINDOWS\SYSTEM32\dbgcore.DLL
0x00007ffa820e0000 - 0x00007ffa8215b000 	C:\WINDOWS\System32\bcryptPrimitives.dll
0x00007ffa58b30000 - 0x00007ffa58b55000 	C:\Program Files\Java\jdk-17\bin\java.dll
0x00007ffa589b0000 - 0x00007ffa58a87000 	C:\Program Files\Java\jdk-17\bin\jsvml.dll
0x00007ffa83be0000 - 0x00007ffa84449000 	C:\WINDOWS\System32\SHELL32.dll
0x00007ffa7f0e0000 - 0x00007ffa7f9df000 	C:\WINDOWS\SYSTEM32\windows.storage.dll
0x00007ffa7efa0000 - 0x00007ffa7f0df000 	C:\WINDOWS\SYSTEM32\wintypes.dll
0x00007ffa83340000 - 0x00007ffa83439000 	C:\WINDOWS\System32\SHCORE.dll
0x00007ffa848f0000 - 0x00007ffa8494e000 	C:\WINDOWS\System32\shlwapi.dll
0x00007ffa82010000 - 0x00007ffa82037000 	C:\WINDOWS\SYSTEM32\profapi.dll
0x00007ffa58590000 - 0x00007ffa585a9000 	C:\Program Files\Java\jdk-17\bin\net.dll
0x00007ffa7a600000 - 0x00007ffa7a736000 	C:\WINDOWS\SYSTEM32\WINHTTP.dll
0x00007ffa80730000 - 0x00007ffa80799000 	C:\WINDOWS\system32\mswsock.dll
0x00007ffa58570000 - 0x00007ffa58586000 	C:\Program Files\Java\jdk-17\bin\nio.dll
0x00007ffa58550000 - 0x00007ffa58568000 	C:\Program Files\Java\jdk-17\bin\zip.dll
0x00007ffa68650000 - 0x00007ffa68660000 	C:\Program Files\Java\jdk-17\bin\verify.dll

dbghelp: loaded successfully - version: 4.0.5 - missing functions: none
symbol engine: initialized successfully - sym options: 0x614 - pdb path: .;C:\Program Files\Java\jdk-17\bin;C:\WINDOWS\SYSTEM32;C:\WINDOWS\WinSxS\amd64_microsoft.windows.common-controls_6595b64144ccf1df_6.0.22621.3672_none_2713b9d173822955;C:\Program Files\Java\jdk-17\bin\server

VM Arguments:
java_command: org.jetbrains.kotlin.cli.jvm.K2JVMCompiler @D:\Atpar\ExpoPushNotifications2\node_modules\expo-keep-awake\android\build\20241017_16466170219466225102.compiler.options
java_class_path (initial): C:\Users\Sai Mahesh\.gradle\caches\modules-2\files-2.1\org.jetbrains.kotlin\kotlin-compiler-embeddable\1.8.0\eb9118d4bcceaa2a94b2ae2a33a4ddba7c9a947f\kotlin-compiler-embeddable-1.8.0.jar;C:\Users\Sai Mahesh\.gradle\caches\modules-2\files-2.1\org.jetbrains.kotlin\kotlin-stdlib\1.8.0\1796921c7a3e2e2665a83e6c8d33399336cd39bc\kotlin-stdlib-1.8.0.jar;C:\Users\Sai Mahesh\.gradle\caches\modules-2\files-2.1\org.jetbrains.kotlin\kotlin-script-runtime\1.8.0\b2f7e760d283cb339974851c222a4c1d48f2d3d\kotlin-script-runtime-1.8.0.jar;C:\Users\Sai Mahesh\.gradle\caches\modules-2\files-2.1\org.jetbrains.kotlin\kotlin-reflect\1.6.10\1cbe9c92c12a94eea200d23c2bbaedaf3daf5132\kotlin-reflect-1.6.10.jar;C:\Users\Sai Mahesh\.gradle\caches\modules-2\files-2.1\org.jetbrains.kotlin\kotlin-daemon-embeddable\1.8.0\d255216c551685dc3a7e852b53617f5f01aaaa5c\kotlin-daemon-embeddable-1.8.0.jar;C:\Users\Sai Mahesh\.gradle\caches\modules-2\files-2.1\org.jetbrains.intellij.deps\trove4j\1.0.20200330\3afb14d5f9ceb459d724e907a21145e8ff394f02\trove4j-1.0.20200330.jar;C:\Users\Sai Mahesh\.gradle\caches\modules-2\files-2.1\net.java.dev.jna\jna\5.6.0\330f2244e9030119ab3030fc3fededc86713d9cc\jna-5.6.0.jar;C:\Users\Sai Mahesh\.gradle\caches\modules-2\files-2.1\org.jetbrains.kotlin\kotlin-stdlib-common\1.8.0\f7197e7cc76453ac59f8b0f8d5137cc600becd36\kotlin-stdlib-common-1.8.0.jar;C:\Users\Sai Mahesh\.gradle\caches\modules-2\files-2.1\org.jetbrains\annotations\13.0\919f0dfe192fb4e063e7dacadee7f8bb9a2672a9\annotations-13.0.jar
Launcher Type: SUN_STANDARD

[Global flags]
     intx CICompilerCount                          = 4                                         {product} {ergonomic}
     uint ConcGCThreads                            = 2                                         {product} {ergonomic}
     uint G1ConcRefinementThreads                  = 8                                         {product} {ergonomic}
   size_t G1HeapRegionSize                         = 1048576                                   {product} {ergonomic}
    uintx GCDrainStackTargetSize                   = 64                                        {product} {ergonomic}
   size_t InitialHeapSize                          = 132120576                                 {product} {ergonomic}
   size_t MarkStackSize                            = 4194304                                   {product} {ergonomic}
   size_t MaxHeapSize                              = 2103443456                                {product} {ergonomic}
   size_t MaxNewSize                               = 1261436928                                {product} {ergonomic}
   size_t MinHeapDeltaBytes                        = 1048576                                   {product} {ergonomic}
   size_t MinHeapSize                              = 8388608                                   {product} {ergonomic}
    uintx NonNMethodCodeHeapSize                   = 5839372                                {pd product} {ergonomic}
    uintx NonProfiledCodeHeapSize                  = 122909434                              {pd product} {ergonomic}
    uintx ProfiledCodeHeapSize                     = 122909434                              {pd product} {ergonomic}
    uintx ReservedCodeCacheSize                    = 251658240                              {pd product} {ergonomic}
     bool SegmentedCodeCache                       = true                                      {product} {ergonomic}
   size_t SoftMaxHeapSize                          = 2103443456                             {manageable} {ergonomic}
     bool UseCompressedClassPointers               = true                           {product lp64_product} {ergonomic}
     bool UseCompressedOops                        = true                           {product lp64_product} {ergonomic}
     bool UseG1GC                                  = true                                      {product} {ergonomic}
     bool UseLargePagesIndividualAllocation        = false                                  {pd product} {ergonomic}

Logging:
Log output configuration:
 #0: stdout all=warning uptime,level,tags
 #1: stderr all=off uptime,level,tags

Environment Variables:
JAVA_HOME=C:\Program Files\Java\jdk-17
CLASSPATH=D:\Atpar\ExpoPushNotifications2\android\\gradle\wrapper\gradle-wrapper.jar
PATH=D:\Atpar\ExpoPushNotifications2\node_modules\.bin;D:\Atpar\ExpoPushNotifications2\node_modules\.bin;D:\Atpar\node_modules\.bin;D:\node_modules\.bin;C:\Users\Sai Mahesh\AppData\Roaming\npm\node_modules\npm\node_modules\@npmcli\run-script\lib\node-gyp-bin;C:\Program Files\PowerShell\7;C:\Program Files\Common Files\Oracle\Java\javapath;E:\Oracle\app\oracle\product\10.2.0\server\bin;C:\Windows\system32;C:\Windows;C:\Windows\System32\Wbem;C:\Windows\System32\WindowsPowerShell\v1.0\;C:\Windows\System32\OpenSSH\;C:\Program Files (x86)\NVIDIA Corporation\PhysX\Common;C:\Program Files\NVIDIA Corporation\NVIDIA NvDLISR;E:\bin;E:\git\cmd;C:\Users\Sai Mahesh\Scripts;Sai Mahesh;C:\WINDOWS\system32;C:\WINDOWS;C:\WINDOWS\System32\Wbem;C:\WINDOWS\System32\WindowsPowerShell\v1.0\;C:\WINDOWS\System32\OpenSSH\;C:\ProgramData\chocolatey\bin;C:\Users\Sai Mahesh\Lib\site-packages\sqlalchemy;C:\Program Files\Docker\Docker\resources\bin;C:\Program Files\Git\cmd;C:\Program Files\PuTTY\;C:\Users\Sai Mahesh\Downloads\apache-ant-1.10.14-bin\apache-ant-1.10.14\bin;C:\Users\Sai Mahesh\AppData\Roaming\nvm;C:\Program Files\nodejs;C:\Users\Sai Mahesh\AppData\Local\Android\Sdk\platform-tools;C:\Program Files\apache-maven-3.9.6\bin;C:\Program Files (x86)\Bitvise SSH Client;C:\Users\Sai Mahesh\apache-maven-3.9.6\bin;C:\Program Files\MySQL\MySQLServer8.1\bin;C:\Program Files\doxygen\bin;C:\Program Files\Java\jdk-17\bin;C:\Program Files\PowerShell\7\;C:\Program Files\Amazon\AWSCLIV2\;C:\Program Files\php-8.3.12-nts-Win32-vs16-x64;C:\Users\Sai Mahesh\AppData\Local\Microsoft\WindowsApps;C:\Users\Sai Mahesh\AppData\Local\Programs\Microsoft VS Code\bin;C:\Program Files\JetBrains\IntelliJ IDEA Community Edition 2023.2\bin;;C:\Users\Sai Mahesh;C:\Users\Sai Mahesh\Scripts;C:\Users\Sai Mahesh\AppData\Roaming\Microsoft\Windows\Start Menu\Programs\Python 3.10;C:\Users\Sai Mahesh\AppData\Roaming\npm;C:\Program Files\JetBrains\IntelliJ IDEA 2024.1\bin;;C:\Users\Sai Mahesh\AppData\Roaming\nvm;C:\Program Files\node
USERNAME=Sai Mahesh
LANG=en_US.UTF-8
OS=Windows_NT
PROCESSOR_IDENTIFIER=Intel64 Family 6 Model 165 Stepping 2, GenuineIntel



---------------  S Y S T E M  ---------------

OS:
 Windows 11 , 64 bit Build 22621 (10.0.22621.3958)
OS uptime: 7 days 4:09 hours
Hyper-V role detected

CPU: total 8 (initial active 8) (4 cores per cpu, 2 threads per core) family 6 model 165 stepping 2 microcode 0xea, cx8, cmov, fxsr, ht, mmx, 3dnowpref, sse, sse2, sse3, ssse3, sse4.1, sse4.2, popcnt, lzcnt, tsc, tscinvbit, avx, avx2, aes, erms, clmul, bmi1, bmi2, adx, fma, vzeroupper, clflush, clflushopt, hv

Memory: 4k page, system-wide physical 8023M (95M free)
TotalPageFile size 32599M (AvailPageFile size 4M)
current process WorkingSet (physical memory assigned to process): 178M, peak: 210M
current process commit charge ("private bytes"): 248M, peak: 283M

vm_info: Java HotSpot(TM) 64-Bit Server VM (17.0.10+11-LTS-240) for windows-amd64 JRE (17.0.10+11-LTS-240), built on Dec 19 2023 21:47:25 by "mach5one" with MS VC++ 17.1 (VS2022)

END.
