#
# There is insufficient memory for the Java Runtime Environment to continue.
# Native memory allocation (malloc) failed to allocate 1453616 bytes for Chunk::new
# Possible reasons:
#   The system is out of physical RAM or swap space
#   The process is running with CompressedOops enabled, and the Java Heap may be blocking the growth of the native heap
# Possible solutions:
#   Reduce memory load on the system
#   Increase physical memory or swap space
#   Check if swap backing store is full
#   Decrease Java heap size (-Xmx/-Xms)
#   Decrease number of Java threads
#   Decrease Java thread stack sizes (-Xss)
#   Set larger code cache with -XX:ReservedCodeCacheSize=
#   JVM is running with Unscaled Compressed Oops mode in which the Java heap is
#     placed in the first 4GB address space. The Java Heap base address is the
#     maximum limit for the native heap growth. Please use -XX:HeapBaseMinAddress
#     to set the Java Heap base and to place the Java Heap above 4GB virtual address.
# This output file may be truncated or incomplete.
#
#  Out of Memory Error (arena.cpp:189), pid=22400, tid=24128
#
# JRE version: Java(TM) SE Runtime Environment (17.0.10+11) (build 17.0.10+11-LTS-240)
# Java VM: Java HotSpot(TM) 64-Bit Server VM (17.0.10+11-LTS-240, mixed mode, sharing, tiered, compressed oops, compressed class ptrs, g1 gc, windows-amd64)
# No core dump will be written. Minidumps are not enabled by default on client versions of Windows
#

---------------  S U M M A R Y ------------

Command Line: org.jetbrains.kotlin.cli.jvm.K2JVMCompiler @D:\Atpar\ExpoPushNotifications2\node_modules\expo-device\android\build\20241017_2468876153464390577.compiler.options

Host: Intel(R) Core(TM) i5-10300H CPU @ 2.50GHz, 8 cores, 7G,  Windows 11 , 64 bit Build 22621 (10.0.22621.3958)
Time: Thu Oct 17 17:11:18 2024 India Standard Time elapsed time: 11.406516 seconds (0d 0h 0m 11s)

---------------  T H R E A D  ---------------

Current thread (0x000001b9fef17670):  JavaThread "C2 CompilerThread0" daemon [_thread_in_native, id=24128, stack(0x0000009b0f600000,0x0000009b0f700000)]


Current CompileTask:
C2:  11406 2813       4       java.lang.ClassLoader::loadClass (7 bytes)

Stack: [0x0000009b0f600000,0x0000009b0f700000]
Native frames: (J=compiled Java code, j=interpreted, Vv=VM code, C=native code)
V  [jvm.dll+0x677a5a]
V  [jvm.dll+0x7d8b2d]
V  [jvm.dll+0x7da48e]
V  [jvm.dll+0x7daaf3]
V  [jvm.dll+0x2455ff]
V  [jvm.dll+0xaaafb]
V  [jvm.dll+0xab09c]
V  [jvm.dll+0x361b5f]
V  [jvm.dll+0x1bb1da]
V  [jvm.dll+0x217aa7]
V  [jvm.dll+0x216d81]
V  [jvm.dll+0x1a3410]
V  [jvm.dll+0x226aeb]
V  [jvm.dll+0x224cab]
V  [jvm.dll+0x78e45c]
V  [jvm.dll+0x78888a]
V  [jvm.dll+0x676935]
C  [ucrtbase.dll+0x29333]
C  [KERNEL32.DLL+0x1257d]
C  [ntdll.dll+0x5af08]


---------------  P R O C E S S  ---------------

Threads class SMR info:
_java_thread_list=0x000001b99c885da0, length=12, elements={
0x000001b9fd53b480, 0x000001b9feefbde0, 0x000001b9feefcc60, 0x000001b9fef14d30,
0x000001b9fef15600, 0x000001b9fef15fc0, 0x000001b9fef16980, 0x000001b9fef17670,
0x000001b9fef19040, 0x000001b9fef1e110, 0x000001b99c87a9f0, 0x000001b99c889190
}

Java Threads: ( => current thread )
  0x000001b9fd53b480 JavaThread "main" [_thread_in_vm, id=20536, stack(0x0000009b0e900000,0x0000009b0ea00000)]
  0x000001b9feefbde0 JavaThread "Reference Handler" daemon [_thread_blocked, id=2224, stack(0x0000009b0f000000,0x0000009b0f100000)]
  0x000001b9feefcc60 JavaThread "Finalizer" daemon [_thread_blocked, id=30480, stack(0x0000009b0f100000,0x0000009b0f200000)]
  0x000001b9fef14d30 JavaThread "Signal Dispatcher" daemon [_thread_blocked, id=4396, stack(0x0000009b0f200000,0x0000009b0f300000)]
  0x000001b9fef15600 JavaThread "Attach Listener" daemon [_thread_blocked, id=11748, stack(0x0000009b0f300000,0x0000009b0f400000)]
  0x000001b9fef15fc0 JavaThread "Service Thread" daemon [_thread_blocked, id=25832, stack(0x0000009b0f400000,0x0000009b0f500000)]
  0x000001b9fef16980 JavaThread "Monitor Deflation Thread" daemon [_thread_blocked, id=19708, stack(0x0000009b0f500000,0x0000009b0f600000)]
=>0x000001b9fef17670 JavaThread "C2 CompilerThread0" daemon [_thread_in_native, id=24128, stack(0x0000009b0f600000,0x0000009b0f700000)]
  0x000001b9fef19040 JavaThread "C1 CompilerThread0" daemon [_thread_blocked, id=23364, stack(0x0000009b0f700000,0x0000009b0f800000)]
  0x000001b9fef1e110 JavaThread "Sweeper thread" daemon [_thread_blocked, id=14500, stack(0x0000009b0f800000,0x0000009b0f900000)]
  0x000001b99c87a9f0 JavaThread "Notification Thread" daemon [_thread_blocked, id=24936, stack(0x0000009b0f900000,0x0000009b0fa00000)]
  0x000001b99c889190 JavaThread "Common-Cleaner" daemon [_thread_blocked, id=25340, stack(0x0000009b0fb00000,0x0000009b0fc00000)]

Other Threads:
  0x000001b9feef6a30 VMThread "VM Thread" [stack: 0x0000009b0ef00000,0x0000009b0f000000] [id=31420]
  0x000001b99c888f00 WatcherThread [stack: 0x0000009b0fa00000,0x0000009b0fb00000] [id=26920]
  0x000001b9fd595a70 GCTaskThread "GC Thread#0" [stack: 0x0000009b0ea00000,0x0000009b0eb00000] [id=7072]
  0x000001b9e21c1030 GCTaskThread "GC Thread#1" [stack: 0x0000009b0fc00000,0x0000009b0fd00000] [id=21336]
  0x000001b9e21c12f0 GCTaskThread "GC Thread#2" [stack: 0x0000009b0fd00000,0x0000009b0fe00000] [id=30728]
  0x000001b9e21ebf50 GCTaskThread "GC Thread#3" [stack: 0x0000009b0fe00000,0x0000009b0ff00000] [id=8220]
  0x000001b9e21ee220 GCTaskThread "GC Thread#4" [stack: 0x0000009b0ff00000,0x0000009b10000000] [id=15032]
  0x000001b9e21ee4e0 GCTaskThread "GC Thread#5" [stack: 0x0000009b10000000,0x0000009b10100000] [id=3676]
  0x000001b9e22ab860 GCTaskThread "GC Thread#6" [stack: 0x0000009b10100000,0x0000009b10200000] [id=17932]
  0x000001b9e22abb20 GCTaskThread "GC Thread#7" [stack: 0x0000009b10200000,0x0000009b10300000] [id=16512]
  0x000001b9fd5a84a0 ConcurrentGCThread "G1 Main Marker" [stack: 0x0000009b0eb00000,0x0000009b0ec00000] [id=31276]
  0x000001b9fd5a8eb0 ConcurrentGCThread "G1 Conc#0" [stack: 0x0000009b0ec00000,0x0000009b0ed00000] [id=22772]
  0x000001b9e275f730 ConcurrentGCThread "G1 Conc#1" [stack: 0x0000009b10300000,0x0000009b10400000] [id=17964]
  0x000001b9fd5fe6f0 ConcurrentGCThread "G1 Refine#0" [stack: 0x0000009b0ed00000,0x0000009b0ee00000] [id=19576]
  0x000001b9e3453f90 ConcurrentGCThread "G1 Refine#1" [stack: 0x0000009b10400000,0x0000009b10500000] [id=17180]
  0x000001b9fedb2220 ConcurrentGCThread "G1 Service" [stack: 0x0000009b0ee00000,0x0000009b0ef00000] [id=13972]

Threads with active compile tasks:
C2 CompilerThread0    11430 2813       4       java.lang.ClassLoader::loadClass (7 bytes)

VM state: not at safepoint (normal execution)

VM Mutex/Monitor currently owned by a thread: None

Heap address: 0x0000000082a00000, size: 2006 MB, Compressed Oops mode: 32-bit

CDS archive(s) mapped at: [0x000001b99d000000-0x000001b99dbd0000-0x000001b99dbd0000), size 12386304, SharedBaseAddress: 0x000001b99d000000, ArchiveRelocationMode: 1.
Compressed class space mapped at: 0x000001b99e000000-0x000001b9de000000, reserved size: 1073741824
Narrow klass base: 0x000001b99d000000, Narrow klass shift: 0, Narrow klass range: 0x100000000

GC Precious Log:
 CPUs: 8 total, 8 available
 Memory: 8023M
 Large Page Support: Disabled
 NUMA Support: Disabled
 Compressed Oops: Enabled (32-bit)
 Heap Region Size: 1M
 Heap Min Capacity: 8M
 Heap Initial Capacity: 126M
 Heap Max Capacity: 2006M
 Pre-touch: Disabled
 Parallel Workers: 8
 Concurrent Workers: 2
 Concurrent Refinement Workers: 8
 Periodic GC: Disabled

Heap:
 garbage-first heap   total 129024K, used 43789K [0x0000000082a00000, 0x0000000100000000)
  region size 1024K, 19 young (19456K), 2 survivors (2048K)
 Metaspace       used 37722K, committed 37952K, reserved 1114112K
  class space    used 4722K, committed 4800K, reserved 1048576K

Heap Regions: E=young(eden), S=young(survivor), O=old, HS=humongous(starts), HC=humongous(continues), CS=collection set, F=free, OA=open archive, CA=closed archive, TAMS=top-at-mark-start (previous, next)
|   0|0x0000000082a00000, 0x0000000082b00000, 0x0000000082b00000|100%|HS|  |TAMS 0x0000000082b00000, 0x0000000082a00000| Complete 
|   1|0x0000000082b00000, 0x0000000082c00000, 0x0000000082c00000|100%|HC|  |TAMS 0x0000000082c00000, 0x0000000082b00000| Complete 
|   2|0x0000000082c00000, 0x0000000082d00000, 0x0000000082d00000|100%|HC|  |TAMS 0x0000000082d00000, 0x0000000082c00000| Complete 
|   3|0x0000000082d00000, 0x0000000082e00000, 0x0000000082e00000|100%|HC|  |TAMS 0x0000000082e00000, 0x0000000082d00000| Complete 
|   4|0x0000000082e00000, 0x0000000082e00000, 0x0000000082f00000|  0%| F|  |TAMS 0x0000000082e00000, 0x0000000082e00000| Untracked 
|   5|0x0000000082f00000, 0x0000000083000000, 0x0000000083000000|100%| O|  |TAMS 0x0000000083000000, 0x0000000082f00000| Untracked 
|   6|0x0000000083000000, 0x0000000083100000, 0x0000000083100000|100%| O|  |TAMS 0x00000000830f0400, 0x0000000083000000| Untracked 
|   7|0x0000000083100000, 0x0000000083200000, 0x0000000083200000|100%|HS|  |TAMS 0x0000000083200000, 0x0000000083100000| Complete 
|   8|0x0000000083200000, 0x0000000083300000, 0x0000000083300000|100%|HC|  |TAMS 0x0000000083300000, 0x0000000083200000| Complete 
|   9|0x0000000083300000, 0x0000000083400000, 0x0000000083400000|100%|HC|  |TAMS 0x0000000083400000, 0x0000000083300000| Complete 
|  10|0x0000000083400000, 0x0000000083500000, 0x0000000083500000|100%|HC|  |TAMS 0x0000000083500000, 0x0000000083400000| Complete 
|  11|0x0000000083500000, 0x0000000083600000, 0x0000000083600000|100%| O|  |TAMS 0x0000000083500000, 0x0000000083500000| Untracked 
|  12|0x0000000083600000, 0x0000000083700000, 0x0000000083700000|100%| O|  |TAMS 0x0000000083600000, 0x0000000083600000| Untracked 
|  13|0x0000000083700000, 0x0000000083800000, 0x0000000083800000|100%| O|  |TAMS 0x0000000083700000, 0x0000000083700000| Untracked 
|  14|0x0000000083800000, 0x0000000083900000, 0x0000000083900000|100%| O|  |TAMS 0x0000000083800000, 0x0000000083800000| Untracked 
|  15|0x0000000083900000, 0x0000000083a00000, 0x0000000083a00000|100%| O|  |TAMS 0x0000000083900000, 0x0000000083900000| Untracked 
|  16|0x0000000083a00000, 0x0000000083b00000, 0x0000000083b00000|100%| O|  |TAMS 0x0000000083a00000, 0x0000000083a00000| Untracked 
|  17|0x0000000083b00000, 0x0000000083c00000, 0x0000000083c00000|100%| O|  |TAMS 0x0000000083b00000, 0x0000000083b00000| Untracked 
|  18|0x0000000083c00000, 0x0000000083d00000, 0x0000000083d00000|100%| O|  |TAMS 0x0000000083c00000, 0x0000000083c00000| Untracked 
|  19|0x0000000083d00000, 0x0000000083e00000, 0x0000000083e00000|100%| O|  |TAMS 0x0000000083d00000, 0x0000000083d00000| Untracked 
|  20|0x0000000083e00000, 0x0000000083f00000, 0x0000000083f00000|100%| O|  |TAMS 0x0000000083e00000, 0x0000000083e00000| Untracked 
|  21|0x0000000083f00000, 0x0000000084000000, 0x0000000084000000|100%| O|  |TAMS 0x0000000083f00000, 0x0000000083f00000| Untracked 
|  22|0x0000000084000000, 0x0000000084100000, 0x0000000084100000|100%| O|  |TAMS 0x0000000084000000, 0x0000000084000000| Untracked 
|  23|0x0000000084100000, 0x0000000084200000, 0x0000000084200000|100%| O|  |TAMS 0x0000000084100000, 0x0000000084100000| Untracked 
|  24|0x0000000084200000, 0x0000000084300000, 0x0000000084300000|100%| O|  |TAMS 0x0000000084200000, 0x0000000084200000| Untracked 
|  25|0x0000000084300000, 0x0000000084400000, 0x0000000084400000|100%| O|  |TAMS 0x0000000084300000, 0x0000000084300000| Untracked 
|  26|0x0000000084400000, 0x0000000084443400, 0x0000000084500000| 26%| O|  |TAMS 0x0000000084400000, 0x0000000084400000| Untracked 
|  27|0x0000000084500000, 0x0000000084500000, 0x0000000084600000|  0%| F|  |TAMS 0x0000000084500000, 0x0000000084500000| Untracked 
|  28|0x0000000084600000, 0x0000000084600000, 0x0000000084700000|  0%| F|  |TAMS 0x0000000084600000, 0x0000000084600000| Untracked 
|  29|0x0000000084700000, 0x0000000084700000, 0x0000000084800000|  0%| F|  |TAMS 0x0000000084700000, 0x0000000084700000| Untracked 
|  30|0x0000000084800000, 0x0000000084800000, 0x0000000084900000|  0%| F|  |TAMS 0x0000000084800000, 0x0000000084800000| Untracked 
|  31|0x0000000084900000, 0x0000000084900000, 0x0000000084a00000|  0%| F|  |TAMS 0x0000000084900000, 0x0000000084900000| Untracked 
|  32|0x0000000084a00000, 0x0000000084a00000, 0x0000000084b00000|  0%| F|  |TAMS 0x0000000084a00000, 0x0000000084a00000| Untracked 
|  33|0x0000000084b00000, 0x0000000084b00000, 0x0000000084c00000|  0%| F|  |TAMS 0x0000000084b00000, 0x0000000084b00000| Untracked 
|  34|0x0000000084c00000, 0x0000000084c00000, 0x0000000084d00000|  0%| F|  |TAMS 0x0000000084c00000, 0x0000000084c00000| Untracked 
|  35|0x0000000084d00000, 0x0000000084d00000, 0x0000000084e00000|  0%| F|  |TAMS 0x0000000084d00000, 0x0000000084d00000| Untracked 
|  36|0x0000000084e00000, 0x0000000084e00000, 0x0000000084f00000|  0%| F|  |TAMS 0x0000000084e00000, 0x0000000084e00000| Untracked 
|  37|0x0000000084f00000, 0x0000000084f00000, 0x0000000085000000|  0%| F|  |TAMS 0x0000000084f00000, 0x0000000084f00000| Untracked 
|  38|0x0000000085000000, 0x0000000085000000, 0x0000000085100000|  0%| F|  |TAMS 0x0000000085000000, 0x0000000085000000| Untracked 
|  39|0x0000000085100000, 0x0000000085100000, 0x0000000085200000|  0%| F|  |TAMS 0x0000000085100000, 0x0000000085100000| Untracked 
|  40|0x0000000085200000, 0x0000000085200000, 0x0000000085300000|  0%| F|  |TAMS 0x0000000085200000, 0x0000000085200000| Untracked 
|  41|0x0000000085300000, 0x0000000085300000, 0x0000000085400000|  0%| F|  |TAMS 0x0000000085300000, 0x0000000085300000| Untracked 
|  42|0x0000000085400000, 0x0000000085400000, 0x0000000085500000|  0%| F|  |TAMS 0x0000000085400000, 0x0000000085400000| Untracked 
|  43|0x0000000085500000, 0x0000000085500000, 0x0000000085600000|  0%| F|  |TAMS 0x0000000085500000, 0x0000000085500000| Untracked 
|  44|0x0000000085600000, 0x0000000085600000, 0x0000000085700000|  0%| F|  |TAMS 0x0000000085600000, 0x0000000085600000| Untracked 
|  45|0x0000000085700000, 0x0000000085700000, 0x0000000085800000|  0%| F|  |TAMS 0x0000000085700000, 0x0000000085700000| Untracked 
|  46|0x0000000085800000, 0x0000000085800000, 0x0000000085900000|  0%| F|  |TAMS 0x0000000085800000, 0x0000000085800000| Untracked 
|  47|0x0000000085900000, 0x0000000085900000, 0x0000000085a00000|  0%| F|  |TAMS 0x0000000085900000, 0x0000000085900000| Untracked 
|  48|0x0000000085a00000, 0x0000000085a00000, 0x0000000085b00000|  0%| F|  |TAMS 0x0000000085a00000, 0x0000000085a00000| Untracked 
|  49|0x0000000085b00000, 0x0000000085b00000, 0x0000000085c00000|  0%| F|  |TAMS 0x0000000085b00000, 0x0000000085b00000| Untracked 
|  50|0x0000000085c00000, 0x0000000085c00000, 0x0000000085d00000|  0%| F|  |TAMS 0x0000000085c00000, 0x0000000085c00000| Untracked 
|  51|0x0000000085d00000, 0x0000000085d00000, 0x0000000085e00000|  0%| F|  |TAMS 0x0000000085d00000, 0x0000000085d00000| Untracked 
|  52|0x0000000085e00000, 0x0000000085e00000, 0x0000000085f00000|  0%| F|  |TAMS 0x0000000085e00000, 0x0000000085e00000| Untracked 
|  53|0x0000000085f00000, 0x0000000085f00000, 0x0000000086000000|  0%| F|  |TAMS 0x0000000085f00000, 0x0000000085f00000| Untracked 
|  54|0x0000000086000000, 0x0000000086000000, 0x0000000086100000|  0%| F|  |TAMS 0x0000000086000000, 0x0000000086000000| Untracked 
|  55|0x0000000086100000, 0x0000000086100000, 0x0000000086200000|  0%| F|  |TAMS 0x0000000086100000, 0x0000000086100000| Untracked 
|  56|0x0000000086200000, 0x0000000086200000, 0x0000000086300000|  0%| F|  |TAMS 0x0000000086200000, 0x0000000086200000| Untracked 
|  57|0x0000000086300000, 0x0000000086300000, 0x0000000086400000|  0%| F|  |TAMS 0x0000000086300000, 0x0000000086300000| Untracked 
|  58|0x0000000086400000, 0x0000000086400000, 0x0000000086500000|  0%| F|  |TAMS 0x0000000086400000, 0x0000000086400000| Untracked 
|  59|0x0000000086500000, 0x0000000086500000, 0x0000000086600000|  0%| F|  |TAMS 0x0000000086500000, 0x0000000086500000| Untracked 
|  60|0x0000000086600000, 0x0000000086600000, 0x0000000086700000|  0%| F|  |TAMS 0x0000000086600000, 0x0000000086600000| Untracked 
|  61|0x0000000086700000, 0x0000000086700000, 0x0000000086800000|  0%| F|  |TAMS 0x0000000086700000, 0x0000000086700000| Untracked 
|  62|0x0000000086800000, 0x0000000086800000, 0x0000000086900000|  0%| F|  |TAMS 0x0000000086800000, 0x0000000086800000| Untracked 
|  63|0x0000000086900000, 0x0000000086900000, 0x0000000086a00000|  0%| F|  |TAMS 0x0000000086900000, 0x0000000086900000| Untracked 
|  64|0x0000000086a00000, 0x0000000086a00000, 0x0000000086b00000|  0%| F|  |TAMS 0x0000000086a00000, 0x0000000086a00000| Untracked 
|  65|0x0000000086b00000, 0x0000000086b00000, 0x0000000086c00000|  0%| F|  |TAMS 0x0000000086b00000, 0x0000000086b00000| Untracked 
|  66|0x0000000086c00000, 0x0000000086c00000, 0x0000000086d00000|  0%| F|  |TAMS 0x0000000086c00000, 0x0000000086c00000| Untracked 
|  67|0x0000000086d00000, 0x0000000086d00000, 0x0000000086e00000|  0%| F|  |TAMS 0x0000000086d00000, 0x0000000086d00000| Untracked 
|  68|0x0000000086e00000, 0x0000000086e00000, 0x0000000086f00000|  0%| F|  |TAMS 0x0000000086e00000, 0x0000000086e00000| Untracked 
|  69|0x0000000086f00000, 0x0000000086f00000, 0x0000000087000000|  0%| F|  |TAMS 0x0000000086f00000, 0x0000000086f00000| Untracked 
|  70|0x0000000087000000, 0x0000000087000000, 0x0000000087100000|  0%| F|  |TAMS 0x0000000087000000, 0x0000000087000000| Untracked 
|  71|0x0000000087100000, 0x0000000087100000, 0x0000000087200000|  0%| F|  |TAMS 0x0000000087100000, 0x0000000087100000| Untracked 
|  72|0x0000000087200000, 0x0000000087200000, 0x0000000087300000|  0%| F|  |TAMS 0x0000000087200000, 0x0000000087200000| Untracked 
|  73|0x0000000087300000, 0x0000000087300000, 0x0000000087400000|  0%| F|  |TAMS 0x0000000087300000, 0x0000000087300000| Untracked 
|  74|0x0000000087400000, 0x0000000087400000, 0x0000000087500000|  0%| F|  |TAMS 0x0000000087400000, 0x0000000087400000| Untracked 
|  75|0x0000000087500000, 0x0000000087500000, 0x0000000087600000|  0%| F|  |TAMS 0x0000000087500000, 0x0000000087500000| Untracked 
|  76|0x0000000087600000, 0x0000000087600000, 0x0000000087700000|  0%| F|  |TAMS 0x0000000087600000, 0x0000000087600000| Untracked 
|  77|0x0000000087700000, 0x0000000087700000, 0x0000000087800000|  0%| F|  |TAMS 0x0000000087700000, 0x0000000087700000| Untracked 
|  78|0x0000000087800000, 0x0000000087800000, 0x0000000087900000|  0%| F|  |TAMS 0x0000000087800000, 0x0000000087800000| Untracked 
|  79|0x0000000087900000, 0x0000000087900000, 0x0000000087a00000|  0%| F|  |TAMS 0x0000000087900000, 0x0000000087900000| Untracked 
|  80|0x0000000087a00000, 0x0000000087a00000, 0x0000000087b00000|  0%| F|  |TAMS 0x0000000087a00000, 0x0000000087a00000| Untracked 
|  81|0x0000000087b00000, 0x0000000087b00000, 0x0000000087c00000|  0%| F|  |TAMS 0x0000000087b00000, 0x0000000087b00000| Untracked 
|  82|0x0000000087c00000, 0x0000000087c00000, 0x0000000087d00000|  0%| F|  |TAMS 0x0000000087c00000, 0x0000000087c00000| Untracked 
|  83|0x0000000087d00000, 0x0000000087d00000, 0x0000000087e00000|  0%| F|  |TAMS 0x0000000087d00000, 0x0000000087d00000| Untracked 
|  84|0x0000000087e00000, 0x0000000087e00000, 0x0000000087f00000|  0%| F|  |TAMS 0x0000000087e00000, 0x0000000087e00000| Untracked 
|  85|0x0000000087f00000, 0x0000000087f00000, 0x0000000088000000|  0%| F|  |TAMS 0x0000000087f00000, 0x0000000087f00000| Untracked 
|  86|0x0000000088000000, 0x0000000088000000, 0x0000000088100000|  0%| F|  |TAMS 0x0000000088000000, 0x0000000088000000| Untracked 
|  87|0x0000000088100000, 0x0000000088100000, 0x0000000088200000|  0%| F|  |TAMS 0x0000000088100000, 0x0000000088100000| Untracked 
|  88|0x0000000088200000, 0x0000000088200000, 0x0000000088300000|  0%| F|  |TAMS 0x0000000088200000, 0x0000000088200000| Untracked 
|  89|0x0000000088300000, 0x0000000088300000, 0x0000000088400000|  0%| F|  |TAMS 0x0000000088300000, 0x0000000088300000| Untracked 
|  90|0x0000000088400000, 0x0000000088400000, 0x0000000088500000|  0%| F|  |TAMS 0x0000000088400000, 0x0000000088400000| Untracked 
|  91|0x0000000088500000, 0x0000000088500000, 0x0000000088600000|  0%| F|  |TAMS 0x0000000088500000, 0x0000000088500000| Untracked 
|  92|0x0000000088600000, 0x0000000088600000, 0x0000000088700000|  0%| F|  |TAMS 0x0000000088600000, 0x0000000088600000| Untracked 
|  93|0x0000000088700000, 0x0000000088700000, 0x0000000088800000|  0%| F|  |TAMS 0x0000000088700000, 0x0000000088700000| Untracked 
|  94|0x0000000088800000, 0x0000000088800000, 0x0000000088900000|  0%| F|  |TAMS 0x0000000088800000, 0x0000000088800000| Untracked 
|  95|0x0000000088900000, 0x0000000088900000, 0x0000000088a00000|  0%| F|  |TAMS 0x0000000088900000, 0x0000000088900000| Untracked 
|  96|0x0000000088a00000, 0x0000000088a00000, 0x0000000088b00000|  0%| F|  |TAMS 0x0000000088a00000, 0x0000000088a00000| Untracked 
|  97|0x0000000088b00000, 0x0000000088b00000, 0x0000000088c00000|  0%| F|  |TAMS 0x0000000088b00000, 0x0000000088b00000| Untracked 
|  98|0x0000000088c00000, 0x0000000088c00000, 0x0000000088d00000|  0%| F|  |TAMS 0x0000000088c00000, 0x0000000088c00000| Untracked 
|  99|0x0000000088d00000, 0x0000000088d00000, 0x0000000088e00000|  0%| F|  |TAMS 0x0000000088d00000, 0x0000000088d00000| Untracked 
| 100|0x0000000088e00000, 0x0000000088e00000, 0x0000000088f00000|  0%| F|  |TAMS 0x0000000088e00000, 0x0000000088e00000| Untracked 
| 101|0x0000000088f00000, 0x0000000088f00000, 0x0000000089000000|  0%| F|  |TAMS 0x0000000088f00000, 0x0000000088f00000| Untracked 
| 102|0x0000000089000000, 0x0000000089000000, 0x0000000089100000|  0%| F|  |TAMS 0x0000000089000000, 0x0000000089000000| Untracked 
| 103|0x0000000089100000, 0x0000000089100000, 0x0000000089200000|  0%| F|  |TAMS 0x0000000089100000, 0x0000000089100000| Untracked 
| 104|0x0000000089200000, 0x0000000089200000, 0x0000000089300000|  0%| F|  |TAMS 0x0000000089200000, 0x0000000089200000| Untracked 
| 105|0x0000000089300000, 0x0000000089300000, 0x0000000089400000|  0%| F|  |TAMS 0x0000000089300000, 0x0000000089300000| Untracked 
| 106|0x0000000089400000, 0x0000000089400000, 0x0000000089500000|  0%| F|  |TAMS 0x0000000089400000, 0x0000000089400000| Untracked 
| 107|0x0000000089500000, 0x0000000089600000, 0x0000000089600000|100%| E|  |TAMS 0x0000000089500000, 0x0000000089500000| Complete 
| 108|0x0000000089600000, 0x0000000089700000, 0x0000000089700000|100%| E|CS|TAMS 0x0000000089600000, 0x0000000089600000| Complete 
| 109|0x0000000089700000, 0x0000000089800000, 0x0000000089800000|100%| E|CS|TAMS 0x0000000089700000, 0x0000000089700000| Complete 
| 110|0x0000000089800000, 0x0000000089900000, 0x0000000089900000|100%| E|CS|TAMS 0x0000000089800000, 0x0000000089800000| Complete 
| 111|0x0000000089900000, 0x0000000089a00000, 0x0000000089a00000|100%| E|CS|TAMS 0x0000000089900000, 0x0000000089900000| Complete 
| 112|0x0000000089a00000, 0x0000000089b00000, 0x0000000089b00000|100%| E|CS|TAMS 0x0000000089a00000, 0x0000000089a00000| Complete 
| 113|0x0000000089b00000, 0x0000000089c00000, 0x0000000089c00000|100%| E|CS|TAMS 0x0000000089b00000, 0x0000000089b00000| Complete 
| 114|0x0000000089c00000, 0x0000000089d00000, 0x0000000089d00000|100%| E|CS|TAMS 0x0000000089c00000, 0x0000000089c00000| Complete 
| 115|0x0000000089d00000, 0x0000000089e00000, 0x0000000089e00000|100%| E|CS|TAMS 0x0000000089d00000, 0x0000000089d00000| Complete 
| 116|0x0000000089e00000, 0x0000000089f00000, 0x0000000089f00000|100%| E|CS|TAMS 0x0000000089e00000, 0x0000000089e00000| Complete 
| 117|0x0000000089f00000, 0x000000008a000000, 0x000000008a000000|100%| E|CS|TAMS 0x0000000089f00000, 0x0000000089f00000| Complete 
| 118|0x000000008a000000, 0x000000008a100000, 0x000000008a100000|100%| E|CS|TAMS 0x000000008a000000, 0x000000008a000000| Complete 
| 119|0x000000008a100000, 0x000000008a200000, 0x000000008a200000|100%| E|CS|TAMS 0x000000008a100000, 0x000000008a100000| Complete 
| 120|0x000000008a200000, 0x000000008a300000, 0x000000008a300000|100%| E|CS|TAMS 0x000000008a200000, 0x000000008a200000| Complete 
| 121|0x000000008a300000, 0x000000008a400000, 0x000000008a400000|100%| E|CS|TAMS 0x000000008a300000, 0x000000008a300000| Complete 
| 122|0x000000008a400000, 0x000000008a500000, 0x000000008a500000|100%| E|CS|TAMS 0x000000008a400000, 0x000000008a400000| Complete 
| 123|0x000000008a500000, 0x000000008a580000, 0x000000008a600000| 50%| S|CS|TAMS 0x000000008a500000, 0x000000008a500000| Complete 
| 124|0x000000008a600000, 0x000000008a700000, 0x000000008a700000|100%| S|CS|TAMS 0x000000008a600000, 0x000000008a600000| Complete 
| 125|0x000000008a700000, 0x000000008a800000, 0x000000008a800000|100%| E|CS|TAMS 0x000000008a700000, 0x000000008a700000| Complete 

Card table byte_map: [0x000001b9fdd20000,0x000001b9fe110000] _byte_map_base: 0x000001b9fd90b000

Marking Bits (Prev, Next): (CMBitMap*) 0x000001b9fd5960d0, (CMBitMap*) 0x000001b9fd596090
 Prev Bits: [0x000001b998740000, 0x000001b99a698000)
 Next Bits: [0x000001b9967e0000, 0x000001b998738000)

Polling page: 0x000001b9fb540000

Metaspace:

Usage:
  Non-class:     32.24 MB used.
      Class:      4.61 MB used.
       Both:     36.85 MB used.

Virtual space:
  Non-class space:       64.00 MB reserved,      32.38 MB ( 51%) committed,  1 nodes.
      Class space:        1.00 GB reserved,       4.69 MB ( <1%) committed,  1 nodes.
             Both:        1.06 GB reserved,      37.06 MB (  3%) committed. 

Chunk freelists:
   Non-Class:  14.91 MB
       Class:  11.31 MB
        Both:  26.22 MB

MaxMetaspaceSize: unlimited
CompressedClassSpaceSize: 1.00 GB
Initial GC threshold: 21.00 MB
Current GC threshold: 39.62 MB
CDS: on
MetaspaceReclaimPolicy: balanced
 - commit_granule_bytes: 65536.
 - commit_granule_words: 8192.
 - virtual_space_node_default_size: 8388608.
 - enlarge_chunks_in_place: 1.
 - new_chunks_are_fully_committed: 0.
 - uncommit_free_chunks: 1.
 - use_allocation_guard: 0.
 - handle_deallocations: 1.


Internal statistics:

num_allocs_failed_limit: 27.
num_arena_births: 198.
num_arena_deaths: 0.
num_vsnodes_births: 2.
num_vsnodes_deaths: 0.
num_space_committed: 592.
num_space_uncommitted: 0.
num_chunks_returned_to_freelist: 27.
num_chunks_taken_from_freelist: 1447.
num_chunk_merges: 27.
num_chunk_splits: 1224.
num_chunks_enlarged: 1077.
num_inconsistent_stats: 0.

CodeHeap 'non-profiled nmethods': size=120000Kb used=1168Kb max_used=1168Kb free=118831Kb
 bounds [0x000001b98f2b0000, 0x000001b98f520000, 0x000001b9967e0000]
CodeHeap 'profiled nmethods': size=120000Kb used=6040Kb max_used=6040Kb free=113959Kb
 bounds [0x000001b9877e0000, 0x000001b987dd0000, 0x000001b98ed10000]
CodeHeap 'non-nmethods': size=5760Kb used=1274Kb max_used=1319Kb free=4485Kb
 bounds [0x000001b98ed10000, 0x000001b98ef80000, 0x000001b98f2b0000]
 total_blobs=3670 nmethods=3078 adapters=504
 compilation: enabled
              stopped_count=0, restarted_count=0
 full_count=0

Compilation events (20 events):
Event: 11.392 Thread 0x000001b9fef19040 3097       3       org.jetbrains.kotlin.metadata.ProtoBuf$Type$Argument::<init> (7 bytes)
Event: 11.392 Thread 0x000001b9fef19040 nmethod 3097 0x000001b987db4410 code [0x000001b987db45a0, 0x000001b987db46e8]
Event: 11.392 Thread 0x000001b9fef19040 3092       3       org.jetbrains.kotlin.storage.LockBasedStorageManager::createMemoizedFunctionWithNullableValues (27 bytes)
Event: 11.393 Thread 0x000001b9fef19040 nmethod 3092 0x000001b987db4790 code [0x000001b987db4960, 0x000001b987db4c38]
Event: 11.393 Thread 0x000001b9fef19040 3093       3       org.jetbrains.kotlin.storage.LockBasedStorageManager::createMemoizedFunctionWithNullableValues (29 bytes)
Event: 11.393 Thread 0x000001b9fef19040 nmethod 3093 0x000001b987db4d90 code [0x000001b987db4f60, 0x000001b987db5208]
Event: 11.393 Thread 0x000001b9fef19040 3103       3       org.jetbrains.kotlin.metadata.ProtoBuf$Function::getSerializedSize (512 bytes)
Event: 11.396 Thread 0x000001b9fef19040 nmethod 3103 0x000001b987db5310 code [0x000001b987db59e0, 0x000001b987db9378]
Event: 11.396 Thread 0x000001b9fef19040 3104       3       org.jetbrains.kotlin.metadata.ProtoBuf$ValueParameter::getSerializedSize (171 bytes)
Event: 11.398 Thread 0x000001b9fef19040 nmethod 3104 0x000001b987dba710 code [0x000001b987dbaa80, 0x000001b987dbbd38]
Event: 11.398 Thread 0x000001b9fef19040 3094       3       org.jetbrains.kotlin.protobuf.CodedOutputStream::writeInt32NoTag (19 bytes)
Event: 11.398 Thread 0x000001b9fef19040 nmethod 3094 0x000001b987dbc490 code [0x000001b987dbc680, 0x000001b987dbca88]
Event: 11.398 Thread 0x000001b9fef19040 3101       1       org.jetbrains.kotlin.metadata.ProtoBuf$TypeParameter::getUpperBoundIdList (5 bytes)
Event: 11.398 Thread 0x000001b9fef19040 nmethod 3101 0x000001b98f3d3890 code [0x000001b98f3d3a20, 0x000001b98f3d3af8]
Event: 11.398 Thread 0x000001b9fef19040 3098       3       org.jetbrains.kotlin.metadata.ProtoBuf$Type$Argument::hasType (16 bytes)
Event: 11.399 Thread 0x000001b9fef19040 nmethod 3098 0x000001b987dbcc10 code [0x000001b987dbcda0, 0x000001b987dbcf18]
Event: 11.399 Thread 0x000001b9fef19040 3105       3       org.jetbrains.kotlin.serialization.deserialization.NameResolverUtilKt::getName (23 bytes)
Event: 11.400 Thread 0x000001b9fef19040 nmethod 3105 0x000001b987dbcf90 code [0x000001b987dbd240, 0x000001b987dbddc8]
Event: 11.400 Thread 0x000001b9fef19040 3102       1       org.jetbrains.kotlin.load.java.lazy.LazyJavaResolverContext::getComponents (5 bytes)
Event: 11.400 Thread 0x000001b9fef19040 nmethod 3102 0x000001b98f3d3b90 code [0x000001b98f3d3d20, 0x000001b98f3d3df8]

GC Heap History (10 events):
Event: 1.719 GC heap before
{Heap before GC invocations=0 (full 0):
 garbage-first heap   total 129024K, used 27648K [0x0000000082a00000, 0x0000000100000000)
  region size 1024K, 23 young (23552K), 0 survivors (0K)
 Metaspace       used 6558K, committed 6720K, reserved 1114112K
  class space    used 659K, committed 768K, reserved 1048576K
}
Event: 1.759 GC heap after
{Heap after GC invocations=1 (full 0):
 garbage-first heap   total 129024K, used 6911K [0x0000000082a00000, 0x0000000100000000)
  region size 1024K, 3 young (3072K), 3 survivors (3072K)
 Metaspace       used 6558K, committed 6720K, reserved 1114112K
  class space    used 659K, committed 768K, reserved 1048576K
}
Event: 3.800 GC heap before
{Heap before GC invocations=1 (full 0):
 garbage-first heap   total 129024K, used 40703K [0x0000000082a00000, 0x0000000100000000)
  region size 1024K, 36 young (36864K), 3 survivors (3072K)
 Metaspace       used 14175K, committed 14336K, reserved 1114112K
  class space    used 1624K, committed 1728K, reserved 1048576K
}
Event: 3.812 GC heap after
{Heap after GC invocations=2 (full 0):
 garbage-first heap   total 129024K, used 10691K [0x0000000082a00000, 0x0000000100000000)
  region size 1024K, 4 young (4096K), 4 survivors (4096K)
 Metaspace       used 14175K, committed 14336K, reserved 1114112K
  class space    used 1624K, committed 1728K, reserved 1048576K
}
Event: 5.656 GC heap before
{Heap before GC invocations=2 (full 0):
 garbage-first heap   total 129024K, used 39363K [0x0000000082a00000, 0x0000000100000000)
  region size 1024K, 29 young (29696K), 4 survivors (4096K)
 Metaspace       used 21318K, committed 21504K, reserved 1114112K
  class space    used 2793K, committed 2880K, reserved 1048576K
}
Event: 5.669 GC heap after
{Heap after GC invocations=3 (full 0):
 garbage-first heap   total 129024K, used 16932K [0x0000000082a00000, 0x0000000100000000)
  region size 1024K, 6 young (6144K), 6 survivors (6144K)
 Metaspace       used 21318K, committed 21504K, reserved 1114112K
  class space    used 2793K, committed 2880K, reserved 1048576K
}
Event: 10.324 GC heap before
{Heap before GC invocations=4 (full 0):
 garbage-first heap   total 129024K, used 86564K [0x0000000082a00000, 0x0000000100000000)
  region size 1024K, 72 young (73728K), 6 survivors (6144K)
 Metaspace       used 33230K, committed 33472K, reserved 1114112K
  class space    used 4208K, committed 4288K, reserved 1048576K
}
Event: 10.395 GC heap after
{Heap after GC invocations=5 (full 0):
 garbage-first heap   total 129024K, used 25772K [0x0000000082a00000, 0x0000000100000000)
  region size 1024K, 9 young (9216K), 9 survivors (9216K)
 Metaspace       used 33230K, committed 33472K, reserved 1114112K
  class space    used 4208K, committed 4288K, reserved 1048576K
}
Event: 10.474 GC heap before
{Heap before GC invocations=5 (full 0):
 garbage-first heap   total 129024K, used 26796K [0x0000000082a00000, 0x0000000100000000)
  region size 1024K, 10 young (10240K), 9 survivors (9216K)
 Metaspace       used 33502K, committed 33792K, reserved 1114112K
  class space    used 4235K, committed 4352K, reserved 1048576K
}
Event: 10.504 GC heap after
{Heap after GC invocations=6 (full 0):
 garbage-first heap   total 129024K, used 27405K [0x0000000082a00000, 0x0000000100000000)
  region size 1024K, 2 young (2048K), 2 survivors (2048K)
 Metaspace       used 33502K, committed 33792K, reserved 1114112K
  class space    used 4235K, committed 4352K, reserved 1048576K
}

Deoptimization events (20 events):
Event: 11.086 Thread 0x000001b9fd53b480 Uncommon trap: trap_request=0xffffff45 fr.pc=0x000001b98f3b2560 relative=0x0000000000000140
Event: 11.086 Thread 0x000001b9fd53b480 Uncommon trap: reason=unstable_if action=reinterpret pc=0x000001b98f3b2560 method=java.util.Arrays.hashCode([Ljava/lang/Object;)I @ 34 c2
Event: 11.086 Thread 0x000001b9fd53b480 DEOPT PACKING pc=0x000001b98f3b2560 sp=0x0000009b0e9f8b80
Event: 11.086 Thread 0x000001b9fd53b480 DEOPT UNPACKING pc=0x000001b98ed623a3 sp=0x0000009b0e9f8b00 mode 2
Event: 11.238 Thread 0x000001b9fd53b480 Uncommon trap: trap_request=0xffffffc6 fr.pc=0x000001b98f39b27c relative=0x000000000000061c
Event: 11.238 Thread 0x000001b9fd53b480 Uncommon trap: reason=bimorphic_or_optimized_type_check action=maybe_recompile pc=0x000001b98f39b27c method=org.jetbrains.kotlin.protobuf.CodedInputStream.tryRefillBuffer(I)Z @ 177 c2
Event: 11.238 Thread 0x000001b9fd53b480 DEOPT PACKING pc=0x000001b98f39b27c sp=0x0000009b0e9f9120
Event: 11.238 Thread 0x000001b9fd53b480 DEOPT UNPACKING pc=0x000001b98ed623a3 sp=0x0000009b0e9f9008 mode 2
Event: 11.242 Thread 0x000001b9fd53b480 Uncommon trap: trap_request=0xffffffc6 fr.pc=0x000001b98f39b27c relative=0x000000000000061c
Event: 11.242 Thread 0x000001b9fd53b480 Uncommon trap: reason=bimorphic_or_optimized_type_check action=maybe_recompile pc=0x000001b98f39b27c method=org.jetbrains.kotlin.protobuf.CodedInputStream.tryRefillBuffer(I)Z @ 177 c2
Event: 11.242 Thread 0x000001b9fd53b480 DEOPT PACKING pc=0x000001b98f39b27c sp=0x0000009b0e9f9120
Event: 11.242 Thread 0x000001b9fd53b480 DEOPT UNPACKING pc=0x000001b98ed623a3 sp=0x0000009b0e9f9008 mode 2
Event: 11.243 Thread 0x000001b9fd53b480 Uncommon trap: trap_request=0xffffffc6 fr.pc=0x000001b98f39b27c relative=0x000000000000061c
Event: 11.243 Thread 0x000001b9fd53b480 Uncommon trap: reason=bimorphic_or_optimized_type_check action=maybe_recompile pc=0x000001b98f39b27c method=org.jetbrains.kotlin.protobuf.CodedInputStream.tryRefillBuffer(I)Z @ 177 c2
Event: 11.243 Thread 0x000001b9fd53b480 DEOPT PACKING pc=0x000001b98f39b27c sp=0x0000009b0e9f8ff0
Event: 11.243 Thread 0x000001b9fd53b480 DEOPT UNPACKING pc=0x000001b98ed623a3 sp=0x0000009b0e9f8ed0 mode 2
Event: 11.247 Thread 0x000001b9fd53b480 Uncommon trap: trap_request=0xffffffc6 fr.pc=0x000001b98f39b27c relative=0x000000000000061c
Event: 11.247 Thread 0x000001b9fd53b480 Uncommon trap: reason=bimorphic_or_optimized_type_check action=maybe_recompile pc=0x000001b98f39b27c method=org.jetbrains.kotlin.protobuf.CodedInputStream.tryRefillBuffer(I)Z @ 177 c2
Event: 11.247 Thread 0x000001b9fd53b480 DEOPT PACKING pc=0x000001b98f39b27c sp=0x0000009b0e9f8ff0
Event: 11.247 Thread 0x000001b9fd53b480 DEOPT UNPACKING pc=0x000001b98ed623a3 sp=0x0000009b0e9f8ed0 mode 2

Classes unloaded (0 events):
No events

Classes redefined (0 events):
No events

Internal exceptions (20 events):
Event: 2.838 Thread 0x000001b9fd53b480 Exception <a 'java/lang/NoSuchMethodError'{0x000000008966c6c0}: 'int java.lang.invoke.DelegatingMethodHandle$Holder.reinvoke_L(java.lang.Object, java.lang.Object, java.lang.Object, long, int)'> (0x000000008966c6c0) 
thrown [s\open\src\hotspot\share\interpreter\linkResolver.cpp, line 759]
Event: 3.174 Thread 0x000001b9fd53b480 Exception <a 'java/lang/NoSuchMethodError'{0x00000000893cdb48}: 'java.lang.Object java.lang.invoke.DirectMethodHandle$Holder.invokeStaticInit(java.lang.Object)'> (0x00000000893cdb48) 
thrown [s\open\src\hotspot\share\interpreter\linkResolver.cpp, line 759]
Event: 3.509 Thread 0x000001b9fd53b480 Exception <a 'java/lang/NoSuchMethodError'{0x000000008899c358}: 'java.lang.Object java.lang.invoke.DirectMethodHandle$Holder.invokeStaticInit(java.lang.Object, int)'> (0x000000008899c358) 
thrown [s\open\src\hotspot\share\interpreter\linkResolver.cpp, line 759]
Event: 3.525 Thread 0x000001b9fd53b480 Exception <a 'java/lang/NoSuchMethodError'{0x0000000088826b18}: 'void java.lang.invoke.DirectMethodHandle$Holder.invokeStatic(java.lang.Object, java.lang.Object)'> (0x0000000088826b18) 
thrown [s\open\src\hotspot\share\interpreter\linkResolver.cpp, line 759]
Event: 3.622 Thread 0x000001b9fd53b480 Exception <a 'java/lang/NoSuchMethodError'{0x0000000088760dc8}: 'long java.lang.invoke.DirectMethodHandle$Holder.invokeStatic(java.lang.Object)'> (0x0000000088760dc8) 
thrown [s\open\src\hotspot\share\interpreter\linkResolver.cpp, line 759]
Event: 3.622 Thread 0x000001b9fd53b480 Exception <a 'java/lang/NoSuchMethodError'{0x0000000088764520}: 'long java.lang.invoke.DirectMethodHandle$Holder.invokeStaticInit(java.lang.Object)'> (0x0000000088764520) 
thrown [s\open\src\hotspot\share\interpreter\linkResolver.cpp, line 759]
Event: 3.854 Thread 0x000001b9fd53b480 Exception <a 'java/lang/NoSuchMethodError'{0x000000008a75fc70}: 'int java.lang.invoke.DirectMethodHandle$Holder.invokeStaticInit(java.lang.Object, java.lang.Object, java.lang.Object)'> (0x000000008a75fc70) 
thrown [s\open\src\hotspot\share\interpreter\linkResolver.cpp, line 759]
Event: 3.863 Thread 0x000001b9fd53b480 Exception <a 'java/lang/NoSuchMethodError'{0x000000008a788848}: 'int java.lang.invoke.DirectMethodHandle$Holder.invokeStaticInit(java.lang.Object, java.lang.Object)'> (0x000000008a788848) 
thrown [s\open\src\hotspot\share\interpreter\linkResolver.cpp, line 759]
Event: 3.938 Thread 0x000001b9fd53b480 Exception <a 'java/lang/NoSuchMethodError'{0x000000008a664680}: 'void java.lang.invoke.DirectMethodHandle$Holder.invokeSpecial(java.lang.Object, java.lang.Object, java.lang.Object)'> (0x000000008a664680) 
thrown [s\open\src\hotspot\share\interpreter\linkResolver.cpp, line 759]
Event: 4.666 Thread 0x000001b9fd53b480 Exception <a 'java/lang/NoSuchMethodError'{0x0000000089b45fc8}: 'void java.lang.invoke.DirectMethodHandle$Holder.invokeStatic(java.lang.Object, java.lang.Object, java.lang.Object, java.lang.Object)'> (0x0000000089b45fc8) 
thrown [s\open\src\hotspot\share\interpreter\linkResolver.cpp, line 759]
Event: 4.876 Thread 0x000001b9fd53b480 Exception <a 'java/lang/NoSuchMethodError'{0x0000000089759650}: 'void java.lang.invoke.DirectMethodHandle$Holder.invokeStaticInit(java.lang.Object, java.lang.Object)'> (0x0000000089759650) 
thrown [s\open\src\hotspot\share\interpreter\linkResolver.cpp, line 759]
Event: 5.145 Thread 0x000001b9fd53b480 Exception <a 'java/lang/NoSuchMethodError'{0x0000000089380718}: 'void java.lang.invoke.DirectMethodHandle$Holder.invokeVirtual(java.lang.Object, java.lang.Object)'> (0x0000000089380718) 
thrown [s\open\src\hotspot\share\interpreter\linkResolver.cpp, line 759]
Event: 5.161 Thread 0x000001b9fd53b480 Exception <a 'java/lang/NoSuchMethodError'{0x000000008920a850}: 'int java.lang.invoke.DirectMethodHandle$Holder.invokeVirtual(java.lang.Object, java.lang.Object)'> (0x000000008920a850) 
thrown [s\open\src\hotspot\share\interpreter\linkResolver.cpp, line 759]
Event: 5.253 Thread 0x000001b9fd53b480 Exception <a 'java/lang/NoSuchMethodError'{0x00000000892b0668}: 'java.lang.Object java.lang.invoke.Invokers$Holder.invokeExact_MT(java.lang.Object, java.lang.Object, java.lang.Object, java.lang.Object, java.lang.Object, java.lang.Object)'> (0x00000000892b0668) 
thrown [s\open\src\hotspot\share\interpreter\linkResolver.cpp, line 759]
Event: 8.346 Thread 0x000001b9fd53b480 Exception <a 'java/lang/NoSuchMethodError'{0x00000000883d6f38}: 'java.lang.Object java.lang.invoke.DirectMethodHandle$Holder.invokeVirtual(java.lang.Object, java.lang.Object, java.lang.Object)'> (0x00000000883d6f38) 
thrown [s\open\src\hotspot\share\interpreter\linkResolver.cpp, line 759]
Event: 10.644 Thread 0x000001b9fd53b480 Exception <a 'java/lang/NoSuchMethodError'{0x000000008a3c03f8}: 'java.lang.Object java.lang.invoke.DirectMethodHandle$Holder.newInvokeSpecial(java.lang.Object, java.lang.Object, int)'> (0x000000008a3c03f8) 
thrown [s\open\src\hotspot\share\interpreter\linkResolver.cpp, line 759]
Event: 10.917 Thread 0x000001b9fd53b480 Exception <a 'java/lang/NoSuchMethodError'{0x000000008a083c28}: 'java.lang.Object java.lang.invoke.DirectMethodHandle$Holder.newInvokeSpecial(java.lang.Object, java.lang.Object, java.lang.Object, int)'> (0x000000008a083c28) 
thrown [s\open\src\hotspot\share\interpreter\linkResolver.cpp, line 759]
Event: 10.918 Thread 0x000001b9fd53b480 Exception <a 'java/lang/NoSuchMethodError'{0x000000008a0882b0}: 'java.lang.Object java.lang.invoke.DirectMethodHandle$Holder.invokeSpecial(java.lang.Object, java.lang.Object, java.lang.Object, java.lang.Object, int)'> (0x000000008a0882b0) 
thrown [s\open\src\hotspot\share\interpreter\linkResolver.cpp, line 759]
Event: 10.918 Thread 0x000001b9fd53b480 Exception <a 'java/lang/NoSuchMethodError'{0x000000008a08c120}: 'java.lang.Object java.lang.invoke.Invokers$Holder.linkToTargetMethod(java.lang.Object, java.lang.Object, int, java.lang.Object)'> (0x000000008a08c120) 
thrown [s\open\src\hotspot\share\interpreter\linkResolver.cpp, line 759]
Event: 11.086 Thread 0x000001b9fd53b480 Implicit null exception at 0x000001b98f3b246c to 0x000001b98f3b2544

VM Operations (20 events):
Event: 7.666 Executing VM operation: G1Concurrent
Event: 7.668 Executing VM operation: G1Concurrent done
Event: 8.681 Executing VM operation: Cleanup
Event: 8.730 Executing VM operation: Cleanup done
Event: 9.301 Executing VM operation: HandshakeAllThreads
Event: 9.301 Executing VM operation: HandshakeAllThreads done
Event: 10.285 Executing VM operation: G1CollectForAllocation
Event: 10.418 Executing VM operation: G1CollectForAllocation done
Event: 10.472 Executing VM operation: G1CollectForAllocation
Event: 10.517 Executing VM operation: G1CollectForAllocation done
Event: 10.861 Executing VM operation: HandshakeAllThreads
Event: 10.862 Executing VM operation: HandshakeAllThreads done
Event: 10.913 Executing VM operation: HandshakeAllThreads
Event: 10.913 Executing VM operation: HandshakeAllThreads done
Event: 11.055 Executing VM operation: HandshakeAllThreads
Event: 11.055 Executing VM operation: HandshakeAllThreads done
Event: 11.163 Executing VM operation: HandshakeAllThreads
Event: 11.163 Executing VM operation: HandshakeAllThreads done
Event: 11.233 Executing VM operation: HandshakeAllThreads
Event: 11.233 Executing VM operation: HandshakeAllThreads done

Events (20 events):
Event: 9.297 loading class sun/reflect/generics/scope/MethodScope
Event: 9.297 loading class sun/reflect/generics/scope/MethodScope done
Event: 9.297 loading class sun/reflect/generics/repository/MethodRepository
Event: 9.297 loading class sun/reflect/generics/repository/MethodRepository done
Event: 10.565 loading class java/util/EmptyStackException
Event: 10.565 loading class java/util/EmptyStackException done
Event: 10.582 loading class java/util/BitSet
Event: 10.582 loading class java/util/BitSet done
Event: 10.585 loading class java/util/PrimitiveIterator$OfInt
Event: 10.585 loading class java/util/PrimitiveIterator
Event: 10.585 loading class java/util/PrimitiveIterator done
Event: 10.585 loading class java/util/PrimitiveIterator$OfInt done
Event: 10.643 loading class java/util/function/IntUnaryOperator
Event: 10.643 loading class java/util/function/IntUnaryOperator done
Event: 10.861 loading class java/util/ArrayList$ListItr
Event: 10.861 loading class java/util/ArrayList$ListItr done
Event: 11.054 loading class java/util/AbstractList$SubList$1
Event: 11.054 loading class java/util/AbstractList$SubList$1 done
Event: 11.054 loading class java/util/AbstractList$ListItr
Event: 11.054 loading class java/util/AbstractList$ListItr done


Dynamic libraries:
0x00007ff6cce50000 - 0x00007ff6cce60000 	C:\Program Files\Java\jdk-17\bin\java.exe
0x00007ffa84dd0000 - 0x00007ffa84fe7000 	C:\WINDOWS\SYSTEM32\ntdll.dll
0x00007ffa83970000 - 0x00007ffa83a34000 	C:\WINDOWS\System32\KERNEL32.DLL
0x00007ffa82420000 - 0x00007ffa827d7000 	C:\WINDOWS\System32\KERNELBASE.dll
0x00007ffa599f0000 - 0x00007ffa59a09000 	C:\Program Files\Java\jdk-17\bin\jli.dll
0x00007ffa83140000 - 0x00007ffa831f2000 	C:\WINDOWS\System32\ADVAPI32.dll
0x00007ffa599d0000 - 0x00007ffa599eb000 	C:\Program Files\Java\jdk-17\bin\VCRUNTIME140.dll
0x00007ffa83020000 - 0x00007ffa830c7000 	C:\WINDOWS\System32\msvcrt.dll
0x00007ffa82190000 - 0x00007ffa822a1000 	C:\WINDOWS\System32\ucrtbase.dll
0x00007ffa847b0000 - 0x00007ffa84858000 	C:\WINDOWS\System32\sechost.dll
0x00007ffa82160000 - 0x00007ffa82188000 	C:\WINDOWS\System32\bcrypt.dll
0x00007ffa83220000 - 0x00007ffa83334000 	C:\WINDOWS\System32\RPCRT4.dll
0x00007ffa84600000 - 0x00007ffa847af000 	C:\WINDOWS\System32\USER32.dll
0x00007ffa829b0000 - 0x00007ffa829d6000 	C:\WINDOWS\System32\win32u.dll
0x00007ffa84c10000 - 0x00007ffa84c39000 	C:\WINDOWS\System32\GDI32.dll
0x00007ffa829e0000 - 0x00007ffa82af8000 	C:\WINDOWS\System32\gdi32full.dll
0x00007ffa827e0000 - 0x00007ffa8287a000 	C:\WINDOWS\System32\msvcp_win.dll
0x00007ffa81400000 - 0x00007ffa81693000 	C:\WINDOWS\WinSxS\amd64_microsoft.windows.common-controls_6595b64144ccf1df_6.0.22621.3672_none_2713b9d173822955\COMCTL32.dll
0x00007ffa7e4e0000 - 0x00007ffa7e4ea000 	C:\WINDOWS\SYSTEM32\VERSION.dll
0x00007ffa83ba0000 - 0x00007ffa83bd1000 	C:\WINDOWS\System32\IMM32.DLL
0x00007ffa599c0000 - 0x00007ffa599cc000 	C:\Program Files\Java\jdk-17\bin\vcruntime140_1.dll
0x00007ffa59810000 - 0x00007ffa5989e000 	C:\Program Files\Java\jdk-17\bin\msvcp140.dll
0x00007ffa58c30000 - 0x00007ffa5980f000 	C:\Program Files\Java\jdk-17\bin\server\jvm.dll
0x00007ffa848e0000 - 0x00007ffa848e8000 	C:\WINDOWS\System32\PSAPI.DLL
0x00007ffa7a2c0000 - 0x00007ffa7a2f4000 	C:\WINDOWS\SYSTEM32\WINMM.dll
0x00007ffa599b0000 - 0x00007ffa599b9000 	C:\WINDOWS\SYSTEM32\WSOCK32.dll
0x00007ffa82b90000 - 0x00007ffa82c01000 	C:\WINDOWS\System32\WS2_32.dll
0x00007ffa80210000 - 0x00007ffa80228000 	C:\WINDOWS\SYSTEM32\kernel.appcore.dll
0x00007ffa59950000 - 0x00007ffa5995a000 	C:\Program Files\Java\jdk-17\bin\jimage.dll
0x00007ffa81950000 - 0x00007ffa81b82000 	C:\WINDOWS\SYSTEM32\DBGHELP.DLL
0x00007ffa82c70000 - 0x00007ffa82ffe000 	C:\WINDOWS\System32\combase.dll
0x00007ffa84b30000 - 0x00007ffa84c07000 	C:\WINDOWS\System32\OLEAUT32.dll
0x00007ffa81840000 - 0x00007ffa81872000 	C:\WINDOWS\SYSTEM32\dbgcore.DLL
0x00007ffa820e0000 - 0x00007ffa8215b000 	C:\WINDOWS\System32\bcryptPrimitives.dll
0x00007ffa58b30000 - 0x00007ffa58b55000 	C:\Program Files\Java\jdk-17\bin\java.dll
0x00007ffa589b0000 - 0x00007ffa58a87000 	C:\Program Files\Java\jdk-17\bin\jsvml.dll
0x00007ffa83be0000 - 0x00007ffa84449000 	C:\WINDOWS\System32\SHELL32.dll
0x00007ffa7f0e0000 - 0x00007ffa7f9df000 	C:\WINDOWS\SYSTEM32\windows.storage.dll
0x00007ffa7efa0000 - 0x00007ffa7f0df000 	C:\WINDOWS\SYSTEM32\wintypes.dll
0x00007ffa83340000 - 0x00007ffa83439000 	C:\WINDOWS\System32\SHCORE.dll
0x00007ffa848f0000 - 0x00007ffa8494e000 	C:\WINDOWS\System32\shlwapi.dll
0x00007ffa82010000 - 0x00007ffa82037000 	C:\WINDOWS\SYSTEM32\profapi.dll
0x00007ffa58590000 - 0x00007ffa585a9000 	C:\Program Files\Java\jdk-17\bin\net.dll
0x00007ffa7a600000 - 0x00007ffa7a736000 	C:\WINDOWS\SYSTEM32\WINHTTP.dll
0x00007ffa80730000 - 0x00007ffa80799000 	C:\WINDOWS\system32\mswsock.dll
0x00007ffa58570000 - 0x00007ffa58586000 	C:\Program Files\Java\jdk-17\bin\nio.dll
0x00007ffa58550000 - 0x00007ffa58568000 	C:\Program Files\Java\jdk-17\bin\zip.dll
0x00007ffa68650000 - 0x00007ffa68660000 	C:\Program Files\Java\jdk-17\bin\verify.dll

dbghelp: loaded successfully - version: 4.0.5 - missing functions: none
symbol engine: initialized successfully - sym options: 0x614 - pdb path: .;C:\Program Files\Java\jdk-17\bin;C:\WINDOWS\SYSTEM32;C:\WINDOWS\WinSxS\amd64_microsoft.windows.common-controls_6595b64144ccf1df_6.0.22621.3672_none_2713b9d173822955;C:\Program Files\Java\jdk-17\bin\server

VM Arguments:
java_command: org.jetbrains.kotlin.cli.jvm.K2JVMCompiler @D:\Atpar\ExpoPushNotifications2\node_modules\expo-device\android\build\20241017_2468876153464390577.compiler.options
java_class_path (initial): C:\Users\Sai Mahesh\.gradle\caches\modules-2\files-2.1\org.jetbrains.kotlin\kotlin-compiler-embeddable\1.8.0\eb9118d4bcceaa2a94b2ae2a33a4ddba7c9a947f\kotlin-compiler-embeddable-1.8.0.jar;C:\Users\Sai Mahesh\.gradle\caches\modules-2\files-2.1\org.jetbrains.kotlin\kotlin-stdlib\1.8.0\1796921c7a3e2e2665a83e6c8d33399336cd39bc\kotlin-stdlib-1.8.0.jar;C:\Users\Sai Mahesh\.gradle\caches\modules-2\files-2.1\org.jetbrains.kotlin\kotlin-script-runtime\1.8.0\b2f7e760d283cb339974851c222a4c1d48f2d3d\kotlin-script-runtime-1.8.0.jar;C:\Users\Sai Mahesh\.gradle\caches\modules-2\files-2.1\org.jetbrains.kotlin\kotlin-reflect\1.6.10\1cbe9c92c12a94eea200d23c2bbaedaf3daf5132\kotlin-reflect-1.6.10.jar;C:\Users\Sai Mahesh\.gradle\caches\modules-2\files-2.1\org.jetbrains.kotlin\kotlin-daemon-embeddable\1.8.0\d255216c551685dc3a7e852b53617f5f01aaaa5c\kotlin-daemon-embeddable-1.8.0.jar;C:\Users\Sai Mahesh\.gradle\caches\modules-2\files-2.1\org.jetbrains.intellij.deps\trove4j\1.0.20200330\3afb14d5f9ceb459d724e907a21145e8ff394f02\trove4j-1.0.20200330.jar;C:\Users\Sai Mahesh\.gradle\caches\modules-2\files-2.1\net.java.dev.jna\jna\5.6.0\330f2244e9030119ab3030fc3fededc86713d9cc\jna-5.6.0.jar;C:\Users\Sai Mahesh\.gradle\caches\modules-2\files-2.1\org.jetbrains.kotlin\kotlin-stdlib-common\1.8.0\f7197e7cc76453ac59f8b0f8d5137cc600becd36\kotlin-stdlib-common-1.8.0.jar;C:\Users\Sai Mahesh\.gradle\caches\modules-2\files-2.1\org.jetbrains\annotations\13.0\919f0dfe192fb4e063e7dacadee7f8bb9a2672a9\annotations-13.0.jar
Launcher Type: SUN_STANDARD

[Global flags]
     intx CICompilerCount                          = 4                                         {product} {ergonomic}
     uint ConcGCThreads                            = 2                                         {product} {ergonomic}
     uint G1ConcRefinementThreads                  = 8                                         {product} {ergonomic}
   size_t G1HeapRegionSize                         = 1048576                                   {product} {ergonomic}
    uintx GCDrainStackTargetSize                   = 64                                        {product} {ergonomic}
   size_t InitialHeapSize                          = 132120576                                 {product} {ergonomic}
   size_t MarkStackSize                            = 4194304                                   {product} {ergonomic}
   size_t MaxHeapSize                              = 2103443456                                {product} {ergonomic}
   size_t MaxNewSize                               = 1261436928                                {product} {ergonomic}
   size_t MinHeapDeltaBytes                        = 1048576                                   {product} {ergonomic}
   size_t MinHeapSize                              = 8388608                                   {product} {ergonomic}
    uintx NonNMethodCodeHeapSize                   = 5839372                                {pd product} {ergonomic}
    uintx NonProfiledCodeHeapSize                  = 122909434                              {pd product} {ergonomic}
    uintx ProfiledCodeHeapSize                     = 122909434                              {pd product} {ergonomic}
    uintx ReservedCodeCacheSize                    = 251658240                              {pd product} {ergonomic}
     bool SegmentedCodeCache                       = true                                      {product} {ergonomic}
   size_t SoftMaxHeapSize                          = 2103443456                             {manageable} {ergonomic}
     bool UseCompressedClassPointers               = true                           {product lp64_product} {ergonomic}
     bool UseCompressedOops                        = true                           {product lp64_product} {ergonomic}
     bool UseG1GC                                  = true                                      {product} {ergonomic}
     bool UseLargePagesIndividualAllocation        = false                                  {pd product} {ergonomic}

Logging:
Log output configuration:
 #0: stdout all=warning uptime,level,tags
 #1: stderr all=off uptime,level,tags

Environment Variables:
JAVA_HOME=C:\Program Files\Java\jdk-17
CLASSPATH=D:\Atpar\ExpoPushNotifications2\android\\gradle\wrapper\gradle-wrapper.jar
PATH=D:\Atpar\ExpoPushNotifications2\node_modules\.bin;D:\Atpar\ExpoPushNotifications2\node_modules\.bin;D:\Atpar\node_modules\.bin;D:\node_modules\.bin;C:\Users\Sai Mahesh\AppData\Roaming\npm\node_modules\npm\node_modules\@npmcli\run-script\lib\node-gyp-bin;C:\Program Files\PowerShell\7;C:\Program Files\Common Files\Oracle\Java\javapath;E:\Oracle\app\oracle\product\10.2.0\server\bin;C:\Windows\system32;C:\Windows;C:\Windows\System32\Wbem;C:\Windows\System32\WindowsPowerShell\v1.0\;C:\Windows\System32\OpenSSH\;C:\Program Files (x86)\NVIDIA Corporation\PhysX\Common;C:\Program Files\NVIDIA Corporation\NVIDIA NvDLISR;E:\bin;E:\git\cmd;C:\Users\Sai Mahesh\Scripts;Sai Mahesh;C:\WINDOWS\system32;C:\WINDOWS;C:\WINDOWS\System32\Wbem;C:\WINDOWS\System32\WindowsPowerShell\v1.0\;C:\WINDOWS\System32\OpenSSH\;C:\ProgramData\chocolatey\bin;C:\Users\Sai Mahesh\Lib\site-packages\sqlalchemy;C:\Program Files\Docker\Docker\resources\bin;C:\Program Files\Git\cmd;C:\Program Files\PuTTY\;C:\Users\Sai Mahesh\Downloads\apache-ant-1.10.14-bin\apache-ant-1.10.14\bin;C:\Users\Sai Mahesh\AppData\Roaming\nvm;C:\Program Files\nodejs;C:\Users\Sai Mahesh\AppData\Local\Android\Sdk\platform-tools;C:\Program Files\apache-maven-3.9.6\bin;C:\Program Files (x86)\Bitvise SSH Client;C:\Users\Sai Mahesh\apache-maven-3.9.6\bin;C:\Program Files\MySQL\MySQLServer8.1\bin;C:\Program Files\doxygen\bin;C:\Program Files\Java\jdk-17\bin;C:\Program Files\PowerShell\7\;C:\Program Files\Amazon\AWSCLIV2\;C:\Program Files\php-8.3.12-nts-Win32-vs16-x64;C:\Users\Sai Mahesh\AppData\Local\Microsoft\WindowsApps;C:\Users\Sai Mahesh\AppData\Local\Programs\Microsoft VS Code\bin;C:\Program Files\JetBrains\IntelliJ IDEA Community Edition 2023.2\bin;;C:\Users\Sai Mahesh;C:\Users\Sai Mahesh\Scripts;C:\Users\Sai Mahesh\AppData\Roaming\Microsoft\Windows\Start Menu\Programs\Python 3.10;C:\Users\Sai Mahesh\AppData\Roaming\npm;C:\Program Files\JetBrains\IntelliJ IDEA 2024.1\bin;;C:\Users\Sai Mahesh\AppData\Roaming\nvm;C:\Program Files\node
USERNAME=Sai Mahesh
LANG=en_US.UTF-8
OS=Windows_NT
PROCESSOR_IDENTIFIER=Intel64 Family 6 Model 165 Stepping 2, GenuineIntel



---------------  S Y S T E M  ---------------

OS:
 Windows 11 , 64 bit Build 22621 (10.0.22621.3958)
OS uptime: 7 days 4:09 hours
Hyper-V role detected

CPU: total 8 (initial active 8) (4 cores per cpu, 2 threads per core) family 6 model 165 stepping 2 microcode 0xea, cx8, cmov, fxsr, ht, mmx, 3dnowpref, sse, sse2, sse3, ssse3, sse4.1, sse4.2, popcnt, lzcnt, tsc, tscinvbit, avx, avx2, aes, erms, clmul, bmi1, bmi2, adx, fma, vzeroupper, clflush, clflushopt, hv

Memory: 4k page, system-wide physical 8023M (96M free)
TotalPageFile size 32599M (AvailPageFile size 4M)
current process WorkingSet (physical memory assigned to process): 225M, peak: 226M
current process commit charge ("private bytes"): 288M, peak: 290M

vm_info: Java HotSpot(TM) 64-Bit Server VM (17.0.10+11-LTS-240) for windows-amd64 JRE (17.0.10+11-LTS-240), built on Dec 19 2023 21:47:25 by "mach5one" with MS VC++ 17.1 (VS2022)

END.
